This is pdfTeX, Version 3.14159265-2.6-1.40.18 (TeX Live 2017) (preloaded format=pdflatex 2017.9.22)  3 OCT 2017 16:30
entering extended mode
 restricted \write18 enabled.
 %&-line parsing enabled.
**Outline.cjk
(./Outline.cjk
LaTeX2e <2017-04-15>
Babel <3.13> and hyphenation patterns for 84 language(s) loaded.
(/usr/local/texlive/2017/texmf-dist/tex/latex/base/article.cls
Document Class: article 2014/09/29 v1.4h Standard LaTeX document class
(/usr/local/texlive/2017/texmf-dist/tex/latex/base/size10.clo
File: size10.clo 2014/09/29 v1.4h Standard LaTeX file (size option)
)
\c@part=\count79
\c@section=\count80
\c@subsection=\count81
\c@subsubsection=\count82
\c@paragraph=\count83
\c@subparagraph=\count84
\c@figure=\count85
\c@table=\count86
\abovecaptionskip=\skip41
\belowcaptionskip=\skip42
\bibindent=\dimen102
)
(/usr/local/texlive/2017/texmf-dist/tex/latex/graphics/graphicx.sty
Package: graphicx 2017/06/01 v1.1a Enhanced LaTeX Graphics (DPC,SPQR)

(/usr/local/texlive/2017/texmf-dist/tex/latex/graphics/keyval.sty
Package: keyval 2014/10/28 v1.15 key=value parser (DPC)
\KV@toks@=\toks14
)
(/usr/local/texlive/2017/texmf-dist/tex/latex/graphics/graphics.sty
Package: graphics 2017/06/25 v1.2c Standard LaTeX Graphics (DPC,SPQR)

(/usr/local/texlive/2017/texmf-dist/tex/latex/graphics/trig.sty
Package: trig 2016/01/03 v1.10 sin cos tan (DPC)
)
(/usr/local/texlive/2017/texmf-dist/tex/latex/graphics-cfg/graphics.cfg
File: graphics.cfg 2016/06/04 v1.11 sample graphics configuration
)
Package graphics Info: Driver file: pdftex.def on input line 99.

(/usr/local/texlive/2017/texmf-dist/tex/latex/graphics-def/pdftex.def
File: pdftex.def 2017/06/24 v1.0g Graphics/color driver for pdftex
))
\Gin@req@height=\dimen103
\Gin@req@width=\dimen104
)
(/usr/local/texlive/2017/texmf-dist/tex/latex/wrapfig/wrapfig.sty
\wrapoverhang=\dimen105
\WF@size=\dimen106
\c@WF@wrappedlines=\count87
\WF@box=\box26
\WF@everypar=\toks15
Package: wrapfig 2003/01/31  v 3.6
)
(/usr/local/texlive/2017/texmf-dist/tex/latex/caption/subcaption.sty
Package: subcaption 2016/05/22 v1.1-161 Sub-captions (AR)

(/usr/local/texlive/2017/texmf-dist/tex/latex/caption/caption.sty
Package: caption 2016/02/21 v3.3-144 Customizing captions (AR)

(/usr/local/texlive/2017/texmf-dist/tex/latex/caption/caption3.sty
Package: caption3 2016/05/22 v1.7-166 caption3 kernel (AR)
Package caption3 Info: TeX engine: e-TeX on input line 67.
\captionmargin=\dimen107
\captionmargin@=\dimen108
\captionwidth=\dimen109
\caption@tempdima=\dimen110
\caption@indent=\dimen111
\caption@parindent=\dimen112
\caption@hangindent=\dimen113
)
\c@ContinuedFloat=\count88
Package caption Info: wrapfig package is loaded.
)
\c@subfigure=\count89
\c@subtable=\count90
)
(/usr/local/texlive/2017/texmf-dist/tex/latex/geometry/geometry.sty
Package: geometry 2010/09/12 v5.6 Page Geometry

(/usr/local/texlive/2017/texmf-dist/tex/generic/oberdiek/ifpdf.sty
Package: ifpdf 2017/03/15 v3.2 Provides the ifpdf switch
)
(/usr/local/texlive/2017/texmf-dist/tex/generic/oberdiek/ifvtex.sty
Package: ifvtex 2016/05/16 v1.6 Detect VTeX and its facilities (HO)
Package ifvtex Info: VTeX not detected.
)
(/usr/local/texlive/2017/texmf-dist/tex/generic/ifxetex/ifxetex.sty
Package: ifxetex 2010/09/12 v0.6 Provides ifxetex conditional
)
\Gm@cnth=\count91
\Gm@cntv=\count92
\c@Gm@tempcnt=\count93
\Gm@bindingoffset=\dimen114
\Gm@wd@mp=\dimen115
\Gm@odd@mp=\dimen116
\Gm@even@mp=\dimen117
\Gm@layoutwidth=\dimen118
\Gm@layoutheight=\dimen119
\Gm@layouthoffset=\dimen120
\Gm@layoutvoffset=\dimen121
\Gm@dimlist=\toks16
)
(/usr/local/texlive/2017/texmf-dist/tex/latex/amsmath/amsmath.sty
Package: amsmath 2017/09/02 v2.17a AMS math features
\@mathmargin=\skip43

For additional information on amsmath, use the `?' option.
(/usr/local/texlive/2017/texmf-dist/tex/latex/amsmath/amstext.sty
Package: amstext 2000/06/29 v2.01 AMS text

(/usr/local/texlive/2017/texmf-dist/tex/latex/amsmath/amsgen.sty
File: amsgen.sty 1999/11/30 v2.0 generic functions
\@emptytoks=\toks17
\ex@=\dimen122
))
(/usr/local/texlive/2017/texmf-dist/tex/latex/amsmath/amsbsy.sty
Package: amsbsy 1999/11/29 v1.2d Bold Symbols
\pmbraise@=\dimen123
)
(/usr/local/texlive/2017/texmf-dist/tex/latex/amsmath/amsopn.sty
Package: amsopn 2016/03/08 v2.02 operator names
)
\inf@bad=\count94
LaTeX Info: Redefining \frac on input line 213.
\uproot@=\count95
\leftroot@=\count96
LaTeX Info: Redefining \overline on input line 375.
\classnum@=\count97
\DOTSCASE@=\count98
LaTeX Info: Redefining \ldots on input line 472.
LaTeX Info: Redefining \dots on input line 475.
LaTeX Info: Redefining \cdots on input line 596.
\Mathstrutbox@=\box27
\strutbox@=\box28
\big@size=\dimen124
LaTeX Font Info:    Redeclaring font encoding OML on input line 712.
LaTeX Font Info:    Redeclaring font encoding OMS on input line 713.
\macc@depth=\count99
\c@MaxMatrixCols=\count100
\dotsspace@=\muskip10
\c@parentequation=\count101
\dspbrk@lvl=\count102
\tag@help=\toks18
\row@=\count103
\column@=\count104
\maxfields@=\count105
\andhelp@=\toks19
\eqnshift@=\dimen125
\alignsep@=\dimen126
\tagshift@=\dimen127
\tagwidth@=\dimen128
\totwidth@=\dimen129
\lineht@=\dimen130
\@envbody=\toks20
\multlinegap=\skip44
\multlinetaggap=\skip45
\mathdisplay@stack=\toks21
LaTeX Info: Redefining \[ on input line 2817.
LaTeX Info: Redefining \] on input line 2818.
)
(/usr/local/texlive/2017/texmf-dist/tex/latex/siunitx/siunitx.sty
(/usr/local/texlive/2017/texmf-dist/tex/latex/l3kernel/expl3.sty
Package: expl3 2017/09/18 L3 programming layer (loader) 

(/usr/local/texlive/2017/texmf-dist/tex/latex/l3kernel/expl3-code.tex
Package: expl3 2017/09/18 L3 programming layer (code)
\c_max_int=\count106
\l_tmpa_int=\count107
\l_tmpb_int=\count108
\g_tmpa_int=\count109
\g_tmpb_int=\count110
\g__intarray_font_int=\count111
\g__prg_map_int=\count112
\c_log_iow=\count113
\l_iow_line_count_int=\count114
\l__iow_line_target_int=\count115
\l__iow_one_indent_int=\count116
\l__iow_indent_int=\count117
\c_zero_dim=\dimen131
\c_max_dim=\dimen132
\l_tmpa_dim=\dimen133
\l_tmpb_dim=\dimen134
\g_tmpa_dim=\dimen135
\g_tmpb_dim=\dimen136
\c_zero_skip=\skip46
\c_max_skip=\skip47
\l_tmpa_skip=\skip48
\l_tmpb_skip=\skip49
\g_tmpa_skip=\skip50
\g_tmpb_skip=\skip51
\c_zero_muskip=\muskip11
\c_max_muskip=\muskip12
\l_tmpa_muskip=\muskip13
\l_tmpb_muskip=\muskip14
\g_tmpa_muskip=\muskip15
\g_tmpb_muskip=\muskip16
\l_keys_choice_int=\count118
\c__fp_leading_shift_int=\count119
\c__fp_middle_shift_int=\count120
\c__fp_trailing_shift_int=\count121
\c__fp_big_leading_shift_int=\count122
\c__fp_big_middle_shift_int=\count123
\c__fp_big_trailing_shift_int=\count124
\c__fp_Bigg_leading_shift_int=\count125
\c__fp_Bigg_middle_shift_int=\count126
\c__fp_Bigg_trailing_shift_int=\count127
\c__fp_rand_size_int=\count128
\c__fp_rand_four_int=\count129
\c__fp_rand_eight_int=\count130
\l__sort_length_int=\count131
\l__sort_min_int=\count132
\l__sort_top_int=\count133
\l__sort_max_int=\count134
\l__sort_true_max_int=\count135
\l__sort_block_int=\count136
\l__sort_begin_int=\count137
\l__sort_end_int=\count138
\l__sort_A_int=\count139
\l__sort_B_int=\count140
\l__sort_C_int=\count141
\l__tl_build_start_index_int=\count142
\l__tl_build_index_int=\count143
\l__tl_analysis_normal_int=\count144
\l__tl_analysis_index_int=\count145
\l__tl_analysis_nesting_int=\count146
\l__tl_analysis_type_int=\count147
\l__regex_internal_a_int=\count148
\l__regex_internal_b_int=\count149
\l__regex_internal_c_int=\count150
\l__regex_balance_int=\count151
\l__regex_group_level_int=\count152
\l__regex_mode_int=\count153
\c__regex_cs_in_class_mode_int=\count154
\c__regex_cs_mode_int=\count155
\l__regex_catcodes_int=\count156
\l__regex_default_catcodes_int=\count157
\c__regex_catcode_D_int=\count158
\c__regex_catcode_S_int=\count159
\c__regex_catcode_L_int=\count160
\c__regex_catcode_O_int=\count161
\c__regex_catcode_A_int=\count162
\c__regex_all_catcodes_int=\count163
\l__regex_show_lines_int=\count164
\l__regex_min_state_int=\count165
\l__regex_max_state_int=\count166
\l__regex_left_state_int=\count167
\l__regex_right_state_int=\count168
\l__regex_capturing_group_int=\count169
\l__regex_min_pos_int=\count170
\l__regex_max_pos_int=\count171
\l__regex_curr_pos_int=\count172
\l__regex_start_pos_int=\count173
\l__regex_success_pos_int=\count174
\l__regex_curr_char_int=\count175
\l__regex_curr_catcode_int=\count176
\l__regex_last_char_int=\count177
\l__regex_case_changed_char_int=\count178
\l__regex_curr_state_int=\count179
\l__regex_step_int=\count180
\l__regex_min_active_int=\count181
\l__regex_max_active_int=\count182
\l__regex_replacement_csnames_int=\count183
\l__regex_match_count_int=\count184
\l__regex_min_submatch_int=\count185
\l__regex_submatch_int=\count186
\l__regex_zeroth_submatch_int=\count187
\g__debug_trace_regex_int=\count188
\c_empty_box=\box29
\l_tmpa_box=\box30
\l_tmpb_box=\box31
\g_tmpa_box=\box32
\g_tmpb_box=\box33
\l__box_top_dim=\dimen137
\l__box_bottom_dim=\dimen138
\l__box_left_dim=\dimen139
\l__box_right_dim=\dimen140
\l__box_top_new_dim=\dimen141
\l__box_bottom_new_dim=\dimen142
\l__box_left_new_dim=\dimen143
\l__box_right_new_dim=\dimen144
\l__box_internal_box=\box34
\l__coffin_internal_box=\box35
\l__coffin_internal_dim=\dimen145
\l__coffin_offset_x_dim=\dimen146
\l__coffin_offset_y_dim=\dimen147
\l__coffin_x_dim=\dimen148
\l__coffin_y_dim=\dimen149
\l__coffin_x_prime_dim=\dimen150
\l__coffin_y_prime_dim=\dimen151
\c_empty_coffin=\box36
\l__coffin_aligned_coffin=\box37
\l__coffin_aligned_internal_coffin=\box38
\l_tmpa_coffin=\box39
\l_tmpb_coffin=\box40
\l__coffin_display_coffin=\box41
\l__coffin_display_coord_coffin=\box42
\l__coffin_display_pole_coffin=\box43
\l__coffin_display_offset_dim=\dimen152
\l__coffin_display_x_dim=\dimen153
\l__coffin_display_y_dim=\dimen154
\l__coffin_bounding_shift_dim=\dimen155
\l__coffin_left_corner_dim=\dimen156
\l__coffin_right_corner_dim=\dimen157
\l__coffin_bottom_corner_dim=\dimen158
\l__coffin_top_corner_dim=\dimen159
\l__coffin_scaled_total_height_dim=\dimen160
\l__coffin_scaled_width_dim=\dimen161
)
(/usr/local/texlive/2017/texmf-dist/tex/latex/l3kernel/l3pdfmode.def
File: l3pdfmode.def 2017/03/18 v L3 Experimental driver: PDF mode
\l__driver_color_stack_int=\count189
\l__driver_tmp_box=\box44
))
(/usr/local/texlive/2017/texmf-dist/tex/latex/l3packages/xparse/xparse.sty
Package: xparse 2017/09/18 L3 Experimental document command parser
\l__xparse_current_arg_int=\count190
\g__xparse_grabber_int=\count191
\l__xparse_m_args_int=\count192
\l__xparse_mandatory_args_int=\count193
\l__xparse_v_nesting_int=\count194
)
Package: siunitx 2017/08/02 v2.7j A comprehensive (SI) units package

(/usr/local/texlive/2017/texmf-dist/tex/latex/tools/array.sty
Package: array 2016/10/06 v2.4d Tabular extension package (FMi)
\col@sep=\dimen162
\extrarowheight=\dimen163
\NC@list=\toks22
\extratabsurround=\skip52
\backup@length=\skip53
)
(/usr/local/texlive/2017/texmf-dist/tex/latex/l3packages/l3keys2e/l3keys2e.sty
Package: l3keys2e 2017/09/18 LaTeX2e option processing using LaTeX3 keys
)
\l__siunitx_tmp_box=\box45
\l__siunitx_tmp_dim=\dimen164
\l__siunitx_tmp_int=\count195
\l__siunitx_number_mantissa_length_int=\count196
\l__siunitx_number_uncert_length_int=\count197
\l__siunitx_round_int=\count198
\l__siunitx_process_decimal_int=\count199
\l__siunitx_process_uncertainty_int=\count266
\l__siunitx_process_fixed_int=\count267
\l__siunitx_process_integer_min_int=\count268
\l__siunitx_process_precision_int=\count269
\l__siunitx_group_min_int=\count270
\l__siunitx_angle_marker_box=\box46
\l__siunitx_angle_unit_box=\box47
\l__siunitx_angle_marker_dim=\dimen165
\l__siunitx_angle_unit_dim=\dimen166
\l__siunitx_unit_int=\count271
\l__siunitx_unit_denominator_int=\count272
\l__siunitx_unit_numerator_int=\count273
\l__siunitx_unit_prefix_int=\count274
\l__siunitx_unit_prefix_base_int=\count275
\l__siunitx_unit_prefix_gram_int=\count276
\l__siunitx_number_product_int=\count277
\c__siunitx_one_fill_skip=\skip54
\l__siunitx_table_unit_align_skip=\skip55
\l__siunitx_table_exponent_dim=\dimen167
\l__siunitx_table_integer_dim=\dimen168
\l__siunitx_table_mantissa_dim=\dimen169
\l__siunitx_table_marker_dim=\dimen170
\l__siunitx_table_result_dim=\dimen171
\l__siunitx_table_uncert_dim=\dimen172
\l__siunitx_table_fill_pre_dim=\dimen173
\l__siunitx_table_fill_post_dim=\dimen174
\l__siunitx_table_fill_mid_dim=\dimen175
\l__siunitx_table_pre_box=\box48
\l__siunitx_table_post_box=\box49
\l__siunitx_table_mantissa_box=\box50
\l__siunitx_table_result_box=\box51
\l__siunitx_table_number_align_skip=\skip56
\l__siunitx_table_text_align_skip=\skip57
.................................................
. LaTeX info: "xparse/define-command"
. 
. Defining command \DeclareBinaryPrefix with sig. 'mmm' on line 7247.
.................................................
.................................................
. LaTeX info: "xparse/define-command"
. 
. Defining command \DeclareSIPostPower with sig. 'mm' on line 7250.
.................................................
.................................................
. LaTeX info: "xparse/define-command"
. 
. Defining command \DeclareSIPrefix with sig. 'mmm' on line 7253.
.................................................
.................................................
. LaTeX info: "xparse/define-command"
. 
. Defining command \DeclareSIPrePower with sig. 'mm' on line 7256.
.................................................
.................................................
. LaTeX info: "xparse/define-command"
. 
. Defining command \DeclareSIQualifier with sig. 'mm' on line 7259.
.................................................
.................................................
. LaTeX info: "xparse/define-command"
. 
. Defining command \DeclareSIUnit with sig. 'O{}mm' on line 7262.
.................................................
.................................................
. LaTeX info: "xparse/define-command"
. 
. Defining command \DeclareSIUnitWithOptions with sig. 'mmm' on line 7265.
.................................................
.................................................
. LaTeX info: "xparse/define-command"
. 
. Defining command \ang with sig. 'o>{\SplitArgument {2}{;}}m' on line 7280.
.................................................
.................................................
. LaTeX info: "xparse/define-command"
. 
. Defining command \num with sig. 'om' on line 7289.
.................................................
.................................................
. LaTeX info: "xparse/define-command"
. 
. Defining command \numlist with sig. 'o>{\SplitList {;}}m' on line 7298.
.................................................
.................................................
. LaTeX info: "xparse/define-command"
. 
. Defining command \numrange with sig. 'omm' on line 7307.
.................................................
.................................................
. LaTeX info: "xparse/define-command"
. 
. Defining command \SIlist with sig. 'o>{\SplitList {;}}mm' on line 7319.
.................................................
.................................................
. LaTeX info: "xparse/define-command"
. 
. Defining command \SIrange with sig. 'ommm' on line 7331.
.................................................
.................................................
. LaTeX info: "xparse/define-command"
. 
. Defining command \SI with sig. 'omom' on line 7343.
.................................................
.................................................
. LaTeX info: "xparse/define-command"
. 
. Defining command \sisetup with sig. 'm' on line 7346.
.................................................
.................................................
. LaTeX info: "xparse/define-command"
. 
. Defining command \tablenum with sig. 'om' on line 7361.
.................................................
.................................................
. LaTeX info: "xparse/define-command"
. 
. Defining command \si with sig. 'om' on line 7373.
.................................................
.................................................
. LaTeX info: "xparse/define-command"
. 
. Defining command \numInBookmark with sig. 'om' on line 7420.
.................................................
.................................................
. LaTeX info: "xparse/define-command"
. 
. Defining command \numrangeInBookmark with sig. 'omm' on line 7422.
.................................................
.................................................
. LaTeX info: "xparse/define-command"
. 
. Defining command \SIInBookmark with sig. 'omom' on line 7424.
.................................................
.................................................
. LaTeX info: "xparse/define-command"
. 
. Defining command \SIlistInBookmark with sig. 'omm' on line 7426.
.................................................
.................................................
. LaTeX info: "xparse/define-command"
. 
. Defining command \SIrangeInBookmark with sig. 'ommm' on line 7428.
.................................................
.................................................
. LaTeX info: "xparse/define-command"
. 
. Defining command \siInBookmark with sig. 'om' on line 7429.
.................................................
\g__file_internal_ior=\read1
(/usr/local/texlive/2017/texmf-dist/tex/latex/beamer/translator/translator.sty
Package: translator 2010/06/12 ver 1.10

(/usr/local/texlive/2017/texmf-dist/tex/latex/beamer/translator/translator-lang
uage-mappings.tex)))
(/usr/local/texlive/2017/texmf-dist/tex/latex/booktabs/booktabs.sty
Package: booktabs 2016/04/27 v1.618033 publication quality tables
\heavyrulewidth=\dimen176
\lightrulewidth=\dimen177
\cmidrulewidth=\dimen178
\belowrulesep=\dimen179
\belowbottomsep=\dimen180
\aboverulesep=\dimen181
\abovetopsep=\dimen182
\cmidrulesep=\dimen183
\cmidrulekern=\dimen184
\defaultaddspace=\dimen185
\@cmidla=\count278
\@cmidlb=\count279
\@aboverulesep=\dimen186
\@belowrulesep=\dimen187
\@thisruleclass=\count280
\@lastruleclass=\count281
\@thisrulewidth=\dimen188
)
(/usr/local/texlive/2017/texmf-dist/tex/latex/adjustbox/adjustbox.sty
Package: adjustbox 2012/05/21 v1.0 Adjusting TeX boxes (trim, clip, ...)

(/usr/local/texlive/2017/texmf-dist/tex/latex/xkeyval/xkeyval.sty
Package: xkeyval 2014/12/03 v2.7a package option processing (HA)

(/usr/local/texlive/2017/texmf-dist/tex/generic/xkeyval/xkeyval.tex
(/usr/local/texlive/2017/texmf-dist/tex/generic/xkeyval/xkvutils.tex
\XKV@toks=\toks23
\XKV@tempa@toks=\toks24
)
\XKV@depth=\count282
File: xkeyval.tex 2014/12/03 v2.7a key=value parser (HA)
))
(/usr/local/texlive/2017/texmf-dist/tex/latex/adjustbox/adjcalc.sty
Package: adjcalc 2012/05/16 v1.1 Provides advanced setlength with multiple back
-ends (calc, etex, pgfmath)
)
(/usr/local/texlive/2017/texmf-dist/tex/latex/adjustbox/trimclip.sty
Package: trimclip 2012/05/16 v1.0 Trim and clip general TeX material

(/usr/local/texlive/2017/texmf-dist/tex/latex/collectbox/collectbox.sty
Package: collectbox 2012/05/17 v0.4b Collect macro arguments as boxes
\collectedbox=\box52
)
\tc@llx=\dimen189
\tc@lly=\dimen190
\tc@urx=\dimen191
\tc@ury=\dimen192
Package trimclip Info: Using driver 'tc-pdftex.def'.

(/usr/local/texlive/2017/texmf-dist/tex/latex/adjustbox/tc-pdftex.def
File: tc-pdftex.def 2012/05/13 v1.0 Clipping driver for pdftex
))
\adjbox@Width=\dimen193
\adjbox@Height=\dimen194
\adjbox@Depth=\dimen195
\adjbox@Totalheight=\dimen196

(/usr/local/texlive/2017/texmf-dist/tex/latex/ifoddpage/ifoddpage.sty
Package: ifoddpage 2016/04/23 v1.1 Conditionals for odd/even page detection
\c@checkoddpage=\count283
)
(/usr/local/texlive/2017/texmf-dist/tex/latex/varwidth/varwidth.sty
Package: varwidth 2009/03/30 ver 0.92;  Variable-width minipages
\@vwid@box=\box53
\sift@deathcycles=\count284
\@vwid@loff=\dimen197
\@vwid@roff=\dimen198
))
(/usr/local/texlive/2017/texmf-dist/tex/latex/cleveref/cleveref.sty
Package: cleveref 2013/12/28 v0.19 Intelligent cross-referencing
)
(/usr/local/texlive/2017/texmf-dist/tex/latex/was/gensymb.sty
Package: gensymb 2003/07/02 v1.0 (WaS)
)
(/usr/local/texlive/2017/texmf-dist/tex/latex/float/float.sty
Package: float 2001/11/08 v1.3d Float enhancements (AL)
\c@float@type=\count285
\float@exts=\toks25
\float@box=\box54
\@float@everytoks=\toks26
\@floatcapt=\box55
) (./Outline.aux

LaTeX Warning: Label `fig:rz_layered' multiply defined.


LaTeX Warning: Label `fig:rz_layered@cref' multiply defined.


LaTeX Warning: Label `sub@fig:rz_layered' multiply defined.


LaTeX Warning: Label `sub@fig:rz_layered@cref' multiply defined.

)
\openout1 = `Outline.aux'.

LaTeX Font Info:    Checking defaults for OML/cmm/m/it on input line 17.
LaTeX Font Info:    ... okay on input line 17.
LaTeX Font Info:    Checking defaults for T1/cmr/m/n on input line 17.
LaTeX Font Info:    ... okay on input line 17.
LaTeX Font Info:    Checking defaults for OT1/cmr/m/n on input line 17.
LaTeX Font Info:    ... okay on input line 17.
LaTeX Font Info:    Checking defaults for OMS/cmsy/m/n on input line 17.
LaTeX Font Info:    ... okay on input line 17.
LaTeX Font Info:    Checking defaults for OMX/cmex/m/n on input line 17.
LaTeX Font Info:    ... okay on input line 17.
LaTeX Font Info:    Checking defaults for U/cmr/m/n on input line 17.
LaTeX Font Info:    ... okay on input line 17.
 (/usr/local/texlive/2017/texmf-dist/tex/context/base/mkii/supp-pdf.mkii
[Loading MPS to PDF converter (version 2006.09.02).]
\scratchcounter=\count286
\scratchdimen=\dimen199
\scratchbox=\box56
\nofMPsegments=\count287
\nofMParguments=\count288
\everyMPshowfont=\toks27
\MPscratchCnt=\count289
\MPscratchDim=\dimen256
\MPnumerator=\count290
\makeMPintoPDFobject=\count291
\everyMPtoPDFconversion=\toks28
) (/usr/local/texlive/2017/texmf-dist/tex/latex/oberdiek/epstopdf-base.sty
Package: epstopdf-base 2016/05/15 v2.6 Base part for package epstopdf

(/usr/local/texlive/2017/texmf-dist/tex/generic/oberdiek/infwarerr.sty
Package: infwarerr 2016/05/16 v1.4 Providing info/warning/error messages (HO)
)
(/usr/local/texlive/2017/texmf-dist/tex/latex/oberdiek/grfext.sty
Package: grfext 2016/05/16 v1.2 Manage graphics extensions (HO)

(/usr/local/texlive/2017/texmf-dist/tex/generic/oberdiek/kvdefinekeys.sty
Package: kvdefinekeys 2016/05/16 v1.4 Define keys (HO)

(/usr/local/texlive/2017/texmf-dist/tex/generic/oberdiek/ltxcmds.sty
Package: ltxcmds 2016/05/16 v1.23 LaTeX kernel commands for general use (HO)
)))
(/usr/local/texlive/2017/texmf-dist/tex/latex/oberdiek/kvoptions.sty
Package: kvoptions 2016/05/16 v3.12 Key value format for package options (HO)

(/usr/local/texlive/2017/texmf-dist/tex/generic/oberdiek/kvsetkeys.sty
Package: kvsetkeys 2016/05/16 v1.17 Key value parser (HO)

(/usr/local/texlive/2017/texmf-dist/tex/generic/oberdiek/etexcmds.sty
Package: etexcmds 2016/05/16 v1.6 Avoid name clashes with e-TeX commands (HO)

(/usr/local/texlive/2017/texmf-dist/tex/generic/oberdiek/ifluatex.sty
Package: ifluatex 2016/05/16 v1.4 Provides the ifluatex switch (HO)
Package ifluatex Info: LuaTeX not detected.
)
Package etexcmds Info: Could not find \expanded.
(etexcmds)             That can mean that you are not using pdfTeX 1.50 or
(etexcmds)             that some package has redefined \expanded.
(etexcmds)             In the latter case, load this package earlier.
)))
(/usr/local/texlive/2017/texmf-dist/tex/generic/oberdiek/pdftexcmds.sty
Package: pdftexcmds 2017/03/19 v0.25 Utility functions of pdfTeX for LuaTeX (HO
)
Package pdftexcmds Info: LuaTeX not detected.
Package pdftexcmds Info: \pdf@primitive is available.
Package pdftexcmds Info: \pdf@ifprimitive is available.
Package pdftexcmds Info: \pdfdraftmode found.
)
Package epstopdf-base Info: Redefining graphics rule for `.eps' on input line 4
38.
Package grfext Info: Graphics extension search list:
(grfext)             [.pdf,.png,.jpg,.mps,.jpeg,.jbig2,.jb2,.PDF,.PNG,.JPG,.JPE
G,.JBIG2,.JB2,.eps]
(grfext)             \AppendGraphicsExtensions on input line 456.

(/usr/local/texlive/2017/texmf-dist/tex/latex/latexconfig/epstopdf-sys.cfg
File: epstopdf-sys.cfg 2010/07/13 v1.3 Configuration of (r)epstopdf for TeX Liv
e
))
Package caption Info: Begin \AtBeginDocument code.
Package caption Info: float package is loaded.
Package caption Info: End \AtBeginDocument code.

*geometry* driver: auto-detecting
*geometry* detected driver: pdftex
*geometry* verbose mode - [ preamble ] result:
* driver: pdftex
* paper: <default>
* layout: <same size as paper>
* layoutoffset:(h,v)=(0.0pt,0.0pt)
* modes: 
* h-part:(L,W,R)=(72.26999pt, 469.75502pt, 72.26999pt)
* v-part:(T,H,B)=(72.26999pt, 650.43001pt, 72.26999pt)
* \paperwidth=614.295pt
* \paperheight=794.96999pt
* \textwidth=469.75502pt
* \textheight=650.43001pt
* \oddsidemargin=0.0pt
* \evensidemargin=0.0pt
* \topmargin=-37.0pt
* \headheight=12.0pt
* \headsep=25.0pt
* \topskip=10.0pt
* \footskip=30.0pt
* \marginparwidth=65.0pt
* \marginparsep=11.0pt
* \columnsep=10.0pt
* \skip\footins=9.0pt plus 4.0pt minus 2.0pt
* \hoffset=0.0pt
* \voffset=0.0pt
* \mag=1000
* \@twocolumnfalse
* \@twosidefalse
* \@mparswitchfalse
* \@reversemarginfalse
* (1in=72.27pt=25.4mm, 1cm=28.453pt)


(/usr/local/texlive/2017/texmf-dist/tex/latex/beamer/translator/dicts/translato
r-basic-dictionary/translator-basic-dictionary-English.dict
Dictionary: translator-basic-dictionary, Language: English 
)
(/usr/local/texlive/2017/texmf-dist/tex/latex/siunitx/siunitx-abbreviations.cfg
File: siunitx-abbreviations.cfg 2017/08/02 v2.7j siunitx: Abbreviated units
)
LaTeX Info: Redefining \celsius on input line 17.
Package gensymb Info: Faking symbols for \degree and \celsius on input line 17.



Package gensymb Warning: Not defining \perthousand.

LaTeX Info: Redefining \ohm on input line 17.
Package gensymb Info: Using \Omega for \ohm on input line 17.

Package gensymb Warning: Not defining \micro.

\c__siunitx_mathsf_int=\count292
\c__siunitx_mathtt_int=\count293

LaTeX Warning: Citation `humplik_nanostructured_2011' on page 1 undefined on in
put line 26.

LaTeX Font Info:    Try loading font information for OMS+cmr on input line 28.
(/usr/local/texlive/2017/texmf-dist/tex/latex/base/omscmr.fd
File: omscmr.fd 2014/09/29 v2.5h Standard LaTeX font definitions
)
LaTeX Font Info:    Font shape `OMS/cmr/m/n' in size <10> not available
(Font)              Font shape `OMS/cmsy/m/n' tried instead on input line 28.


LaTeX Warning: Citation `van_der_bruggen_review_2003' on page 1 undefined on in
put line 29.


LaTeX Warning: Citation `song_nano_2011' on page 1 undefined on input line 38.


LaTeX Warning: Citation `mcginnis_global_2008' on page 1 undefined on input lin
e 41.


LaTeX Warning: Citation `wijmans_solution-diffusion_1995' on page 1 undefined o
n input line 45.


LaTeX Warning: Citation `van_der_bruggen_review_2003' on page 1 undefined on in
put line 53.


LaTeX Warning: Citation `bowen_modelling_2002' on page 1 undefined on input lin
e 56.

[1

{/usr/local/texlive/2017/texmf-var/fonts/map/pdftex/updmap/pdftex.map}]

LaTeX Warning: Citation `cohen-tanugi_multilayer_2016' on page 2 undefined on i
nput line 77.


LaTeX Warning: Citation `humplik_nanostructured_2011' on page 2 undefined on in
put line 79.


LaTeX Warning: Citation `hata_water-assisted_2004' on page 2 undefined on input
 line 80.


LaTeX Warning: Citation `maruyama_growth_2005' on page 2 undefined on input lin
e 80.


LaTeX Warning: Citation `murad_molecular_1998' on page 2 undefined on input lin
e 82.


LaTeX Warning: Citation `li_desalination_2004' on page 2 undefined on input lin
e 84.


LaTeX Warning: Citation `feng_scalable_2014' on page 2 undefined on input line 
94.


LaTeX Warning: Citation `smith_ordered_1997' on page 2 undefined on input line 
103.


LaTeX Warning: Citation `zhou_supported_2005' on page 2 undefined on input line
 103.


LaTeX Warning: Citation `resel_h2-phase_2000' on page 2 undefined on input line
 103.


LaTeX Warning: Citation `feng_scalable_2014' on page 2 undefined on input line 
103.


LaTeX Warning: Citation `feng_thin_2016' on page 2 undefined on input line 103.



LaTeX Warning: Citation `feng_scalable_2014' on page 2 undefined on input line 
108.


LaTeX Warning: Citation `feng_thin_2016' on page 2 undefined on input line 110.



LaTeX Warning: Citation `resel_structural_2000' on page 2 undefined on input li
ne 123.


LaTeX Warning: Citation `zhou_supported_2005' on page 2 undefined on input line
 125.

[2]

LaTeX Warning: Citation `zhu_methacrylated_2006' on page 3 undefined on input l
ine 211.


LaTeX Warning: Citation `resel_structural_2000' on page 3 undefined on input li
ne 213.


LaTeX Warning: Citation `gazit_possible_2002' on page 3 undefined on input line
 239.


LaTeX Warning: Citation `sinnokrot_estimates_2002' on page 3 undefined on input
 line 242.


LaTeX Warning: Citation `waller_hybrid_2006' on page 3 undefined on input line 
246.


LaTeX Warning: Citation `ringer_effect_2006' on page 3 undefined on input line 
246.

[3]

LaTeX Warning: Citation `feng_thin_2016' on page 4 undefined on input line 279.



LaTeX Warning: Citation `wang_development_2004' on page 4 undefined on input li
ne 293.


LaTeX Warning: Citation `wang_automatic_2006' on page 4 undefined on input line
 293.


LaTeX Warning: Citation `case_ambertools16_2016' on page 4 undefined on input l
ine 294.


LaTeX Warning: Citation `bekker_gromacs:_1993' on page 4 undefined on input lin
e 297.


LaTeX Warning: Citation `berendsen_gromacs:_1995' on page 4 undefined on input 
line 297.


LaTeX Warning: Citation `van_der_spoel_gromacs:_2005' on page 4 undefined on in
put line 297.


LaTeX Warning: Citation `hess_gromacs_2008' on page 4 undefined on input line 2
97.


LaTeX Warning: Citation `mondal_self-assembly_2013' on page 4 undefined on inpu
t line 317.

[4]

LaTeX Warning: Citation `martinez_packmol:_2009' on page 5 undefined on input l
ine 319.

<./figures/build.PNG, id=24, 528.17325pt x 486.91913pt>
File: ./figures/build.PNG Graphic file (type png)
<use ./figures/build.PNG>
Package pdftex.def Info: ./figures/build.PNG  used on input line 329. on input 
line 329.
Package pdftex.def Info: Requested size: 352.31625pt x 324.80016pt on input lin
e 329.
[5 <./figures/build.PNG>]

LaTeX Warning: Citation `feng_scalable_2014' on page 6 undefined on input line 
355.


LaTeX Warning: Citation `feng_thin_2016' on page 6 undefined on input line 355.



LaTeX Warning: Citation `feng_scalable_2014' on page 6 undefined on input line 
364.

<./figures/SAXS.png, id=30, 341.275pt x 457.71pt>
File: ./figures/SAXS.png Graphic file (type png)
<use ./figures/SAXS.png>
Package pdftex.def Info: ./figures/SAXS.png  used on input line 395. on input l
ine 395.
Package pdftex.def Info: Requested size: 201.99121pt x 270.91258pt on input lin
e 395.
<./figures/WAXS_soft_confined.png, id=31, 500.87125pt x 500.87125pt>
File: ./figures/WAXS_soft_confined.png Graphic file (type png)
<use ./figures/WAXS_soft_confined.png>
Package pdftex.def Info: ./figures/WAXS_soft_confined.png  used on input line 4
02. on input line 402.
Package pdftex.def Info: Requested size: 220.78543pt x 220.78908pt on input lin
e 402.

Overfull \hbox (3.33333pt too wide) in paragraph at lines 400--403
 [][] 
 []

[6]

LaTeX Warning: Citation `feng_scalable_2014' on page 7 undefined on input line 
481.


LaTeX Warning: Citation `feng_thin_2016' on page 7 undefined on input line 481.



LaTeX Warning: Citation `zhou_supported_2005' on page 7 undefined on input line
 481.

[7 <./figures/SAXS.png> <./figures/WAXS_soft_confined.png>]

LaTeX Warning: Citation `sinnokrot_estimates_2002' on page 8 undefined on input
 line 503.


LaTeX Warning: Citation `sinnokrot_estimates_2002' on page 8 undefined on input
 line 506.

[8]
<./figures/sandwiched.png, id=47, 2371.86125pt x 2371.86125pt>
File: ./figures/sandwiched.png Graphic file (type png)
<use ./figures/sandwiched.png>
Package pdftex.def Info: ./figures/sandwiched.png  used on input line 638. on i
nput line 638.
Package pdftex.def Info: Requested size: 150.32504pt x 150.30388pt on input lin
e 638.
<./figures/PD.png, id=48, 2300.595pt x 2301.59875pt>
File: ./figures/PD.png Graphic file (type png)
<use ./figures/PD.png>
Package pdftex.def Info: ./figures/PD.png  used on input line 643. on input lin
e 643.
Package pdftex.def Info: Requested size: 150.32504pt x 150.38179pt on input lin
e 643.
<./figures/Tshaped.png, id=49, 2338.7375pt x 2338.7375pt>
File: ./figures/Tshaped.png Graphic file (type png)
<use ./figures/Tshaped.png>
Package pdftex.def Info: ./figures/Tshaped.png  used on input line 648. on inpu
t line 648.
Package pdftex.def Info: Requested size: 150.32504pt x 150.31033pt on input lin
e 648.
<./figures/sandwichedlayers.png, id=50, 3151.775pt x 3151.775pt>
File: ./figures/sandwichedlayers.png Graphic file (type png)
<use ./figures/sandwichedlayers.png>
Package pdftex.def Info: ./figures/sandwichedlayers.png  used on input line 654
. on input line 654.
Package pdftex.def Info: Requested size: 223.13649pt x 223.09949pt on input lin
e 654.
<./figures/offsetlayers.png, id=51, 3113.6325pt x 3112.62875pt>
File: ./figures/offsetlayers.png Graphic file (type png)
<use ./figures/offsetlayers.png>
Package pdftex.def Info: ./figures/offsetlayers.png  used on input line 659. on
 input line 659.
Package pdftex.def Info: Requested size: 223.13649pt x 223.03572pt on input lin
e 659.


LaTeX Warning: Citation `einstein_investigations_1956' on page 9 undefined on i
nput line 675.


LaTeX Warning: Citation `liu_collective_2013' on page 9 undefined on input line
 691.

[9] [10 <./figures/sandwiched.png> <./figures/PD.png> <./figures/Tshaped.png> <
./figures/sandwichedlayers.png> <./figures/offsetlayers.png>]
<./figures/zdf5layered.png, id=58, 462.528pt x 346.896pt>
File: ./figures/zdf5layered.png Graphic file (type png)
<use ./figures/zdf5layered.png>
Package pdftex.def Info: ./figures/zdf5layered.png  used on input line 831. on 
input line 831.
Package pdftex.def Info: Requested size: 211.38832pt x 158.54192pt on input lin
e 831.
<./figures/zdf5offset.png, id=59, 590.205pt x 430.60875pt>
File: ./figures/zdf5offset.png Graphic file (type png)
<use ./figures/zdf5offset.png>
Package pdftex.def Info: ./figures/zdf5offset.png  used on input line 836. on i
nput line 836.
Package pdftex.def Info: Requested size: 211.38832pt x 154.22398pt on input lin
e 836.


LaTeX Warning: `h' float specifier changed to `ht'.

[11]
<./figures/280K_tramp_close.png, id=63, 2821.54124pt x 2821.54124pt>
File: ./figures/280K_tramp_close.png Graphic file (type png)
<use ./figures/280K_tramp_close.png>
Package pdftex.def Info: ./figures/280K_tramp_close.png  used on input line 967
. on input line 967.
Package pdftex.def Info: Requested size: 223.13649pt x 223.10167pt on input lin
e 967.
<./figures/340K_tramp_close_full.png, id=64, 3663.6875pt x 3663.6875pt>
File: ./figures/340K_tramp_close_full.png Graphic file (type png)
<use ./figures/340K_tramp_close_full.png>
Package pdftex.def Info: ./figures/340K_tramp_close_full.png  used on input lin
e 972. on input line 972.
Package pdftex.def Info: Requested size: 223.13649pt x 223.11006pt on input lin
e 972.
 [12 <./figures/zdf5layered.png> <./figures/zdf5offset.png>]

LaTeX Warning: Reference `fig:XRDsim' on page 13 undefined on input line 1071.

[13 <./figures/280K_tramp_close.png> <./figures/340K_tramp_close_full.png>]
<./figures/WAXS_raw.png, id=75, 803.0pt x 602.25pt>
File: ./figures/WAXS_raw.png Graphic file (type png)
<use ./figures/WAXS_raw.png>
Package pdftex.def Info: ./figures/WAXS_raw.png  used on input line 1152. on in
put line 1152.
Package pdftex.def Info: Requested size: 155.95662pt x 137.60893pt on input lin
e 1152.
<./figures/rzplot_offset.png, id=77, 462.528pt x 346.896pt>
File: ./figures/rzplot_offset.png Graphic file (type png)
<use ./figures/rzplot_offset.png>
Package pdftex.def Info: ./figures/rzplot_offset.png  used on input line 1157. 
on input line 1157.
Package pdftex.def Info: Requested size: 155.95662pt x 145.15652pt on input lin
e 1157.
<./figures/rzplot_layered.png, id=79, 462.528pt x 346.896pt>
File: ./figures/rzplot_layered.png Graphic file (type png)
<use ./figures/rzplot_layered.png>
Package pdftex.def Info: ./figures/rzplot_layered.png  used on input line 1162.
 on input line 1162.
Package pdftex.def Info: Requested size: 155.95662pt x 145.15652pt on input lin
e 1162.
<./figures/rzplot_disordered.png, id=81, 462.528pt x 346.896pt>
File: ./figures/rzplot_disordered.png Graphic file (type png)
<use ./figures/rzplot_disordered.png>
Package pdftex.def Info: ./figures/rzplot_disordered.png  used on input line 11
67. on input line 1167.
Package pdftex.def Info: Requested size: 155.95662pt x 145.15652pt on input lin
e 1167.
<./figures/colorbar_jet.png, id=83, 243.91125pt x 1188.44pt>
File: ./figures/colorbar_jet.png Graphic file (type png)
<use ./figures/colorbar_jet.png>
Package pdftex.def Info: ./figures/colorbar_jet.png  used on input line 1174. o
n input line 1174.
Package pdftex.def Info: Requested size: 65.76541pt x 320.42973pt on input line
 1174.

[14 <./figures/WAXS_raw.png> <./figures/rzplot_offset.png> <./figures/rzplot_la
yered.png> <./figures/rzplot_disordered.png> <./figures/colorbar_jet.png>]

LaTeX Warning: Reference `fig:centroids' on page 15 undefined on input line 119
8.

<./figures/tails_topview.png, id=96, 3852.3925pt x 2813.51125pt>
File: ./figures/tails_topview.png Graphic file (type png)
<use ./figures/tails_topview.png>
Package pdftex.def Info: ./figures/tails_topview.png  used on input line 1213. 
on input line 1213.
Package pdftex.def Info: Requested size: 211.38832pt x 154.37868pt on input lin
e 1213.
<./figures/tails_rzplot.png, id=97, 462.528pt x 346.896pt>
File: ./figures/tails_rzplot.png Graphic file (type png)
<use ./figures/tails_rzplot.png>
Package pdftex.def Info: ./figures/tails_rzplot.png  used on input line 1218. o
n input line 1218.
Package pdftex.def Info: Requested size: 211.38832pt x 158.54192pt on input lin
e 1218.
<./figures/offset_tail_packing.png, id=98, 462.528pt x 346.896pt>
File: ./figures/offset_tail_packing.png Graphic file (type png)
<use ./figures/offset_tail_packing.png>
Package pdftex.def Info: ./figures/offset_tail_packing.png  used on input line 
1233. on input line 1233.
Package pdftex.def Info: Requested size: 211.38832pt x 158.54192pt on input lin
e 1233.
<./figures/offset_angle_v_I.png, id=99, 462.528pt x 346.896pt>
File: ./figures/offset_angle_v_I.png Graphic file (type png)
<use ./figures/offset_angle_v_I.png>
Package pdftex.def Info: ./figures/offset_angle_v_I.png  used on input line 123
8. on input line 1238.
Package pdftex.def Info: Requested size: 211.38832pt x 158.54192pt on input lin
e 1238.
<./figures/angles_traj_layered.png, id=100, 462.528pt x 346.896pt>
File: ./figures/angles_traj_layered.png Graphic file (type png)
<use ./figures/angles_traj_layered.png>
Package pdftex.def Info: ./figures/angles_traj_layered.png  used on input line 
1246. on input line 1246.
Package pdftex.def Info: Requested size: 211.38832pt x 158.54192pt on input lin
e 1246.
<./figures/layered_angle_v_I.png, id=101, 462.528pt x 346.896pt>
File: ./figures/layered_angle_v_I.png Graphic file (type png)
<use ./figures/layered_angle_v_I.png>
Package pdftex.def Info: ./figures/layered_angle_v_I.png  used on input line 12
51. on input line 1251.
Package pdftex.def Info: Requested size: 211.38832pt x 158.54192pt on input lin
e 1251.
[15 <./figures/tails_topview.png> <./figures/tails_rzplot.png>]
File: ./figures/280K_tramp_close.png Graphic file (type png)
<use ./figures/280K_tramp_close.png>
Package pdftex.def Info: ./figures/280K_tramp_close.png  used on input line 132
8. on input line 1328.
Package pdftex.def Info: Requested size: 223.13649pt x 223.10167pt on input lin
e 1328.
File: ./figures/340K_tramp_close_full.png Graphic file (type png)
<use ./figures/340K_tramp_close_full.png>
Package pdftex.def Info: ./figures/340K_tramp_close_full.png  used on input lin
e 1333. on input line 1333.
Package pdftex.def Info: Requested size: 223.13649pt x 223.11006pt on input lin
e 1333.
<./figures/p2p_tramp.png, id=107, 594.22pt x 481.8pt>
File: ./figures/p2p_tramp.png Graphic file (type png)
<use ./figures/p2p_tramp.png>
Package pdftex.def Info: ./figures/p2p_tramp.png  used on input line 1339. on i
nput line 1339.
Package pdftex.def Info: Requested size: 152.66895pt x 123.78735pt on input lin
e 1339.
<./figures/thickness_tramp.png, id=108, 586.19pt x 481.8pt>
File: ./figures/thickness_tramp.png Graphic file (type png)
<use ./figures/thickness_tramp.png>
Package pdftex.def Info: ./figures/thickness_tramp.png  used on input line 1344
. on input line 1344.
Package pdftex.def Info: Requested size: 152.66895pt x 125.47824pt on input lin
e 1344.
<./figures/order_tramp.png, id=109, 589.20125pt x 481.8pt>
File: ./figures/order_tramp.png Graphic file (type png)
<use ./figures/order_tramp.png>
Package pdftex.def Info: ./figures/order_tramp.png  used on input line 1350. on
 input line 1350.
Package pdftex.def Info: Requested size: 152.66895pt x 124.83864pt on input lin
e 1350.
 [16 <./figures/offset_tail_packing.png> <./figures/offset_angle_v_I.png> <./fi
gures/angles_traj_layered.png> <./figures/layered_angle_v_I.png>]

LaTeX Warning: Reference `fig:phase_transition' on page 17 undefined on input l
ine 1368.


LaTeX Warning: Reference `fig:BasinB_340K_pore' on page 1 undefined on input li
ne 1370.


LaTeX Warning: Reference `fig:BasinA_280K_pore' on page 1 undefined on input li
ne 1370.


LaTeX Warning: Reference `fig:order_step' on page 1 undefined on input line 137
2.


LaTeX Warning: Reference `fig:thickness_step' on page 1 undefined on input line
 1372.


LaTeX Warning: Reference `fig:p2p_step' on page 1 undefined on input line 1372.


[17 <./figures/p2p_tramp.png> <./figures/thickness_tramp.png> <./figures/order_
tramp.png>]
File: ./figures/280K_tramp_close.png Graphic file (type png)
<use ./figures/280K_tramp_close.png>
Package pdftex.def Info: ./figures/280K_tramp_close.png  used on input line 139
8. on input line 1398.
Package pdftex.def Info: Requested size: 223.13649pt x 223.10167pt on input lin
e 1398.
File: ./figures/340K_tramp_close_full.png Graphic file (type png)
<use ./figures/340K_tramp_close_full.png>
Package pdftex.def Info: ./figures/340K_tramp_close_full.png  used on input lin
e 1403. on input line 1403.
Package pdftex.def Info: Requested size: 223.13649pt x 223.11006pt on input lin
e 1403.
<./figures/p2p_layered.png, id=123, 607.26875pt x 426.59375pt>
File: ./figures/p2p_layered.png Graphic file (type png)
<use ./figures/p2p_layered.png>
Package pdftex.def Info: ./figures/p2p_layered.png  used on input line 1409. on
 input line 1409.
Package pdftex.def Info: Requested size: 152.66895pt x 107.24702pt on input lin
e 1409.
<./figures/thickness_layered.png, id=124, 608.2725pt x 433.62pt>
File: ./figures/thickness_layered.png Graphic file (type png)
<use ./figures/thickness_layered.png>
Package pdftex.def Info: ./figures/thickness_layered.png  used on input line 14
14. on input line 1414.
Package pdftex.def Info: Requested size: 152.66895pt x 108.82819pt on input lin
e 1414.
<./figures/order_layered.png, id=125, 605.26125pt x 441.65pt>
File: ./figures/order_layered.png Graphic file (type png)
<use ./figures/order_layered.png>
Package pdftex.def Info: ./figures/order_layered.png  used on input line 1420. 
on input line 1420.
Package pdftex.def Info: Requested size: 152.66895pt x 111.39612pt on input lin
e 1420.
 [18 <./figures/p2p_layered.png> <./figures/thickness_layered.png> <./figures/o
rder_layered.png>]

LaTeX Warning: Reference `table:conductivity' on page 19 undefined on input lin
e 1448.

<./figures/p2p_diagram.PNG, id=132, 506.89375pt x 433.62pt>
File: ./figures/p2p_diagram.PNG Graphic file (type png)
<use ./figures/p2p_diagram.PNG>
Package pdftex.def Info: ./figures/p2p_diagram.PNG  used on input line 1521. on
 input line 1521.
Package pdftex.def Info: Requested size: 145.6229pt x 124.56883pt on input line
 1521.
<./figures/no_xlink_p2p.png, id=133, 671.50874pt x 540.0175pt>
File: ./figures/no_xlink_p2p.png Graphic file (type png)
<use ./figures/no_xlink_p2p.png>
Package pdftex.def Info: ./figures/no_xlink_p2p.png  used on input line 1526. o
n input line 1526.
Package pdftex.def Info: Requested size: 145.6229pt x 117.10677pt on input line
 1526.
<./figures/xlink_p2p.png, id=134, 679.53876pt x 529.98pt>
File: ./figures/xlink_p2p.png Graphic file (type png)
<use ./figures/xlink_p2p.png>
Package pdftex.def Info: ./figures/xlink_p2p.png  used on input line 1531. on i
nput line 1531.
Package pdftex.def Info: Requested size: 145.6229pt x 113.57147pt on input line
 1531.
[19] [20 <./figures/p2p_diagram.PNG> <./figures/no_xlink_p2p.png> <./figures/xl
ink_p2p.png>]
No file Outline.bbl.
(./Outline.aux)

LaTeX Warning: There were undefined references.


LaTeX Warning: There were multiply-defined labels.

 ) 
Here is how much of TeX's memory you used:
 16785 strings out of 492990
 344731 string characters out of 6132621
 376464 words of memory out of 5000000
 20168 multiletter control sequences out of 15000+600000
 539121 words of font info for 55 fonts, out of 8000000 for 9000
 1141 hyphenation exceptions out of 8191
 42i,17n,77p,10379b,954s stack positions out of 5000i,500n,10000p,200000b,80000s
</usr/local/texlive/2017/texmf-dist/fonts/type1/public/amsfonts/cm/cmbx10.pfb
></usr/local/texlive/2017/texmf-dist/fonts/type1/public/amsfonts/cm/cmbx12.pfb>
</usr/local/texlive/2017/texmf-dist/fonts/type1/public/amsfonts/cm/cmmi10.pfb><
/usr/local/texlive/2017/texmf-dist/fonts/type1/public/amsfonts/cm/cmmi7.pfb></u
sr/local/texlive/2017/texmf-dist/fonts/type1/public/amsfonts/cm/cmr10.pfb></usr
/local/texlive/2017/texmf-dist/fonts/type1/public/amsfonts/cm/cmr12.pfb></usr/l
ocal/texlive/2017/texmf-dist/fonts/type1/public/amsfonts/cm/cmr17.pfb></usr/loc
al/texlive/2017/texmf-dist/fonts/type1/public/amsfonts/cm/cmr7.pfb></usr/local/
texlive/2017/texmf-dist/fonts/type1/public/amsfonts/cm/cmr9.pfb></usr/local/tex
live/2017/texmf-dist/fonts/type1/public/amsfonts/cm/cmsy10.pfb></usr/local/texl
ive/2017/texmf-dist/fonts/type1/public/amsfonts/cm/cmsy7.pfb></usr/local/texliv
e/2017/texmf-dist/fonts/type1/public/amsfonts/cm/cmti10.pfb>
Output written on Outline.pdf (20 pages, 44640749 bytes).
PDF statistics:
 184 PDF objects out of 1000 (max. 8388607)
 87 compressed objects within 1 object stream
 0 named destinations out of 1000 (max. 500000)
 185 words of extra memory for PDF output out of 10000 (max. 10000000)

