This is pdfTeX, Version 3.1415926-2.5-1.40.14 (TeX Live 2013) (format=pdflatex 2017.2.7)  7 MAR 2017 16:52
entering extended mode
 restricted \write18 enabled.
 %&-line parsing enabled.
**Paper1_Outline.tex
(./Paper1_Outline.tex
LaTeX2e <2011/06/27>
Babel <v3.8m> and hyphenation patterns for english, dumylang, nohyphenation, lo
aded.
(/usr/share/texlive/texmf-dist/tex/latex/base/article.cls
Document Class: article 2007/10/19 v1.4h Standard LaTeX document class
(/usr/share/texlive/texmf-dist/tex/latex/base/size10.clo
File: size10.clo 2007/10/19 v1.4h Standard LaTeX file (size option)
)
\c@part=\count79
\c@section=\count80
\c@subsection=\count81
\c@subsubsection=\count82
\c@paragraph=\count83
\c@subparagraph=\count84
\c@figure=\count85
\c@table=\count86
\abovecaptionskip=\skip41
\belowcaptionskip=\skip42
\bibindent=\dimen102
)
(./Paper1_Outline.aux)
\openout1 = `Paper1_Outline.aux'.

LaTeX Font Info:    Checking defaults for OML/cmm/m/it on input line 4.
LaTeX Font Info:    ... okay on input line 4.
LaTeX Font Info:    Checking defaults for T1/cmr/m/n on input line 4.
LaTeX Font Info:    ... okay on input line 4.
LaTeX Font Info:    Checking defaults for OT1/cmr/m/n on input line 4.
LaTeX Font Info:    ... okay on input line 4.
LaTeX Font Info:    Checking defaults for OMS/cmsy/m/n on input line 4.
LaTeX Font Info:    ... okay on input line 4.
LaTeX Font Info:    Checking defaults for OMX/cmex/m/n on input line 4.
LaTeX Font Info:    ... okay on input line 4.
LaTeX Font Info:    Checking defaults for U/cmr/m/n on input line 4.
LaTeX Font Info:    ... okay on input line 4.
LaTeX Font Info:    External font `cmex10' loaded for size
(Font)              <12> on input line 6.
LaTeX Font Info:    External font `cmex10' loaded for size
(Font)              <8> on input line 6.
LaTeX Font Info:    External font `cmex10' loaded for size
(Font)              <6> on input line 6.
LaTeX Font Info:    Try loading font information for OMS+cmr on input line 10.
 (/usr/share/texlive/texmf-dist/tex/latex/base/omscmr.fd
File: omscmr.fd 1999/05/25 v2.5h Standard LaTeX font definitions
)
LaTeX Font Info:    Font shape `OMS/cmr/m/n' in size <10> not available
(Font)              Font shape `OMS/cmsy/m/n' tried instead on input line 10.
[1

{/usr/share/texlive/texmf/fonts/map/pdftex/updmap/pdftex.map}] [2]
Overfull \hbox (19.83401pt too wide) in paragraph at lines 58--60
\OT1/cmr/m/n/10 tify per-for-mance bot-tle necks and di-rect de-sign of fu-ture
 monomers/membranes 
 []

[3] [4]
Underfull \hbox (badness 10000) in paragraph at lines 128--132

 []

[5]
LaTeX Font Info:    External font `cmex10' loaded for size
(Font)              <7> on input line 140.
LaTeX Font Info:    External font `cmex10' loaded for size
(Font)              <5> on input line 140.

Underfull \hbox (badness 10000) in paragraph at lines 156--162

 []

[6]
Underfull \hbox (badness 10000) in paragraph at lines 170--173

 []


Overfull \hbox (2.22273pt too wide) in paragraph at lines 179--180
[]\OT1/cmr/m/n/10 We matched ex-per-i-ments based on it-er-a-tive im-prove-ment
 of our choice
 []

[7] [8]
Underfull \hbox (badness 10000) in paragraph at lines 235--241

 []


Underfull \hbox (badness 10000) in paragraph at lines 243--246

 []

[9]
Overfull \hbox (12.91504pt too wide) in paragraph at lines 276--277
[]\OT1/cmr/m/n/10 Estimates DC ionic con-duc-tiv-ity -- Fre-quency used dur-ing
 AC impedance
 []


Underfull \hbox (badness 10000) in paragraph at lines 289--291

 []

[10]
Overfull \hbox (3.33392pt too wide) in paragraph at lines 301--302
[]\OT1/cmr/m/n/10 Results pre-sented for Colh phase monomer but meth-ods are re
ad-ily adapted
 []

[11] (./Paper1_Outline.aux) ) 
Here is how much of TeX's memory you used:
 248 strings out of 495063
 2826 string characters out of 3182202
 51977 words of memory out of 3000000
 3503 multiletter control sequences out of 15000+200000
 7588 words of font info for 27 fonts, out of 3000000 for 9000
 14 hyphenation exceptions out of 8191
 23i,6n,19p,1010b,229s stack positions out of 5000i,500n,10000p,200000b,50000s
</usr/share/texlive/texmf-dist/fonts/type1/public/
amsfonts/cm/cmbx10.pfb></usr/share/texlive/texmf-dist/fonts/type1/public/amsfon
ts/cm/cmbx12.pfb></usr/share/texlive/texmf-dist/fonts/type1/public/amsfonts/cm/
cmmi10.pfb></usr/share/texlive/texmf-dist/fonts/type1/public/amsfonts/cm/cmr10.
pfb></usr/share/texlive/texmf-dist/fonts/type1/public/amsfonts/cm/cmr12.pfb></u
sr/share/texlive/texmf-dist/fonts/type1/public/amsfonts/cm/cmr17.pfb></usr/shar
e/texlive/texmf-dist/fonts/type1/public/amsfonts/cm/cmr7.pfb></usr/share/texliv
e/texmf-dist/fonts/type1/public/amsfonts/cm/cmsy10.pfb>
Output written on Paper1_Outline.pdf (11 pages, 112578 bytes).
PDF statistics:
 72 PDF objects out of 1000 (max. 8388607)
 50 compressed objects within 1 object stream
 0 named destinations out of 1000 (max. 500000)
 1 words of extra memory for PDF output out of 10000 (max. 10000000)

