This is pdfTeX, Version 3.14159265-2.6-1.40.18 (TeX Live 2017) (preloaded format=pdflatex 2017.9.22)  16 MAY 2019 16:52
entering extended mode
 restricted \write18 enabled.
 %&-line parsing enabled.
**Draft.cjk
(./Draft.cjk
LaTeX2e <2017-04-15>
Babel <3.13> and hyphenation patterns for 84 language(s) loaded.
(/usr/local/texlive/2017/texmf-dist/tex/latex/base/article.cls
Document Class: article 2014/09/29 v1.4h Standard LaTeX document class
(/usr/local/texlive/2017/texmf-dist/tex/latex/base/size10.clo
File: size10.clo 2014/09/29 v1.4h Standard LaTeX file (size option)
)
\c@part=\count79
\c@section=\count80
\c@subsection=\count81
\c@subsubsection=\count82
\c@paragraph=\count83
\c@subparagraph=\count84
\c@figure=\count85
\c@table=\count86
\abovecaptionskip=\skip41
\belowcaptionskip=\skip42
\bibindent=\dimen102
)
(/usr/local/texlive/2017/texmf-dist/tex/latex/graphics/graphicx.sty
Package: graphicx 2017/06/01 v1.1a Enhanced LaTeX Graphics (DPC,SPQR)

(/usr/local/texlive/2017/texmf-dist/tex/latex/graphics/keyval.sty
Package: keyval 2014/10/28 v1.15 key=value parser (DPC)
\KV@toks@=\toks14
)
(/usr/local/texlive/2017/texmf-dist/tex/latex/graphics/graphics.sty
Package: graphics 2017/06/25 v1.2c Standard LaTeX Graphics (DPC,SPQR)

(/usr/local/texlive/2017/texmf-dist/tex/latex/graphics/trig.sty
Package: trig 2016/01/03 v1.10 sin cos tan (DPC)
)
(/usr/local/texlive/2017/texmf-dist/tex/latex/graphics-cfg/graphics.cfg
File: graphics.cfg 2016/06/04 v1.11 sample graphics configuration
)
Package graphics Info: Driver file: pdftex.def on input line 99.

(/usr/local/texlive/2017/texmf-dist/tex/latex/graphics-def/pdftex.def
File: pdftex.def 2017/06/24 v1.0g Graphics/color driver for pdftex
))
\Gin@req@height=\dimen103
\Gin@req@width=\dimen104
)
(/usr/local/texlive/2017/texmf-dist/tex/latex/wrapfig/wrapfig.sty
\wrapoverhang=\dimen105
\WF@size=\dimen106
\c@WF@wrappedlines=\count87
\WF@box=\box26
\WF@everypar=\toks15
Package: wrapfig 2003/01/31  v 3.6
)
(/usr/local/texlive/2017/texmf-dist/tex/latex/caption/subcaption.sty
Package: subcaption 2016/05/22 v1.1-161 Sub-captions (AR)

(/usr/local/texlive/2017/texmf-dist/tex/latex/caption/caption.sty
Package: caption 2016/02/21 v3.3-144 Customizing captions (AR)

(/usr/local/texlive/2017/texmf-dist/tex/latex/caption/caption3.sty
Package: caption3 2016/05/22 v1.7-166 caption3 kernel (AR)
Package caption3 Info: TeX engine: e-TeX on input line 67.
\captionmargin=\dimen107
\captionmargin@=\dimen108
\captionwidth=\dimen109
\caption@tempdima=\dimen110
\caption@indent=\dimen111
\caption@parindent=\dimen112
\caption@hangindent=\dimen113
)
\c@ContinuedFloat=\count88
Package caption Info: wrapfig package is loaded.
)
\c@subfigure=\count89
\c@subtable=\count90
)
(/usr/local/texlive/2017/texmf-dist/tex/latex/geometry/geometry.sty
Package: geometry 2010/09/12 v5.6 Page Geometry

(/usr/local/texlive/2017/texmf-dist/tex/generic/oberdiek/ifpdf.sty
Package: ifpdf 2017/03/15 v3.2 Provides the ifpdf switch
)
(/usr/local/texlive/2017/texmf-dist/tex/generic/oberdiek/ifvtex.sty
Package: ifvtex 2016/05/16 v1.6 Detect VTeX and its facilities (HO)
Package ifvtex Info: VTeX not detected.
)
(/usr/local/texlive/2017/texmf-dist/tex/generic/ifxetex/ifxetex.sty
Package: ifxetex 2010/09/12 v0.6 Provides ifxetex conditional
)
\Gm@cnth=\count91
\Gm@cntv=\count92
\c@Gm@tempcnt=\count93
\Gm@bindingoffset=\dimen114
\Gm@wd@mp=\dimen115
\Gm@odd@mp=\dimen116
\Gm@even@mp=\dimen117
\Gm@layoutwidth=\dimen118
\Gm@layoutheight=\dimen119
\Gm@layouthoffset=\dimen120
\Gm@layoutvoffset=\dimen121
\Gm@dimlist=\toks16
)
(/usr/local/texlive/2017/texmf-dist/tex/latex/amsmath/amsmath.sty
Package: amsmath 2017/09/02 v2.17a AMS math features
\@mathmargin=\skip43

For additional information on amsmath, use the `?' option.
(/usr/local/texlive/2017/texmf-dist/tex/latex/amsmath/amstext.sty
Package: amstext 2000/06/29 v2.01 AMS text

(/usr/local/texlive/2017/texmf-dist/tex/latex/amsmath/amsgen.sty
File: amsgen.sty 1999/11/30 v2.0 generic functions
\@emptytoks=\toks17
\ex@=\dimen122
))
(/usr/local/texlive/2017/texmf-dist/tex/latex/amsmath/amsbsy.sty
Package: amsbsy 1999/11/29 v1.2d Bold Symbols
\pmbraise@=\dimen123
)
(/usr/local/texlive/2017/texmf-dist/tex/latex/amsmath/amsopn.sty
Package: amsopn 2016/03/08 v2.02 operator names
)
\inf@bad=\count94
LaTeX Info: Redefining \frac on input line 213.
\uproot@=\count95
\leftroot@=\count96
LaTeX Info: Redefining \overline on input line 375.
\classnum@=\count97
\DOTSCASE@=\count98
LaTeX Info: Redefining \ldots on input line 472.
LaTeX Info: Redefining \dots on input line 475.
LaTeX Info: Redefining \cdots on input line 596.
\Mathstrutbox@=\box27
\strutbox@=\box28
\big@size=\dimen124
LaTeX Font Info:    Redeclaring font encoding OML on input line 712.
LaTeX Font Info:    Redeclaring font encoding OMS on input line 713.
\macc@depth=\count99
\c@MaxMatrixCols=\count100
\dotsspace@=\muskip10
\c@parentequation=\count101
\dspbrk@lvl=\count102
\tag@help=\toks18
\row@=\count103
\column@=\count104
\maxfields@=\count105
\andhelp@=\toks19
\eqnshift@=\dimen125
\alignsep@=\dimen126
\tagshift@=\dimen127
\tagwidth@=\dimen128
\totwidth@=\dimen129
\lineht@=\dimen130
\@envbody=\toks20
\multlinegap=\skip44
\multlinetaggap=\skip45
\mathdisplay@stack=\toks21
LaTeX Info: Redefining \[ on input line 2817.
LaTeX Info: Redefining \] on input line 2818.
)
(/usr/local/texlive/2017/texmf-dist/tex/latex/amsfonts/amssymb.sty
Package: amssymb 2013/01/14 v3.01 AMS font symbols

(/usr/local/texlive/2017/texmf-dist/tex/latex/amsfonts/amsfonts.sty
Package: amsfonts 2013/01/14 v3.01 Basic AMSFonts support
\symAMSa=\mathgroup4
\symAMSb=\mathgroup5
LaTeX Font Info:    Overwriting math alphabet `\mathfrak' in version `bold'
(Font)                  U/euf/m/n --> U/euf/b/n on input line 106.
))
(/usr/local/texlive/2017/texmf-dist/tex/latex/siunitx/siunitx.sty
(/usr/local/texlive/2017/texmf-dist/tex/latex/l3kernel/expl3.sty
Package: expl3 2017/09/18 L3 programming layer (loader) 

(/usr/local/texlive/2017/texmf-dist/tex/latex/l3kernel/expl3-code.tex
Package: expl3 2017/09/18 L3 programming layer (code)
\c_max_int=\count106
\l_tmpa_int=\count107
\l_tmpb_int=\count108
\g_tmpa_int=\count109
\g_tmpb_int=\count110
\g__intarray_font_int=\count111
\g__prg_map_int=\count112
\c_log_iow=\count113
\l_iow_line_count_int=\count114
\l__iow_line_target_int=\count115
\l__iow_one_indent_int=\count116
\l__iow_indent_int=\count117
\c_zero_dim=\dimen131
\c_max_dim=\dimen132
\l_tmpa_dim=\dimen133
\l_tmpb_dim=\dimen134
\g_tmpa_dim=\dimen135
\g_tmpb_dim=\dimen136
\c_zero_skip=\skip46
\c_max_skip=\skip47
\l_tmpa_skip=\skip48
\l_tmpb_skip=\skip49
\g_tmpa_skip=\skip50
\g_tmpb_skip=\skip51
\c_zero_muskip=\muskip11
\c_max_muskip=\muskip12
\l_tmpa_muskip=\muskip13
\l_tmpb_muskip=\muskip14
\g_tmpa_muskip=\muskip15
\g_tmpb_muskip=\muskip16
\l_keys_choice_int=\count118
\c__fp_leading_shift_int=\count119
\c__fp_middle_shift_int=\count120
\c__fp_trailing_shift_int=\count121
\c__fp_big_leading_shift_int=\count122
\c__fp_big_middle_shift_int=\count123
\c__fp_big_trailing_shift_int=\count124
\c__fp_Bigg_leading_shift_int=\count125
\c__fp_Bigg_middle_shift_int=\count126
\c__fp_Bigg_trailing_shift_int=\count127
\c__fp_rand_size_int=\count128
\c__fp_rand_four_int=\count129
\c__fp_rand_eight_int=\count130
\l__sort_length_int=\count131
\l__sort_min_int=\count132
\l__sort_top_int=\count133
\l__sort_max_int=\count134
\l__sort_true_max_int=\count135
\l__sort_block_int=\count136
\l__sort_begin_int=\count137
\l__sort_end_int=\count138
\l__sort_A_int=\count139
\l__sort_B_int=\count140
\l__sort_C_int=\count141
\l__tl_build_start_index_int=\count142
\l__tl_build_index_int=\count143
\l__tl_analysis_normal_int=\count144
\l__tl_analysis_index_int=\count145
\l__tl_analysis_nesting_int=\count146
\l__tl_analysis_type_int=\count147
\l__regex_internal_a_int=\count148
\l__regex_internal_b_int=\count149
\l__regex_internal_c_int=\count150
\l__regex_balance_int=\count151
\l__regex_group_level_int=\count152
\l__regex_mode_int=\count153
\c__regex_cs_in_class_mode_int=\count154
\c__regex_cs_mode_int=\count155
\l__regex_catcodes_int=\count156
\l__regex_default_catcodes_int=\count157
\c__regex_catcode_D_int=\count158
\c__regex_catcode_S_int=\count159
\c__regex_catcode_L_int=\count160
\c__regex_catcode_O_int=\count161
\c__regex_catcode_A_int=\count162
\c__regex_all_catcodes_int=\count163
\l__regex_show_lines_int=\count164
\l__regex_min_state_int=\count165
\l__regex_max_state_int=\count166
\l__regex_left_state_int=\count167
\l__regex_right_state_int=\count168
\l__regex_capturing_group_int=\count169
\l__regex_min_pos_int=\count170
\l__regex_max_pos_int=\count171
\l__regex_curr_pos_int=\count172
\l__regex_start_pos_int=\count173
\l__regex_success_pos_int=\count174
\l__regex_curr_char_int=\count175
\l__regex_curr_catcode_int=\count176
\l__regex_last_char_int=\count177
\l__regex_case_changed_char_int=\count178
\l__regex_curr_state_int=\count179
\l__regex_step_int=\count180
\l__regex_min_active_int=\count181
\l__regex_max_active_int=\count182
\l__regex_replacement_csnames_int=\count183
\l__regex_match_count_int=\count184
\l__regex_min_submatch_int=\count185
\l__regex_submatch_int=\count186
\l__regex_zeroth_submatch_int=\count187
\g__debug_trace_regex_int=\count188
\c_empty_box=\box29
\l_tmpa_box=\box30
\l_tmpb_box=\box31
\g_tmpa_box=\box32
\g_tmpb_box=\box33
\l__box_top_dim=\dimen137
\l__box_bottom_dim=\dimen138
\l__box_left_dim=\dimen139
\l__box_right_dim=\dimen140
\l__box_top_new_dim=\dimen141
\l__box_bottom_new_dim=\dimen142
\l__box_left_new_dim=\dimen143
\l__box_right_new_dim=\dimen144
\l__box_internal_box=\box34
\l__coffin_internal_box=\box35
\l__coffin_internal_dim=\dimen145
\l__coffin_offset_x_dim=\dimen146
\l__coffin_offset_y_dim=\dimen147
\l__coffin_x_dim=\dimen148
\l__coffin_y_dim=\dimen149
\l__coffin_x_prime_dim=\dimen150
\l__coffin_y_prime_dim=\dimen151
\c_empty_coffin=\box36
\l__coffin_aligned_coffin=\box37
\l__coffin_aligned_internal_coffin=\box38
\l_tmpa_coffin=\box39
\l_tmpb_coffin=\box40
\l__coffin_display_coffin=\box41
\l__coffin_display_coord_coffin=\box42
\l__coffin_display_pole_coffin=\box43
\l__coffin_display_offset_dim=\dimen152
\l__coffin_display_x_dim=\dimen153
\l__coffin_display_y_dim=\dimen154
\l__coffin_bounding_shift_dim=\dimen155
\l__coffin_left_corner_dim=\dimen156
\l__coffin_right_corner_dim=\dimen157
\l__coffin_bottom_corner_dim=\dimen158
\l__coffin_top_corner_dim=\dimen159
\l__coffin_scaled_total_height_dim=\dimen160
\l__coffin_scaled_width_dim=\dimen161
)
(/usr/local/texlive/2017/texmf-dist/tex/latex/l3kernel/l3pdfmode.def
File: l3pdfmode.def 2017/03/18 v L3 Experimental driver: PDF mode
\l__driver_color_stack_int=\count189
\l__driver_tmp_box=\box44
))
(/usr/local/texlive/2017/texmf-dist/tex/latex/l3packages/xparse/xparse.sty
Package: xparse 2017/09/18 L3 Experimental document command parser
\l__xparse_current_arg_int=\count190
\g__xparse_grabber_int=\count191
\l__xparse_m_args_int=\count192
\l__xparse_mandatory_args_int=\count193
\l__xparse_v_nesting_int=\count194
)
Package: siunitx 2017/08/02 v2.7j A comprehensive (SI) units package

(/usr/local/texlive/2017/texmf-dist/tex/latex/tools/array.sty
Package: array 2016/10/06 v2.4d Tabular extension package (FMi)
\col@sep=\dimen162
\extrarowheight=\dimen163
\NC@list=\toks22
\extratabsurround=\skip52
\backup@length=\skip53
)
(/usr/local/texlive/2017/texmf-dist/tex/latex/l3packages/l3keys2e/l3keys2e.sty
Package: l3keys2e 2017/09/18 LaTeX2e option processing using LaTeX3 keys
)
\l__siunitx_tmp_box=\box45
\l__siunitx_tmp_dim=\dimen164
\l__siunitx_tmp_int=\count195
\l__siunitx_number_mantissa_length_int=\count196
\l__siunitx_number_uncert_length_int=\count197
\l__siunitx_round_int=\count198
\l__siunitx_process_decimal_int=\count199
\l__siunitx_process_uncertainty_int=\count266
\l__siunitx_process_fixed_int=\count267
\l__siunitx_process_integer_min_int=\count268
\l__siunitx_process_precision_int=\count269
\l__siunitx_group_min_int=\count270
\l__siunitx_angle_marker_box=\box46
\l__siunitx_angle_unit_box=\box47
\l__siunitx_angle_marker_dim=\dimen165
\l__siunitx_angle_unit_dim=\dimen166
\l__siunitx_unit_int=\count271
\l__siunitx_unit_denominator_int=\count272
\l__siunitx_unit_numerator_int=\count273
\l__siunitx_unit_prefix_int=\count274
\l__siunitx_unit_prefix_base_int=\count275
\l__siunitx_unit_prefix_gram_int=\count276
\l__siunitx_number_product_int=\count277
\c__siunitx_one_fill_skip=\skip54
\l__siunitx_table_unit_align_skip=\skip55
\l__siunitx_table_exponent_dim=\dimen167
\l__siunitx_table_integer_dim=\dimen168
\l__siunitx_table_mantissa_dim=\dimen169
\l__siunitx_table_marker_dim=\dimen170
\l__siunitx_table_result_dim=\dimen171
\l__siunitx_table_uncert_dim=\dimen172
\l__siunitx_table_fill_pre_dim=\dimen173
\l__siunitx_table_fill_post_dim=\dimen174
\l__siunitx_table_fill_mid_dim=\dimen175
\l__siunitx_table_pre_box=\box48
\l__siunitx_table_post_box=\box49
\l__siunitx_table_mantissa_box=\box50
\l__siunitx_table_result_box=\box51
\l__siunitx_table_number_align_skip=\skip56
\l__siunitx_table_text_align_skip=\skip57
.................................................
. LaTeX info: "xparse/define-command"
. 
. Defining command \DeclareBinaryPrefix with sig. 'mmm' on line 7247.
.................................................
.................................................
. LaTeX info: "xparse/define-command"
. 
. Defining command \DeclareSIPostPower with sig. 'mm' on line 7250.
.................................................
.................................................
. LaTeX info: "xparse/define-command"
. 
. Defining command \DeclareSIPrefix with sig. 'mmm' on line 7253.
.................................................
.................................................
. LaTeX info: "xparse/define-command"
. 
. Defining command \DeclareSIPrePower with sig. 'mm' on line 7256.
.................................................
.................................................
. LaTeX info: "xparse/define-command"
. 
. Defining command \DeclareSIQualifier with sig. 'mm' on line 7259.
.................................................
.................................................
. LaTeX info: "xparse/define-command"
. 
. Defining command \DeclareSIUnit with sig. 'O{}mm' on line 7262.
.................................................
.................................................
. LaTeX info: "xparse/define-command"
. 
. Defining command \DeclareSIUnitWithOptions with sig. 'mmm' on line 7265.
.................................................
.................................................
. LaTeX info: "xparse/define-command"
. 
. Defining command \ang with sig. 'o>{\SplitArgument {2}{;}}m' on line 7280.
.................................................
.................................................
. LaTeX info: "xparse/define-command"
. 
. Defining command \num with sig. 'om' on line 7289.
.................................................
.................................................
. LaTeX info: "xparse/define-command"
. 
. Defining command \numlist with sig. 'o>{\SplitList {;}}m' on line 7298.
.................................................
.................................................
. LaTeX info: "xparse/define-command"
. 
. Defining command \numrange with sig. 'omm' on line 7307.
.................................................
.................................................
. LaTeX info: "xparse/define-command"
. 
. Defining command \SIlist with sig. 'o>{\SplitList {;}}mm' on line 7319.
.................................................
.................................................
. LaTeX info: "xparse/define-command"
. 
. Defining command \SIrange with sig. 'ommm' on line 7331.
.................................................
.................................................
. LaTeX info: "xparse/define-command"
. 
. Defining command \SI with sig. 'omom' on line 7343.
.................................................
.................................................
. LaTeX info: "xparse/define-command"
. 
. Defining command \sisetup with sig. 'm' on line 7346.
.................................................
.................................................
. LaTeX info: "xparse/define-command"
. 
. Defining command \tablenum with sig. 'om' on line 7361.
.................................................
.................................................
. LaTeX info: "xparse/define-command"
. 
. Defining command \si with sig. 'om' on line 7373.
.................................................
.................................................
. LaTeX info: "xparse/define-command"
. 
. Defining command \numInBookmark with sig. 'om' on line 7420.
.................................................
.................................................
. LaTeX info: "xparse/define-command"
. 
. Defining command \numrangeInBookmark with sig. 'omm' on line 7422.
.................................................
.................................................
. LaTeX info: "xparse/define-command"
. 
. Defining command \SIInBookmark with sig. 'omom' on line 7424.
.................................................
.................................................
. LaTeX info: "xparse/define-command"
. 
. Defining command \SIlistInBookmark with sig. 'omm' on line 7426.
.................................................
.................................................
. LaTeX info: "xparse/define-command"
. 
. Defining command \SIrangeInBookmark with sig. 'ommm' on line 7428.
.................................................
.................................................
. LaTeX info: "xparse/define-command"
. 
. Defining command \siInBookmark with sig. 'om' on line 7429.
.................................................
\g__file_internal_ior=\read1
(/usr/local/texlive/2017/texmf-dist/tex/latex/beamer/translator/translator.sty
Package: translator 2010/06/12 ver 1.10

(/usr/local/texlive/2017/texmf-dist/tex/latex/beamer/translator/translator-lang
uage-mappings.tex)))
(/usr/local/texlive/2017/texmf-dist/tex/latex/booktabs/booktabs.sty
Package: booktabs 2016/04/27 v1.618033 publication quality tables
\heavyrulewidth=\dimen176
\lightrulewidth=\dimen177
\cmidrulewidth=\dimen178
\belowrulesep=\dimen179
\belowbottomsep=\dimen180
\aboverulesep=\dimen181
\abovetopsep=\dimen182
\cmidrulesep=\dimen183
\cmidrulekern=\dimen184
\defaultaddspace=\dimen185
\@cmidla=\count278
\@cmidlb=\count279
\@aboverulesep=\dimen186
\@belowrulesep=\dimen187
\@thisruleclass=\count280
\@lastruleclass=\count281
\@thisrulewidth=\dimen188
)
(/usr/local/texlive/2017/texmf-dist/tex/latex/adjustbox/adjustbox.sty
Package: adjustbox 2012/05/21 v1.0 Adjusting TeX boxes (trim, clip, ...)

(/usr/local/texlive/2017/texmf-dist/tex/latex/xkeyval/xkeyval.sty
Package: xkeyval 2014/12/03 v2.7a package option processing (HA)

(/usr/local/texlive/2017/texmf-dist/tex/generic/xkeyval/xkeyval.tex
(/usr/local/texlive/2017/texmf-dist/tex/generic/xkeyval/xkvutils.tex
\XKV@toks=\toks23
\XKV@tempa@toks=\toks24
)
\XKV@depth=\count282
File: xkeyval.tex 2014/12/03 v2.7a key=value parser (HA)
))
(/usr/local/texlive/2017/texmf-dist/tex/latex/adjustbox/adjcalc.sty
Package: adjcalc 2012/05/16 v1.1 Provides advanced setlength with multiple back
-ends (calc, etex, pgfmath)
)
(/usr/local/texlive/2017/texmf-dist/tex/latex/adjustbox/trimclip.sty
Package: trimclip 2012/05/16 v1.0 Trim and clip general TeX material

(/usr/local/texlive/2017/texmf-dist/tex/latex/collectbox/collectbox.sty
Package: collectbox 2012/05/17 v0.4b Collect macro arguments as boxes
\collectedbox=\box52
)
\tc@llx=\dimen189
\tc@lly=\dimen190
\tc@urx=\dimen191
\tc@ury=\dimen192
Package trimclip Info: Using driver 'tc-pdftex.def'.

(/usr/local/texlive/2017/texmf-dist/tex/latex/adjustbox/tc-pdftex.def
File: tc-pdftex.def 2012/05/13 v1.0 Clipping driver for pdftex
))
\adjbox@Width=\dimen193
\adjbox@Height=\dimen194
\adjbox@Depth=\dimen195
\adjbox@Totalheight=\dimen196

(/usr/local/texlive/2017/texmf-dist/tex/latex/ifoddpage/ifoddpage.sty
Package: ifoddpage 2016/04/23 v1.1 Conditionals for odd/even page detection
\c@checkoddpage=\count283
)
(/usr/local/texlive/2017/texmf-dist/tex/latex/varwidth/varwidth.sty
Package: varwidth 2009/03/30 ver 0.92;  Variable-width minipages
\@vwid@box=\box53
\sift@deathcycles=\count284
\@vwid@loff=\dimen197
\@vwid@roff=\dimen198
))
(/usr/local/texlive/2017/texmf-dist/tex/latex/cleveref/cleveref.sty
Package: cleveref 2013/12/28 v0.19 Intelligent cross-referencing
)
(/usr/local/texlive/2017/texmf-dist/tex/latex/was/gensymb.sty
Package: gensymb 2003/07/02 v1.0 (WaS)
)
(/usr/local/texlive/2017/texmf-dist/tex/latex/float/float.sty
Package: float 2001/11/08 v1.3d Float enhancements (AL)
\c@float@type=\count285
\float@exts=\toks25
\float@box=\box54
\@float@everytoks=\toks26
\@floatcapt=\box55
)
(/usr/local/texlive/2017/texmf-dist/tex/latex/xcolor/xcolor.sty
Package: xcolor 2016/05/11 v2.12 LaTeX color extensions (UK)

(/usr/local/texlive/2017/texmf-dist/tex/latex/graphics-cfg/color.cfg
File: color.cfg 2016/01/02 v1.6 sample color configuration
)
Package xcolor Info: Driver file: pdftex.def on input line 225.

(/usr/local/texlive/2017/texmf-dist/tex/latex/colortbl/colortbl.sty
Package: colortbl 2012/02/13 v1.0a Color table columns (DPC)
\everycr=\toks27
\minrowclearance=\skip58
)
\rownum=\count286
Package xcolor Info: Model `cmy' substituted by `cmy0' on input line 1348.
Package xcolor Info: Model `hsb' substituted by `rgb' on input line 1352.
Package xcolor Info: Model `RGB' extended on input line 1364.
Package xcolor Info: Model `HTML' substituted by `rgb' on input line 1366.
Package xcolor Info: Model `Hsb' substituted by `hsb' on input line 1367.
Package xcolor Info: Model `tHsb' substituted by `hsb' on input line 1368.
Package xcolor Info: Model `HSB' substituted by `hsb' on input line 1369.
Package xcolor Info: Model `Gray' substituted by `gray' on input line 1370.
Package xcolor Info: Model `wave' substituted by `hsb' on input line 1371.

(/usr/local/texlive/2017/texmf-dist/tex/latex/xcolor/x11nam.def
File: x11nam.def 2016/05/11 v2.12 Predefined colors according to Unix/X11 (UK)
))
(/usr/local/texlive/2017/texmf-dist/tex/latex/setspace/setspace.sty
Package: setspace 2011/12/19 v6.7a set line spacing
)
(/usr/local/texlive/2017/texmf-dist/tex/latex/url/url.sty
\Urlmuskip=\muskip17
Package: url 2013/09/16  ver 3.4  Verb mode for urls, etc.
)
(/usr/local/texlive/2017/texmf-dist/tex/latex/cite/cite.sty
LaTeX Info: Redefining \cite on input line 302.
LaTeX Info: Redefining \nocite on input line 332.
Package: cite 2015/02/27  v 5.5
LaTeX Info: Redefining \cite on input line 441.
) (./Draft.aux)
\openout1 = `Draft.aux'.

LaTeX Font Info:    Checking defaults for OML/cmm/m/it on input line 35.
LaTeX Font Info:    ... okay on input line 35.
LaTeX Font Info:    Checking defaults for T1/cmr/m/n on input line 35.
LaTeX Font Info:    ... okay on input line 35.
LaTeX Font Info:    Checking defaults for OT1/cmr/m/n on input line 35.
LaTeX Font Info:    ... okay on input line 35.
LaTeX Font Info:    Checking defaults for OMS/cmsy/m/n on input line 35.
LaTeX Font Info:    ... okay on input line 35.
LaTeX Font Info:    Checking defaults for OMX/cmex/m/n on input line 35.
LaTeX Font Info:    ... okay on input line 35.
LaTeX Font Info:    Checking defaults for U/cmr/m/n on input line 35.
LaTeX Font Info:    ... okay on input line 35.

(/usr/local/texlive/2017/texmf-dist/tex/context/base/mkii/supp-pdf.mkii
[Loading MPS to PDF converter (version 2006.09.02).]
\scratchcounter=\count287
\scratchdimen=\dimen199
\scratchbox=\box56
\nofMPsegments=\count288
\nofMParguments=\count289
\everyMPshowfont=\toks28
\MPscratchCnt=\count290
\MPscratchDim=\dimen256
\MPnumerator=\count291
\makeMPintoPDFobject=\count292
\everyMPtoPDFconversion=\toks29
) (/usr/local/texlive/2017/texmf-dist/tex/latex/oberdiek/epstopdf-base.sty
Package: epstopdf-base 2016/05/15 v2.6 Base part for package epstopdf

(/usr/local/texlive/2017/texmf-dist/tex/generic/oberdiek/infwarerr.sty
Package: infwarerr 2016/05/16 v1.4 Providing info/warning/error messages (HO)
)
(/usr/local/texlive/2017/texmf-dist/tex/latex/oberdiek/grfext.sty
Package: grfext 2016/05/16 v1.2 Manage graphics extensions (HO)

(/usr/local/texlive/2017/texmf-dist/tex/generic/oberdiek/kvdefinekeys.sty
Package: kvdefinekeys 2016/05/16 v1.4 Define keys (HO)

(/usr/local/texlive/2017/texmf-dist/tex/generic/oberdiek/ltxcmds.sty
Package: ltxcmds 2016/05/16 v1.23 LaTeX kernel commands for general use (HO)
)))
(/usr/local/texlive/2017/texmf-dist/tex/latex/oberdiek/kvoptions.sty
Package: kvoptions 2016/05/16 v3.12 Key value format for package options (HO)

(/usr/local/texlive/2017/texmf-dist/tex/generic/oberdiek/kvsetkeys.sty
Package: kvsetkeys 2016/05/16 v1.17 Key value parser (HO)

(/usr/local/texlive/2017/texmf-dist/tex/generic/oberdiek/etexcmds.sty
Package: etexcmds 2016/05/16 v1.6 Avoid name clashes with e-TeX commands (HO)

(/usr/local/texlive/2017/texmf-dist/tex/generic/oberdiek/ifluatex.sty
Package: ifluatex 2016/05/16 v1.4 Provides the ifluatex switch (HO)
Package ifluatex Info: LuaTeX not detected.
)
Package etexcmds Info: Could not find \expanded.
(etexcmds)             That can mean that you are not using pdfTeX 1.50 or
(etexcmds)             that some package has redefined \expanded.
(etexcmds)             In the latter case, load this package earlier.
)))
(/usr/local/texlive/2017/texmf-dist/tex/generic/oberdiek/pdftexcmds.sty
Package: pdftexcmds 2017/03/19 v0.25 Utility functions of pdfTeX for LuaTeX (HO
)
Package pdftexcmds Info: LuaTeX not detected.
Package pdftexcmds Info: \pdf@primitive is available.
Package pdftexcmds Info: \pdf@ifprimitive is available.
Package pdftexcmds Info: \pdfdraftmode found.
)
Package epstopdf-base Info: Redefining graphics rule for `.eps' on input line 4
38.
Package grfext Info: Graphics extension search list:
(grfext)             [.pdf,.png,.jpg,.mps,.jpeg,.jbig2,.jb2,.PDF,.PNG,.JPG,.JPE
G,.JBIG2,.JB2,.eps]
(grfext)             \AppendGraphicsExtensions on input line 456.

(/usr/local/texlive/2017/texmf-dist/tex/latex/latexconfig/epstopdf-sys.cfg
File: epstopdf-sys.cfg 2010/07/13 v1.3 Configuration of (r)epstopdf for TeX Liv
e
))
Package caption Info: Begin \AtBeginDocument code.
Package caption Info: float package is loaded.
Package caption Info: End \AtBeginDocument code.

*geometry* driver: auto-detecting
*geometry* detected driver: pdftex
*geometry* verbose mode - [ preamble ] result:
* driver: pdftex
* paper: <default>
* layout: <same size as paper>
* layoutoffset:(h,v)=(0.0pt,0.0pt)
* modes: 
* h-part:(L,W,R)=(72.26999pt, 469.75502pt, 72.26999pt)
* v-part:(T,H,B)=(72.26999pt, 650.43001pt, 72.26999pt)
* \paperwidth=614.295pt
* \paperheight=794.96999pt
* \textwidth=469.75502pt
* \textheight=650.43001pt
* \oddsidemargin=0.0pt
* \evensidemargin=0.0pt
* \topmargin=-37.0pt
* \headheight=12.0pt
* \headsep=25.0pt
* \topskip=10.0pt
* \footskip=30.0pt
* \marginparwidth=65.0pt
* \marginparsep=11.0pt
* \columnsep=10.0pt
* \skip\footins=9.0pt plus 4.0pt minus 2.0pt
* \hoffset=0.0pt
* \voffset=0.0pt
* \mag=1000
* \@twocolumnfalse
* \@twosidefalse
* \@mparswitchfalse
* \@reversemarginfalse
* (1in=72.27pt=25.4mm, 1cm=28.453pt)


(/usr/local/texlive/2017/texmf-dist/tex/latex/beamer/translator/dicts/translato
r-basic-dictionary/translator-basic-dictionary-English.dict
Dictionary: translator-basic-dictionary, Language: English 
)
(/usr/local/texlive/2017/texmf-dist/tex/latex/siunitx/siunitx-abbreviations.cfg
File: siunitx-abbreviations.cfg 2017/08/02 v2.7j siunitx: Abbreviated units
)
LaTeX Info: Redefining \celsius on input line 35.
Package gensymb Info: Faking symbols for \degree and \celsius on input line 35.



Package gensymb Warning: Not defining \perthousand.

LaTeX Info: Redefining \ohm on input line 35.
Package gensymb Info: Using \Omega for \ohm on input line 35.

Package gensymb Warning: Not defining \micro.

\c__siunitx_mathsf_int=\count293
LaTeX Font Info:    Try loading font information for U+msa on input line 35.
(/usr/local/texlive/2017/texmf-dist/tex/latex/amsfonts/umsa.fd
File: umsa.fd 2013/01/14 v3.01 AMS symbols A
)
LaTeX Font Info:    Try loading font information for U+msb on input line 35.

(/usr/local/texlive/2017/texmf-dist/tex/latex/amsfonts/umsb.fd
File: umsb.fd 2013/01/14 v3.01 AMS symbols B
)
\c__siunitx_mathtt_int=\count294
 [1

{/usr/local/texlive/2017/texmf-var/fonts/map/pdftex/updmap/pdftex.map}] [1

]
Package epstopdf Info: Source file: <./figures/NaGA3C11_colorcoded.eps>
(epstopdf)                    date: 2019-05-06 12:36:12
(epstopdf)                    size: 17335 bytes
(epstopdf)             Output file: <./figures/NaGA3C11_colorcoded-eps-converte
d-to.pdf>
(epstopdf)                    date: 2019-05-06 12:40:24
(epstopdf)                    size: 5062 bytes
(epstopdf)             Command: <repstopdf --outfile=./figures/NaGA3C11_colorco
ded-eps-converted-to.pdf ./figures/NaGA3C11_colorcoded.eps>
(epstopdf)             \includegraphics on input line 187.
Package epstopdf Info: Output file is already uptodate.
<./figures/NaGA3C11_colorcoded-eps-converted-to.pdf, id=14, pagebox=cropbox, 33
5.2525pt x 116.435pt>
File: ./figures/NaGA3C11_colorcoded-eps-converted-to.pdf Graphic file (type pdf
)
<use ./figures/NaGA3C11_colorcoded-eps-converted-to.pdf>
Package pdftex.def Info: ./figures/NaGA3C11_colorcoded-eps-converted-to.pdf  us
ed on input line 187. on input line 187.
Package pdftex.def Info: Requested size: 206.69412pt x 71.78564pt on input line
 187.
<./figures/q1_monomer.png, id=15, 463.13025pt x 395.97937pt>
File: ./figures/q1_monomer.png Graphic file (type png)
<use ./figures/q1_monomer.png>
Package pdftex.def Info: ./figures/q1_monomer.png  used on input line 193. on i
nput line 193.
Package pdftex.def Info: Requested size: 131.52882pt x 112.45651pt on input lin
e 193.
 [2 <./figures/NaGA3C11_colorcoded-eps-converted-to.pdf> <./figures/q1_monomer.
png>] [3]
Package epstopdf Info: Source file: <./figures/NaGA3C11_wedge.eps>
(epstopdf)                    date: 2019-05-06 13:17:12
(epstopdf)                    size: 17095 bytes
(epstopdf)             Output file: <./figures/NaGA3C11_wedge-eps-converted-to.
pdf>
(epstopdf)                    date: 2019-05-06 13:17:17
(epstopdf)                    size: 5046 bytes
(epstopdf)             Command: <repstopdf --outfile=./figures/NaGA3C11_wedge-e
ps-converted-to.pdf ./figures/NaGA3C11_wedge.eps>
(epstopdf)             \includegraphics on input line 358.
Package epstopdf Info: Output file is already uptodate.
<./figures/NaGA3C11_wedge-eps-converted-to.pdf, id=32, pagebox=cropbox, 335.252
5pt x 116.435pt>
File: ./figures/NaGA3C11_wedge-eps-converted-to.pdf Graphic file (type pdf)
<use ./figures/NaGA3C11_wedge-eps-converted-to.pdf>
Package pdftex.def Info: ./figures/NaGA3C11_wedge-eps-converted-to.pdf  used on
 input line 358. on input line 358.
Package pdftex.def Info: Requested size: 152.66895pt x 53.02242pt on input line
 358.
<./figures/columns.pdf, id=33, pagebox=cropbox, 444.66125pt x 444.66125pt>
File: ./figures/columns.pdf Graphic file (type pdf)
<use ./figures/columns.pdf>
Package pdftex.def Info: ./figures/columns.pdf  used on input line 374. on inpu
t line 374.
Package pdftex.def Info: Requested size: 91.6023pt x 91.59717pt on input line 3
74.
<./figures/hexagonal_packing.pdf, id=34, pagebox=cropbox, 526.96875pt x 526.968
75pt>
File: ./figures/hexagonal_packing.pdf Graphic file (type pdf)
<use ./figures/hexagonal_packing.pdf>
Package pdftex.def Info: ./figures/hexagonal_packing.pdf  used on input line 37
9. on input line 379.
Package pdftex.def Info: Requested size: 91.6023pt x 91.60176pt on input line 3
79.

[4]
<./figures/p2p.pdf, id=41, pagebox=cropbox, 722.7pt x 361.35pt>
File: ./figures/p2p.pdf Graphic file (type pdf)
<use ./figures/p2p.pdf>
Package pdftex.def Info: ./figures/p2p.pdf  used on input line 410. on input li
ne 410.
Package pdftex.def Info: Requested size: 234.8775pt x 117.43735pt on input line
 410.
 [5 <./figures/NaGA3C11_wedge-eps-converted-to.pdf> <./figures/columns.pdf> <./
figures/hexagonal_packing.pdf> <./figures/p2p.pdf>]
<./figures/WAXS_annotated_words.pdf, id=106, pagebox=cropbox, 551.05875pt x 460
.72125pt>
File: ./figures/WAXS_annotated_words.pdf Graphic file (type pdf)
<use ./figures/WAXS_annotated_words.pdf>
Package pdftex.def Info: ./figures/WAXS_annotated_words.pdf  used on input line
 446. on input line 446.
Package pdftex.def Info: Requested size: 149.61723pt x 125.08534pt on input lin
e 446.
<./figures/solvated_offset_rzplot_1.pdf, id=107, pagebox=cropbox, 559.08875pt x
 454.69875pt>
File: ./figures/solvated_offset_rzplot_1.pdf Graphic file (type pdf)
<use ./figures/solvated_offset_rzplot_1.pdf>
Package pdftex.def Info: ./figures/solvated_offset_rzplot_1.pdf  used on input 
line 450. on input line 450.
Package pdftex.def Info: Requested size: 149.61723pt x 121.68102pt on input lin
e 450.
<./figures/regional_density_legend.pdf, id=108, pagebox=cropbox, 777.19124pt x 
55.84865pt>
File: ./figures/regional_density_legend.pdf Graphic file (type pdf)
<use ./figures/regional_density_legend.pdf>
Package pdftex.def Info: ./figures/regional_density_legend.pdf  used on input l
ine 489. on input line 489.
Package pdftex.def Info: Requested size: 469.75502pt x 33.75572pt on input line
 489.
<./figures/head_group_density.pdf, id=109, pagebox=cropbox, 462.52798pt x 346.8
9601pt>
File: ./figures/head_group_density.pdf Graphic file (type pdf)
<use ./figures/head_group_density.pdf>
Package pdftex.def Info: ./figures/head_group_density.pdf  used on input line 4
92. on input line 492.
Package pdftex.def Info: Requested size: 150.32504pt x 112.74515pt on input lin
e 492.
<./figures/tails_density.pdf, id=110, pagebox=cropbox, 462.52798pt x 346.89601p
t>
File: ./figures/tails_density.pdf Graphic file (type pdf)
<use ./figures/tails_density.pdf>
Package pdftex.def Info: ./figures/tails_density.pdf  used on input line 497. o
n input line 497.
Package pdftex.def Info: Requested size: 150.32504pt x 112.74515pt on input lin
e 497.
<./figures/sodium_density.pdf, id=111, pagebox=cropbox, 462.52798pt x 346.89601
pt>
File: ./figures/sodium_density.pdf Graphic file (type pdf)
<use ./figures/sodium_density.pdf>
Package pdftex.def Info: ./figures/sodium_density.pdf  used on input line 502. 
on input line 502.
Package pdftex.def Info: Requested size: 150.32504pt x 112.74515pt on input lin
e 502.
 [6 <./figures/WAXS_annotated_words.pdf> <./figures/solvated_offset_rzplot_1.pd
f>]
<./figures/component_density_5wt.pdf, id=131, pagebox=cropbox, 462.52798pt x 34
6.89601pt>
File: ./figures/component_density_5wt.pdf Graphic file (type pdf)
<use ./figures/component_density_5wt.pdf>
Package pdftex.def Info: ./figures/component_density_5wt.pdf  used on input lin
e 547. on input line 547.
Package pdftex.def Info: Requested size: 149.61723pt x 112.21054pt on input lin
e 547.
<./figures/component_density_10wt.pdf, id=132, pagebox=cropbox, 462.52798pt x 3
46.89601pt>
File: ./figures/component_density_10wt.pdf Graphic file (type pdf)
<use ./figures/component_density_10wt.pdf>
Package pdftex.def Info: ./figures/component_density_10wt.pdf  used on input li
ne 551. on input line 551.
Package pdftex.def Info: Requested size: 149.61723pt x 112.21054pt on input lin
e 551.

Underfull \hbox (badness 2293) in paragraph at lines 574--579
[]\OT1/cmr/m/n/10 Water and sodium trans-port
 []

[7 <./figures/regional_density_legend.pdf> <./figures/head_group_density.pdf

pdfTeX warning: pdflatex (file ./figures/head_group_density.pdf): PDF inclusion
: multiple pdfs with page group included in a single page
> <./figures/tails_density.pdf

pdfTeX warning: pdflatex (file ./figures/tails_density.pdf): PDF inclusion: mul
tiple pdfs with page group included in a single page
> <./figures/sodium_density.pdf

pdfTeX warning: pdflatex (file ./figures/sodium_density.pdf): PDF inclusion: mu
ltiple pdfs with page group included in a single page
> <./figures/component_density_5wt.pdf

pdfTeX warning: pdflatex (file ./figures/component_density_5wt.pdf): PDF inclus
ion: multiple pdfs with page group included in a single page
> <./figures/component_density_10wt.pdf

pdfTeX warning: pdflatex (file ./figures/component_density_10wt.pdf): PDF inclu
sion: multiple pdfs with page group included in a single page
>]
<./figures/solute_table.pdf, id=368, pagebox=cropbox, 477.71675pt x 317.22313pt
>
File: ./figures/solute_table.pdf Graphic file (type pdf)
<use ./figures/solute_table.pdf>
Package pdftex.def Info: ./figures/solute_table.pdf  used on input line 588. on
 input line 588.
Package pdftex.def Info: Requested size: 469.75502pt x 311.95111pt on input lin
e 588.
<./figures/all_5wt_tamsds.pdf, id=369, pagebox=cropbox, 462.52798pt x 346.89601
pt>
File: ./figures/all_5wt_tamsds.pdf Graphic file (type pdf)
<use ./figures/all_5wt_tamsds.pdf>
Package pdftex.def Info: ./figures/all_5wt_tamsds.pdf  used on input line 620. 
on input line 620.
Package pdftex.def Info: Requested size: 137.40111pt x 103.0533pt on input line
 620.
<./figures/all_10wt_tamsds.pdf, id=370, pagebox=cropbox, 462.52798pt x 346.8960
1pt>
File: ./figures/all_10wt_tamsds.pdf Graphic file (type pdf)
<use ./figures/all_10wt_tamsds.pdf>
Package pdftex.def Info: ./figures/all_10wt_tamsds.pdf  used on input line 624.
 on input line 624.
Package pdftex.def Info: Requested size: 137.40111pt x 103.0533pt on input line
 624.
<./figures/msd_radius_5wt.pdf, id=371, pagebox=cropbox, 462.52798pt x 346.89601
pt>
File: ./figures/msd_radius_5wt.pdf Graphic file (type pdf)
<use ./figures/msd_radius_5wt.pdf>
Package pdftex.def Info: ./figures/msd_radius_5wt.pdf  used on input line 628. 
on input line 628.
Package pdftex.def Info: Requested size: 137.40111pt x 103.0533pt on input line
 628.
<./figures/msd_radius_10wt.pdf, id=372, pagebox=cropbox, 462.52798pt x 346.8960
1pt>
File: ./figures/msd_radius_10wt.pdf Graphic file (type pdf)
<use ./figures/msd_radius_10wt.pdf>
Package pdftex.def Info: ./figures/msd_radius_10wt.pdf  used on input line 632.
 on input line 632.
Package pdftex.def Info: Requested size: 137.40111pt x 103.0533pt on input line
 632.
 [8 <./figures/solute_table.pdf>]
Underfull \hbox (badness 1675) in paragraph at lines 644--653
\OT1/cmr/m/n/10 d-if-fu-sive so-lute trans-port be-hav-
 []


Underfull \hbox (badness 1147) in paragraph at lines 644--653
\OT1/cmr/m/n/10 ior. As im-plied by Fig-ures 8c[]
 []


Underfull \hbox (badness 3098) in paragraph at lines 644--653
\OT1/cmr/m/n/10 Fig-ure 9a[], I've plot-ted the $\OML/cmm/m/it/10 z$\OT1/cmr/m/
n/10 -
 []


Underfull \hbox (badness 1838) in paragraph at lines 644--653
\OT1/cmr/m/n/10 cen-ter. The MSD curve av-er-
 []


Package wrapfig Warning: Collision between wrapping environments on input line 
654.

<./figures/colorful_example_ztraces.pdf, id=629, pagebox=cropbox, 462.52798pt x
 346.89601pt>
File: ./figures/colorful_example_ztraces.pdf Graphic file (type pdf)
<use ./figures/colorful_example_ztraces.pdf>
Package pdftex.def Info: ./figures/colorful_example_ztraces.pdf  used on input 
line 657. on input line 657.
Package pdftex.def Info: Requested size: 138.11092pt x 103.58263pt on input lin
e 657.
<./figures/example_msd.pdf, id=630, pagebox=cropbox, 462.52798pt x 346.89601pt>

File: ./figures/example_msd.pdf Graphic file (type pdf)
<use ./figures/example_msd.pdf>
Package pdftex.def Info: ./figures/example_msd.pdf  used on input line 661. on 
input line 661.
Package pdftex.def Info: Requested size: 138.11092pt x 103.58263pt on input lin
e 661.

Package wrapfig Warning: Stationary wrapfigure forced to float on input line 67
4.

<./figures/hop_length.pdf, id=631, pagebox=cropbox, 462.52798pt x 346.89601pt>
File: ./figures/hop_length.pdf Graphic file (type pdf)
<use ./figures/hop_length.pdf>
Package pdftex.def Info: ./figures/hop_length.pdf  used on input line 689. on i
nput line 689.
Package pdftex.def Info: Requested size: 152.66895pt x 114.5025pt on input line
 689.
<./figures/frac_time_spent.pdf, id=632, pagebox=cropbox, 462.52798pt x 346.8960
1pt>
File: ./figures/frac_time_spent.pdf Graphic file (type pdf)
<use ./figures/frac_time_spent.pdf>
Package pdftex.def Info: ./figures/frac_time_spent.pdf  used on input line 693.
 on input line 693.
Package pdftex.def Info: Requested size: 152.66895pt x 114.5025pt on input line
 693.
<./figures/hopfreq_total.pdf, id=633, pagebox=cropbox, 462.52798pt x 346.89601p
t>
File: ./figures/hopfreq_total.pdf Graphic file (type pdf)
<use ./figures/hopfreq_total.pdf>
Package pdftex.def Info: ./figures/hopfreq_total.pdf  used on input line 697. o
n input line 697.
Package pdftex.def Info: Requested size: 152.66895pt x 114.5025pt on input line
 697.
[9 <./figures/all_5wt_tamsds.pdf> <./figures/all_10wt_tamsds.pdf

pdfTeX warning: pdflatex (file ./figures/all_10wt_tamsds.pdf): PDF inclusion: m
ultiple pdfs with page group included in a single page
> <./figures/msd_radius_5wt.pdf

pdfTeX warning: pdflatex (file ./figures/msd_radius_5wt.pdf): PDF inclusion: mu
ltiple pdfs with page group included in a single page
> <./figures/msd_radius_10wt.pdf

pdfTeX warning: pdflatex (file ./figures/msd_radius_10wt.pdf): PDF inclusion: m
ultiple pdfs with page group included in a single page
> <./figures/colorful_example_ztraces.pdf

pdfTeX warning: pdflatex (file ./figures/colorful_example_ztraces.pdf): PDF inc
lusion: multiple pdfs with page group included in a single page
> <./figures/example_msd.pdf

pdfTeX warning: pdflatex (file ./figures/example_msd.pdf): PDF inclusion: multi
ple pdfs with page group included in a single page
>]
<./figures/nhbonds_all.pdf, id=883, pagebox=cropbox, 462.52798pt x 346.89601pt>

File: ./figures/nhbonds_all.pdf Graphic file (type pdf)
<use ./figures/nhbonds_all.pdf>
Package pdftex.def Info: ./figures/nhbonds_all.pdf  used on input line 728. on 
input line 728.
Package pdftex.def Info: Requested size: 161.12706pt x 120.84375pt on input lin
e 728.
<./figures/hbond_lifetime.pdf, id=884, pagebox=cropbox, 462.52798pt x 346.89601
pt>
File: ./figures/hbond_lifetime.pdf Graphic file (type pdf)
<use ./figures/hbond_lifetime.pdf>
Package pdftex.def Info: ./figures/hbond_lifetime.pdf  used on input line 732. 
on input line 732.
Package pdftex.def Info: Requested size: 161.12706pt x 120.84375pt on input lin
e 732.

Overfull \hbox (0.65565pt too wide) in paragraph at lines 746--760
\OT1/cmr/m/n/10 so-lutes do-nate hy-dro-gen bonds
 []


Underfull \hbox (badness 2237) in paragraph at lines 746--760
\OT1/cmr/m/n/10 group each frame de-scends
 []


Underfull \hbox (badness 1264) in paragraph at lines 746--760
\OT1/cmr/m/n/10 as the num-ber of hy-droxyl
 []

[10 <./figures/hop_length.pdf> <./figures/frac_time_spent.pdf

pdfTeX warning: pdflatex (file ./figures/frac_time_spent.pdf): PDF inclusion: m
ultiple pdfs with page group included in a single page
> <./figures/hopfreq_total.pdf

pdfTeX warning: pdflatex (file ./figures/hopfreq_total.pdf): PDF inclusion: mul
tiple pdfs with page group included in a single page
> <./figures/nhbonds_all.pdf

pdfTeX warning: pdflatex (file ./figures/nhbonds_all.pdf): PDF inclusion: multi
ple pdfs with page group included in a single page
> <./figures/hbond_lifetime.pdf

pdfTeX warning: pdflatex (file ./figures/hbond_lifetime.pdf): PDF inclusion: mu
ltiple pdfs with page group included in a single page
>]
<./figures/all_solutes_NA_coordination.pdf, id=1132, pagebox=cropbox, 462.52798
pt x 346.89601pt>
File: ./figures/all_solutes_NA_coordination.pdf Graphic file (type pdf)
<use ./figures/all_solutes_NA_coordination.pdf>
Package pdftex.def Info: ./figures/all_solutes_NA_coordination.pdf  used on inp
ut line 764. on input line 764.
Package pdftex.def Info: Requested size: 161.12706pt x 120.84375pt on input lin
e 764.
<./figures/all_NA_dwells.pdf, id=1133, pagebox=cropbox, 462.52798pt x 346.89601
pt>
File: ./figures/all_NA_dwells.pdf Graphic file (type pdf)
<use ./figures/all_NA_dwells.pdf>
Package pdftex.def Info: ./figures/all_NA_dwells.pdf  used on input line 768. o
n input line 768.
Package pdftex.def Info: Requested size: 161.12706pt x 120.84375pt on input lin
e 768.

Overfull \hbox (7.85008pt too wide) in paragraph at lines 778--789
[][]\OT1/cmr/m/n/10 Solutes with car-bonyl groups
 []


Underfull \hbox (badness 3849) in paragraph at lines 778--789
\OT1/cmr/m/n/10 so-lutes con-tain a car-bonyl
 []


Underfull \hbox (badness 7595) in paragraph at lines 778--789
\OT1/cmr/m/n/10 group, ex-cept for DMSO
 []


Overfull \hbox (2.29454pt too wide) in paragraph at lines 778--789
\OT1/cmr/m/n/10 which has an anal-o-gous sulfinyl
 []


Underfull \hbox (badness 5022) in paragraph at lines 778--789
\OT1/cmr/m/n/10 ion as-so-ci-a-tion for so-lutes
 []

<./figures/hop_distribution_GCL.pdf, id=1134, pagebox=cropbox, 462.52798pt x 34
6.89601pt>
File: ./figures/hop_distribution_GCL.pdf Graphic file (type pdf)
<use ./figures/hop_distribution_GCL.pdf>
Package pdftex.def Info: ./figures/hop_distribution_GCL.pdf  used on input line
 793. on input line 793.
Package pdftex.def Info: Requested size: 152.66895pt x 114.5025pt on input line
 793.
<./figures/dwell_distribution_GCL.pdf, id=1135, pagebox=cropbox, 462.52798pt x 
346.89601pt>
File: ./figures/dwell_distribution_GCL.pdf Graphic file (type pdf)
<use ./figures/dwell_distribution_GCL.pdf>
Package pdftex.def Info: ./figures/dwell_distribution_GCL.pdf  used on input li
ne 797. on input line 797.
Package pdftex.def Info: Requested size: 152.66895pt x 114.5025pt on input line
 797.
<./figures/hop_acf_GCL.pdf, id=1136, pagebox=cropbox, 462.52798pt x 346.89601pt
>
File: ./figures/hop_acf_GCL.pdf Graphic file (type pdf)
<use ./figures/hop_acf_GCL.pdf>
Package pdftex.def Info: ./figures/hop_acf_GCL.pdf  used on input line 801. on 
input line 801.
Package pdftex.def Info: Requested size: 152.66895pt x 114.5025pt on input line
 801.
[11 <./figures/all_solutes_NA_coordination.pdf> <./figures/all_NA_dwells.pdf

pdfTeX warning: pdflatex (file ./figures/all_NA_dwells.pdf): PDF inclusion: mul
tiple pdfs with page group included in a single page
> <./figures/hop_distribution_GCL.pdf

pdfTeX warning: pdflatex (file ./figures/hop_distribution_GCL.pdf): PDF inclusi
on: multiple pdfs with page group included in a single page
> <./figures/dwell_distribution_GCL.pdf

pdfTeX warning: pdflatex (file ./figures/dwell_distribution_GCL.pdf): PDF inclu
sion: multiple pdfs with page group included in a single page
> <./figures/hop_acf_GCL.pdf

pdfTeX warning: pdflatex (file ./figures/hop_acf_GCL.pdf): PDF inclusion: multi
ple pdfs with page group included in a single page
>]
<./figures/all_tamsds.pdf, id=1401, pagebox=cropbox, 462.52798pt x 346.89601pt>

File: ./figures/all_tamsds.pdf Graphic file (type pdf)
<use ./figures/all_tamsds.pdf>
Package pdftex.def Info: ./figures/all_tamsds.pdf  used on input line 832. on i
nput line 832.
Package pdftex.def Info: Requested size: 187.89914pt x 140.92615pt on input lin
e 832.
<./figures/breakpoints.pdf, id=1402, pagebox=cropbox, 381.5856pt x 304.2567pt>
File: ./figures/breakpoints.pdf Graphic file (type pdf)
<use ./figures/breakpoints.pdf>
Package pdftex.def Info: ./figures/breakpoints.pdf  used on input line 868. on 
input line 868.
Package pdftex.def Info: Requested size: 187.89914pt x 149.8206pt on input line
 868.
 [12 <./figures/all_tamsds.pdf> <./figures/breakpoints.pdf

pdfTeX warning: pdflatex (file ./figures/breakpoints.pdf): PDF inclusion: multi
ple pdfs with page group included in a single page
>]
<./figures/markov_states_timeseries.png, id=1489, 647.0574pt x 251.9814pt>
File: ./figures/markov_states_timeseries.png Graphic file (type png)
<use ./figures/markov_states_timeseries.png>
Package pdftex.def Info: ./figures/markov_states_timeseries.png  used on input 
line 920. on input line 920.
Package pdftex.def Info: Requested size: 340.57526pt x 132.63055pt on input lin
e 920.
<./figures/markov.png, id=1490, 276.5532pt x 278.4804pt>
File: ./figures/markov.png Graphic file (type png)
<use ./figures/markov.png>
Package pdftex.def Info: ./figures/markov.png  used on input line 924. on input
 line 924.
Package pdftex.def Info: Requested size: 117.43875pt x 118.25699pt on input lin
e 924.
 [13 <./figures/markov_states_timeseries.png> <./figures/markov.png>]
<./figures/gyroid.png, id=1501, 582.175pt x 582.175pt>
File: ./figures/gyroid.png Graphic file (type png)
<use ./figures/gyroid.png>
Package pdftex.def Info: ./figures/gyroid.png  used on input line 977. on input
 line 977.
Package pdftex.def Info: Requested size: 138.11092pt x 138.1081pt on input line
 977.
<./figures/schwarz.png, id=1502, 479.7925pt x 479.7925pt>
File: ./figures/schwarz.png Graphic file (type png)
<use ./figures/schwarz.png>
Package pdftex.def Info: ./figures/schwarz.png  used on input line 981. on inpu
t line 981.
Package pdftex.def Info: Requested size: 138.11092pt x 138.1113pt on input line
 981.

[14 <./figures/gyroid.png> <./figures/schwarz.png>]
LaTeX Font Info:    Try loading font information for OMS+cmr on input line 1049
.

(/usr/local/texlive/2017/texmf-dist/tex/latex/base/omscmr.fd
File: omscmr.fd 2014/09/29 v2.5h Standard LaTeX font definitions
)
LaTeX Font Info:    Font shape `OMS/cmr/m/n' in size <10> not available
(Font)              Font shape `OMS/cmsy/m/n' tried instead on input line 1049.

 [15] (./Draft.bbl
Missing character: There is no Ã in font cmr10!
Missing character: There is no ¶ in font cmr10!
Missing character: There is no â in font cmr10!
Missing character: There is no € in font cmr10!
Missing character: There is no ™ in font cmr10!
[16]
Missing character: There is no Â in font cmr10!
Missing character: There is no   in font cmr10!
Missing character: There is no Â in font cmr10!
Missing character: There is no   in font cmr10!
 [17]
Missing character: There is no Ï in font cmr10!
Missing character: There is no ‰ in font cmr10!
Missing character: There is no Ï in font cmr10!
Missing character: There is no € in font cmr10!
Missing character: There is no â in font cmr10!
Missing character: There is no ˆ in font cmr10!
Missing character: There is no ’ in font cmr10!
Missing character: There is no Ï in font cmr10!
Missing character: There is no € in font cmr10!
Missing character: There is no â in font cmr10!
Missing character: There is no € in font cmr10!
Missing character: There is no ‰ in font cmr10!
 [18]
Missing character: There is no Ã in font cmr10!
Missing character: There is no © in font cmr10!
Missing character: There is no â in font cmr10!
Missing character: There is no € in font cmr10!
Missing character: There is no ‰ in font cmr10!
) [19] (./Draft.aux) ) 
Here is how much of TeX's memory you used:
 18183 strings out of 492990
 365401 string characters out of 6132621
 416868 words of memory out of 5000000
 21508 multiletter control sequences out of 15000+600000
 544320 words of font info for 77 fonts, out of 8000000 for 9000
 1141 hyphenation exceptions out of 8191
 42i,15n,77p,10377b,670s stack positions out of 5000i,500n,10000p,200000b,80000s
</usr/local/texlive/2017/texmf-dist/fonts/type1/public/am
sfonts/cm/cmbx10.pfb></usr/local/texlive/2017/texmf-dist/fonts/type1/public/ams
fonts/cm/cmbx12.pfb></usr/local/texlive/2017/texmf-dist/fonts/type1/public/amsf
onts/cm/cmcsc10.pfb></usr/local/texlive/2017/texmf-dist/fonts/type1/public/amsf
onts/cm/cmmi10.pfb></usr/local/texlive/2017/texmf-dist/fonts/type1/public/amsfo
nts/cm/cmmi7.pfb></usr/local/texlive/2017/texmf-dist/fonts/type1/public/amsfont
s/cm/cmmi9.pfb></usr/local/texlive/2017/texmf-dist/fonts/type1/public/amsfonts/
cm/cmr10.pfb></usr/local/texlive/2017/texmf-dist/fonts/type1/public/amsfonts/cm
/cmr12.pfb></usr/local/texlive/2017/texmf-dist/fonts/type1/public/amsfonts/cm/c
mr17.pfb></usr/local/texlive/2017/texmf-dist/fonts/type1/public/amsfonts/cm/cmr
6.pfb></usr/local/texlive/2017/texmf-dist/fonts/type1/public/amsfonts/cm/cmr7.p
fb></usr/local/texlive/2017/texmf-dist/fonts/type1/public/amsfonts/cm/cmr8.pfb>
</usr/local/texlive/2017/texmf-dist/fonts/type1/public/amsfonts/cm/cmr9.pfb></u
sr/local/texlive/2017/texmf-dist/fonts/type1/public/amsfonts/cm/cmsy10.pfb></us
r/local/texlive/2017/texmf-dist/fonts/type1/public/amsfonts/cm/cmsy7.pfb></usr/
local/texlive/2017/texmf-dist/fonts/type1/public/amsfonts/cm/cmsy9.pfb></usr/lo
cal/texlive/2017/texmf-dist/fonts/type1/public/amsfonts/cm/cmti10.pfb></usr/loc
al/texlive/2017/texmf-dist/fonts/type1/public/amsfonts/cm/cmti12.pfb></usr/loca
l/texlive/2017/texmf-dist/fonts/type1/public/amsfonts/cm/cmti8.pfb></usr/local/
texlive/2017/texmf-dist/fonts/type1/public/amsfonts/cm/cmtt10.pfb>
Output written on Draft.pdf (20 pages, 2217015 bytes).
PDF statistics:
 1585 PDF objects out of 1728 (max. 8388607)
 482 compressed objects within 5 object streams
 0 named destinations out of 1000 (max. 500000)
 186 words of extra memory for PDF output out of 10000 (max. 10000000)

