            --------------------------------------------------------
                             AMBER SQM VERSION 14
 
                                     By
              Ross C. Walker, Michael F. Crowley, Scott Brozell,
                         Tim Giese, Andreas W. Goetz,
                        Tai-Sung Lee and David A. Case
 
            --------------------------------------------------------
 

--------------------------------------------------------------------------------
  QM CALCULATION INFO
--------------------------------------------------------------------------------

| QMMM: Citation for AMBER QMMM Run:
| QMMM: R.C. Walker, M.F. Crowley and D.A. Case, J. COMP. CHEM. 29:1019, 2008

QMMM: SINGLET STATE CALCULATION
QMMM: RHF CALCULATION, NO. OF DOUBLY OCCUPIED LEVELS =342

| QMMM: *** Selected Hamiltonian *** 
| QMMM: AM1         

| QMMM: *** Parameter sets in use ***
| QMMM: C : M.J.S.DEWAR et al. JACS, 107, 3902, (1985)
| QMMM: O : M.J.S.DEWAR et al. JACS, 107, 3902, (1985)
| QMMM: H : M.J.S.DEWAR et al. JACS, 107, 3902, (1985)

| QMMM: *** SCF convergence criteria ***
| QMMM: Energy change                :  0.1D-09 kcal/mol
| QMMM: Error matrix |FP-PF|         :  0.1D+00 au
| QMMM: Density matrix change        :  0.5D-06
| QMMM: Maximum number of SCF cycles :     1000

| QMMM: *** Diagonalization Routine Information ***
| QMMM: Pseudo diagonalizations are allowed.
| QMMM: Auto diagonalization routine selection is in use.
| QMMM:
| QMMM: Timing diagonalization routines:
| QMMM:                              norbs =      638
| QMMM:    diag iterations used for timing =        1
| QMMM:
| QMMM:              Internal diag routine = 0.649555 seconds
| QMMM:                 Dspev diag routine = 0.691420 seconds
| QMMM:                Dspevd diag routine = 0.378383 seconds
| QMMM:                Dspevx diag routine = 1.019890 seconds
| QMMM:                 Dsyev diag routine = 0.474576 seconds
| QMMM:                Dsyevd diag routine = 0.323663 seconds
| QMMM:                Dsyevr diag routine = 0.296573 seconds
| QMMM:
| QMMM:                Pseudo diag routine = 0.257061 seconds
| QMMM:
| QMMM: Using dsyevr routine (diag_routine=7).

  QMMM: QM Region Cartesian Coordinates (*=link atom) 
  QMMM: QM_NO.   MM_NO.  ATOM         X         Y         Z
  QMMM:     1        1      C      -22.7540  -21.6130   16.1850
  QMMM:     2        2      C      -22.1560  -20.3540   16.0090
  QMMM:     3        3      C      -21.6010  -19.9990   14.7640
  QMMM:     4        4      C      -21.5770  -20.9420   13.7130
  QMMM:     5        5      C      -22.1800  -22.2040   13.9020
  QMMM:     6        6      C      -22.7880  -22.5590   15.1330
  QMMM:     7        7      C      -14.9460  -20.8240  -11.9280
  QMMM:     8        8      C      -14.4120  -20.2850  -13.1800
  QMMM:     9        9      C      -15.0640  -20.9510  -14.4450
  QMMM:    10       10      C      -15.4140  -22.3520  -14.2170
  QMMM:    11       11      C      -15.6270  -22.8700  -12.9860
  QMMM:    12       12      C      -15.5060  -22.0490  -11.8870
  QMMM:    13       13      O      -22.1280  -19.4710   17.0480
  QMMM:    14       14      O      -21.0520  -18.7560   14.5970
  QMMM:    15       15      O      -20.9780  -20.6300   12.5160
  QMMM:    16       16      O      -14.8470  -20.1170  -10.7840
  QMMM:    17       17      O      -14.5710  -18.8460  -13.1640
  QMMM:    18       18      O      -16.2420  -20.2020  -14.8200
  QMMM:    19       19      C      -20.9320  -19.5810   17.8470
  QMMM:    20       20      C      -20.9370  -18.4530   18.9010
  QMMM:    21       21      C      -20.9390  -17.0370   18.2640
  QMMM:    22       22      C      -20.8940  -15.9130   19.3320
  QMMM:    23       23      C      -20.9010  -14.4960   18.7020
  QMMM:    24       24      C      -20.8980  -13.3660   19.7660
  QMMM:    25       25      C      -20.8850  -11.9570   19.1160
  QMMM:    26       26      C      -20.8940  -10.8040   20.1550
  QMMM:    27       27      C      -20.8360   -9.4090   19.4770
  QMMM:    28       28      C      -21.0150   -8.2330   20.4730
  QMMM:    29       29      C      -20.7820   -6.8490   19.8090
  QMMM:    30       30      C      -21.9750  -17.7880   14.0530
  QMMM:    31       31      C      -21.2520  -16.4330   13.8750
  QMMM:    32       32      C      -20.0980  -16.5130   12.8370
  QMMM:    33       33      C      -19.4250  -15.1390   12.5770
  QMMM:    34       34      C      -18.2540  -15.2400   11.5620
  QMMM:    35       35      C      -17.5420  -13.8840   11.3030
  QMMM:    36       36      C      -16.3450  -14.0520   10.3300
  QMMM:    37       37      C      -15.5500  -12.7500   10.0480
  QMMM:    38       38      C      -14.3840  -12.9890    9.0520
  QMMM:    39       39      C      -13.5760  -11.6750    8.7200
  QMMM:    40       40      C      -12.4340  -11.7040    7.6430
  QMMM:    41       41      C      -19.5620  -20.9260   12.5160
  QMMM:    42       42      C      -18.9040  -20.5210   11.1710
  QMMM:    43       43      C      -17.3750  -20.8030   11.1660
  QMMM:    44       44      C      -16.6660  -20.4700    9.8240
  QMMM:    45       45      C      -15.1580  -20.8460    9.8620
  QMMM:    46       46      C      -14.4030  -20.6040    8.5260
  QMMM:    47       47      C      -12.9280  -21.1000    8.5940
  QMMM:    48       48      C      -12.1350  -20.8520    7.2830
  QMMM:    49       49      C      -10.7030  -21.4620    7.2770
  QMMM:    50       50      C       -9.8990  -21.0310    6.0170
  QMMM:    51       51      C       -8.5210  -21.7310    5.8420
  QMMM:    52       52      C      -13.6170  -20.3660  -10.0670
  QMMM:    53       53      C      -13.6170  -19.6090   -8.7160
  QMMM:    54       54      C      -12.3180  -19.8750   -7.9050
  QMMM:    55       55      C      -12.2550  -19.1570   -6.5260
  QMMM:    56       56      C      -10.9460  -19.5100   -5.7630
  QMMM:    57       57      C      -10.7700  -18.8120   -4.3840
  QMMM:    58       58      C       -9.4310  -19.2320   -3.7070
  QMMM:    59       59      C       -9.1450  -18.5310   -2.3520
  QMMM:    60       60      C       -7.7890  -18.9670   -1.7260
  QMMM:    61       61      C       -7.4990  -18.2450   -0.3820
  QMMM:    62       62      C       -6.1790  -18.6870    0.2920
  QMMM:    63       63      C      -13.7980  -18.1150  -14.1360
  QMMM:    64       64      C      -14.0800  -16.6050  -13.9740
  QMMM:    65       65      C      -13.3560  -15.7600  -15.0530
  QMMM:    66       66      C      -13.6270  -14.2390  -14.9050
  QMMM:    67       67      C      -12.9880  -13.4240  -16.0590
  QMMM:    68       68      C      -13.1760  -11.8890  -15.9120
  QMMM:    69       69      C      -12.5270  -11.1340  -17.1030
  QMMM:    70       70      C      -12.6450   -9.5880  -17.0390
  QMMM:    71       71      C      -11.9190   -8.9250  -18.2430
  QMMM:    72       72      C      -12.1290   -7.3920  -18.3630
  QMMM:    73       73      C      -11.2740   -6.7610  -19.5010
  QMMM:    74       74      C      -16.7620  -20.4230  -16.1500
  QMMM:    75       75      C      -17.9560  -19.4720  -16.3910
  QMMM:    76       76      C      -17.5450  -17.9740  -16.3970
  QMMM:    77       77      C      -18.7500  -17.0450  -16.6900
  QMMM:    78       78      C      -18.3440  -15.5510  -16.7750
  QMMM:    79       79      C      -19.5550  -14.6260  -17.0720
  QMMM:    80       80      C      -19.1390  -13.1350  -17.1860
  QMMM:    81       81      C      -20.3260  -12.1860  -17.5050
  QMMM:    82       82      C      -19.8850  -10.6990  -17.5880
  QMMM:    83       83      C      -21.0080   -9.7430  -18.0780
  QMMM:    84       84      C      -20.6160   -8.2400  -17.9890
  QMMM:    85       85      O      -21.7110   -5.8720   20.3000
  QMMM:    86       86      O      -11.8640  -10.3530    7.4780
  QMMM:    87       87      O       -7.4160  -20.8110    5.8910
  QMMM:    88       88      O       -6.0780  -18.0370    1.5640
  QMMM:    89       89      O      -11.9950   -5.7390  -20.2100
  QMMM:    90       90      O      -21.1110   -7.4970  -19.1140
  QMMM:    91       91      C      -21.5720   -4.5110   20.2310
  QMMM:    92       92      C      -10.8820   -9.7950    6.6390
  QMMM:    93       93      C       -6.0980  -21.1350    5.6800
  QMMM:    94       94      C       -5.0340  -18.1900    2.4200
  QMMM:    95       95      C      -11.4510   -4.7400  -20.9770
  QMMM:    96       96      C      -21.2900   -6.1400  -19.1930
  QMMM:    97       97      O      -20.4980   -4.0050   19.8280
  QMMM:    98       98      O       -9.8510   -9.3550    7.1950
  QMMM:    99       99      O       -5.7820  -22.3050    5.3560
  QMMM:   100      100      C      -22.5840   -3.6630   20.6330
  QMMM:   101      101      C      -23.8560   -4.0450   20.8040
  QMMM:   102      102      C      -11.0320   -9.6530    5.2750
  QMMM:   103      103      C      -12.1580   -9.9230    4.6050
  QMMM:   104      104      C       -5.0280  -20.1120    5.8190
  QMMM:   105      105      C       -4.9400  -19.6040    7.2840
  QMMM:   106      106      O       -4.1650  -17.2890    2.4700
  QMMM:   107      107      C       -4.9710  -19.3430    3.3390
  QMMM:   108      108      C       -5.2300  -18.9350    4.8150
  QMMM:   109      109      O      -10.2090   -4.5720  -21.0070
  QMMM:   110      110      C      -12.2420   -3.8730  -21.7080
  QMMM:   111      111      O      -21.1600   -5.4230  -18.1730
  QMMM:   112      112      C      -21.6520   -5.5320  -20.3790
  QMMM:   113      113      C      -21.5550   -6.1200  -21.5770
  QMMM:   114      114      C      -13.5220   -4.1070  -22.0180
  QMMM:   115      115      O      -23.9330  -24.2230   16.5080
  QMMM:   116      116      C      -23.4120  -23.8210   15.3230
  QMMM:   117      117      O      -23.4180  -24.6730   14.4050
  QMMM:   118      118      O      -16.0700  -25.0740  -13.8830
  QMMM:   119      119      C      -15.9650  -24.2240  -12.8310
  QMMM:   120      120      O      -16.1670  -24.7510  -11.7120
  QMMM:   121      121      H      -23.1620  -21.8290   17.0970
  QMMM:   122      122      H      -22.1590  -22.8690   13.1250
  QMMM:   123      123      H      -13.3450  -20.5340  -13.1640
  QMMM:   124      124      H      -14.3220  -20.9040  -15.2500
  QMMM:   125      125      H      -15.5050  -22.9230  -15.0260
  QMMM:   126      126      H      -15.8340  -22.3640  -11.0020
  QMMM:   127      127      H      -20.9080  -20.5450   18.3670
  QMMM:   128      128      H      -20.0230  -19.4920   17.2400
  QMMM:   129      129      H      -20.0510  -18.5680   19.5320
  QMMM:   130      130      H      -21.8240  -18.5680   19.5320
  QMMM:   131      131      H      -21.8450  -16.9140   17.6620
  QMMM:   132      132      H      -20.0750  -16.9370   17.6010
  QMMM:   133      133      H      -21.7610  -16.0170   19.9910
  QMMM:   134      134      H      -19.9880  -16.0310   19.9340
  QMMM:   135      135      H      -21.7890  -14.3900   18.0730
  QMMM:   136      136      H      -20.0180  -14.3900   18.0650
  QMMM:   137      137      H      -20.0160  -13.4740   20.4040
  QMMM:   138      138      H      -21.7880  -13.4630   20.3940
  QMMM:   139      139      H      -21.7660  -11.8590   18.4750
  QMMM:   140      140      H      -19.9950  -11.8650   18.4880
  QMMM:   141      141      H      -21.8020  -10.8750   20.7590
  QMMM:   142      142      H      -20.0320  -10.9100   20.8190
  QMMM:   143      143      H      -19.8740   -9.3090   18.9660
  QMMM:   144      144      H      -21.6280   -9.3440   18.7240
  QMMM:   145      145      H      -22.0260   -8.2800   20.8880
  QMMM:   146      146      H      -20.3090   -8.3500   21.3020
  QMMM:   147      147      H      -19.7490   -6.5380   19.9940
  QMMM:   148      148      H      -20.9290   -6.9050   18.7270
  QMMM:   149      149      H      -22.3570  -18.1160   13.0790
  QMMM:   150      150      H      -22.8260  -17.6430   14.7280
  QMMM:   151      151      H      -21.9860  -15.6900   13.5490
  QMMM:   152      152      H      -20.8570  -16.1120   14.8450
  QMMM:   153      153      H      -20.4940  -16.8970   11.8920
  QMMM:   154      154      H      -19.3440  -17.2180   13.2010
  QMMM:   155      155      H      -19.0460  -14.7450   13.5240
  QMMM:   156      156      H      -20.1760  -14.4450   12.1890
  QMMM:   157      157      H      -18.6430  -15.6260   10.6160
  QMMM:   158      158      H      -17.5230  -15.9590   11.9440
  QMMM:   159      159      H      -18.2620  -13.1790   10.8810
  QMMM:   160      160      H      -17.1850  -13.4790   12.2530
  QMMM:   161      161      H      -16.7250  -14.4430    9.3830
  QMMM:   162      162      H      -15.6570  -14.7900   10.7490
  QMMM:   163      163      H      -15.1430  -12.3610   10.9850
  QMMM:   164      164      H      -16.2250  -11.9990    9.6320
  QMMM:   165      165      H      -13.6930  -13.7270    9.4680
  QMMM:   166      166      H      -14.7840  -13.3910    8.1180
  QMMM:   167      167      H      -13.1290  -11.3180    9.6510
  QMMM:   168      168      H      -14.2920  -10.9190    8.3930
  QMMM:   169      169      H      -11.6450  -12.3870    7.9590
  QMMM:   170      170      H      -12.8380  -12.0540    6.6950
  QMMM:   171      171      H      -19.4100  -22.0000   12.6670
  QMMM:   172      172      H      -19.0580  -20.3810   13.3230
  QMMM:   173      173      H      -19.3800  -21.0840   10.3630
  QMMM:   174      174      H      -19.0790  -19.4560   10.9950
  QMMM:   175      175      H      -16.9070  -20.2170   11.9640
  QMMM:   176      176      H      -17.2170  -21.8620   11.3920
  QMMM:   177      177      H      -16.7700  -19.4010    9.6200
  QMMM:   178      178      H      -17.1520  -21.0230    9.0150
  QMMM:   179      179      H      -14.6700  -20.2650   10.6490
  QMMM:   180      180      H      -15.0700  -21.9050   10.1200
  QMMM:   181      181      H      -14.4140  -19.5350    8.2930
  QMMM:   182      182      H      -14.9210  -21.1330    7.7210
  QMMM:   183      183      H      -12.9290  -22.1710    8.8130
  QMMM:   184      184      H      -12.4130  -20.5870    9.4110
  QMMM:   185      185      H      -12.6920  -21.2810    6.4470
  QMMM:   186      186      H      -12.0650  -19.7740    7.1220
  QMMM:   187      187      H      -10.1610  -21.1430    8.1710
  QMMM:   188      188      H      -10.7830  -22.5540    7.3010
  QMMM:   189      189      H      -10.5090  -21.2470    5.1330
  QMMM:   190      190      H       -9.7520  -19.9500    6.0500
  QMMM:   191      191      H       -8.3700  -22.4980    6.6060
  QMMM:   192      192      H       -8.5030  -22.2230    4.8670
  QMMM:   193      193      H      -12.7640  -20.0250  -10.6630
  QMMM:   194      194      H      -13.5020  -21.4370   -9.8640
  QMMM:   195      195      H      -14.4810  -19.9330   -8.1300
  QMMM:   196      196      H      -13.7170  -18.5380   -8.9110
  QMMM:   197      197      H      -11.4600  -19.5550   -8.5060
  QMMM:   198      198      H      -12.2290  -20.9530   -7.7420
  QMMM:   199      199      H      -12.3030  -18.0760   -6.6840
  QMMM:   200      200      H      -13.1170  -19.4560   -5.9230
  QMMM:   201      201      H      -10.0970  -19.2370   -6.3970
  QMMM:   202      202      H      -10.9170  -20.5930   -5.6080
  QMMM:   203      203      H      -11.6050  -19.0800   -3.7300
  QMMM:   204      204      H      -10.7820  -17.7270   -4.5260
  QMMM:   205      205      H       -8.6070  -19.0080   -4.3900
  QMMM:   206      206      H       -9.4490  -20.3130   -3.5400
  QMMM:   207      207      H       -9.1330  -17.4490   -2.5060
  QMMM:   208      208      H       -9.9530  -18.7660   -1.6530
  QMMM:   209      209      H       -7.8050  -20.0470   -1.5580
  QMMM:   210      210      H       -6.9790  -18.7480   -2.4270
  QMMM:   211      211      H       -7.4540  -17.1660   -0.5580
  QMMM:   212      212      H       -8.3230  -18.4440    0.3100
  QMMM:   213      213      H       -6.1790  -19.7710    0.4360
  QMMM:   214      214      H       -5.3260  -18.4090   -0.3340
  QMMM:   215      215      H      -14.0740  -18.4200  -15.1490
  QMMM:   216      216      H      -12.7310  -18.2960  -13.9820
  QMMM:   217      217      H      -15.1570  -16.4390  -14.0520
  QMMM:   218      218      H      -13.7570  -16.2850  -12.9790
  QMMM:   219      219      H      -13.6940  -16.0870  -16.0410
  QMMM:   220      220      H      -12.2780  -15.9380  -14.9850
  QMMM:   221      221      H      -13.2130  -13.8990  -13.9510
  QMMM:   222      222      H      -14.7070  -14.0610  -14.8980
  QMMM:   223      223      H      -13.4350  -13.7500  -17.0030
  QMMM:   224      224      H      -11.9170  -13.6450  -16.1000
  QMMM:   225      225      H      -14.2440  -11.6580  -15.8720
  QMMM:   226      226      H      -12.7160  -11.5550  -14.9770
  QMMM:   227      227      H      -13.0010  -11.4780  -18.0270
  QMMM:   228      228      H      -11.4670  -11.4040  -17.1470
  QMMM:   229      229      H      -12.2020   -9.2270  -16.1070
  QMMM:   230      230      H      -13.7010   -9.3060  -17.0470
  QMMM:   231      231      H      -10.8490   -9.1330  -18.1550
  QMMM:   232      232      H      -12.2770   -9.3870  -19.1680
  QMMM:   233      233      H      -11.8610   -6.9180  -17.4140
  QMMM:   234      234      H      -13.1900   -7.1980  -18.5470
  QMMM:   235      235      H      -10.3560   -6.3560  -19.0650
  QMMM:   236      236      H      -10.9890   -7.5170  -20.2380
  QMMM:   237      237      H      -17.1100  -21.4540  -16.2570
  QMMM:   238      238      H      -15.9960  -20.2380  -16.9080
  QMMM:   239      239      H      -18.7020  -19.6380  -15.6090
  QMMM:   240      240      H      -18.4130  -19.7220  -17.3530
  QMMM:   241      241      H      -16.7750  -17.8140  -17.1580
  QMMM:   242      242      H      -17.1220  -17.7080  -15.4240
  QMMM:   243      243      H      -19.2070  -17.3400  -17.6390
  QMMM:   244      244      H      -19.4950  -17.1710  -15.8990
  QMMM:   245      245      H      -17.6000  -15.4310  -17.5690
  QMMM:   246      246      H      -17.8840  -15.2520  -15.8290
  QMMM:   247      247      H      -20.2910  -14.7350  -16.2700
  QMMM:   248      248      H      -20.0220  -14.9400  -18.0110
  QMMM:   249      249      H      -18.3900  -13.0400  -17.9780
  QMMM:   250      250      H      -18.6770  -12.8270  -16.2430
  QMMM:   251      251      H      -20.7730  -12.4850  -18.4570
  QMMM:   252      252      H      -21.0870  -12.2880  -16.7260
  QMMM:   253      253      H      -19.5440  -10.3810  -16.5990
  QMMM:   254      254      H      -19.0410  -10.6180  -18.2790
  QMMM:   255      255      H      -21.2510   -9.9980  -19.1130
  QMMM:   256      256      H      -21.9070   -9.9050  -17.4750
  QMMM:   257      257      H      -20.9920   -7.8310  -17.0460
  QMMM:   258      258      H      -19.5300   -8.1230  -17.9980
  QMMM:   259      259      H      -22.3630   -2.7050   20.7950
  QMMM:   260      260      H      -24.1440   -4.9800   20.6430
  QMMM:   261      261      H      -24.5390   -3.3840   21.0880
  QMMM:   262      262      H      -10.2600   -9.3070    4.7530
  QMMM:   263      263      H      -12.9760  -10.2440    5.0600
  QMMM:   264      264      H      -12.1920   -9.7910    3.6240
  QMMM:   265      265      H       -4.0610  -20.5840    5.6040
  QMMM:   266      266      H       -4.1080  -18.9040    7.3910
  QMMM:   267      267      H       -5.8570  -19.0890    7.5720
  QMMM:   268      268      H       -4.7710  -20.4350    7.9750
  QMMM:   269      269      H       -5.7180  -20.0840    3.0390
  QMMM:   270      270      H       -3.9820  -19.8030    3.2480
  QMMM:   271      271      H       -4.5450  -18.1250    5.0780
  QMMM:   272      272      H       -6.2470  -18.5400    4.9100
  QMMM:   273      273      H      -11.8360   -3.0230  -22.0350
  QMMM:   274      274      H      -21.9900   -4.5940  -20.3500
  QMMM:   275      275      H      -21.2060   -7.0440  -21.6750
  QMMM:   276      276      H      -21.8190   -5.6290  -22.3970
  QMMM:   277      277      H      -13.9800   -4.9410  -21.7360
  QMMM:   278      278      H      -14.0360   -3.4430  -22.5480

--------------------------------------------------------------------------------
  RESULTS
--------------------------------------------------------------------------------

      iter         sqm energy              rms gradient
      ----    -------------------    -----------------------
xmin    10    -1180.1595 kcal/mol        0.8856 kcal/(mol*A)
xmin    20    -1188.4222 kcal/mol        0.2733 kcal/(mol*A)
xmin    30    -1190.1576 kcal/mol        0.5009 kcal/(mol*A)
xmin    40    -1191.2620 kcal/mol        0.1262 kcal/(mol*A)
xmin    50    -1192.0382 kcal/mol        0.2962 kcal/(mol*A)
xmin    60    -1192.5729 kcal/mol        0.1357 kcal/(mol*A)
xmin    70    -1192.7716 kcal/mol        0.1171 kcal/(mol*A)
xmin    80    -1193.0408 kcal/mol        0.1296 kcal/(mol*A)
xmin    90    -1193.3932 kcal/mol        0.0653 kcal/(mol*A)
xmin   100    -1193.7920 kcal/mol        0.1159 kcal/(mol*A)
xmin   110    -1193.9581 kcal/mol        0.0557 kcal/(mol*A)
xmin   120    -1194.1240 kcal/mol        0.0491 kcal/(mol*A)
xmin   130    -1194.4641 kcal/mol        0.1087 kcal/(mol*A)
xmin   140    -1194.7352 kcal/mol        0.1081 kcal/(mol*A)
xmin   150    -1195.3232 kcal/mol        0.2698 kcal/(mol*A)
xmin   160    -1195.7392 kcal/mol        0.1451 kcal/(mol*A)
xmin   170    -1196.1855 kcal/mol        0.2748 kcal/(mol*A)
xmin   180    -1196.9506 kcal/mol        0.0642 kcal/(mol*A)
xmin   190    -1197.0610 kcal/mol        0.0654 kcal/(mol*A)
xmin   200    -1197.1586 kcal/mol        0.0937 kcal/(mol*A)
xmin   210    -1197.7931 kcal/mol        0.0989 kcal/(mol*A)
xmin   220    -1198.1807 kcal/mol        0.0456 kcal/(mol*A)
xmin   230    -1198.3939 kcal/mol        0.0660 kcal/(mol*A)
xmin   240    -1198.5806 kcal/mol        0.0518 kcal/(mol*A)
xmin   250    -1198.7600 kcal/mol        0.1121 kcal/(mol*A)
xmin   260    -1198.9503 kcal/mol        0.1980 kcal/(mol*A)
xmin   270    -1199.3213 kcal/mol        0.0946 kcal/(mol*A)
xmin   280    -1200.3117 kcal/mol        0.1090 kcal/(mol*A)
xmin   290    -1200.7884 kcal/mol        0.0583 kcal/(mol*A)
xmin   300    -1200.9762 kcal/mol        0.1175 kcal/(mol*A)
xmin   310    -1201.1819 kcal/mol        0.0859 kcal/(mol*A)
xmin   320    -1201.2479 kcal/mol        0.1391 kcal/(mol*A)
xmin   330    -1201.4843 kcal/mol        0.0810 kcal/(mol*A)
xmin   340    -1201.6806 kcal/mol        0.0574 kcal/(mol*A)
xmin   350    -1201.9464 kcal/mol        0.0641 kcal/(mol*A)
xmin   360    -1202.0752 kcal/mol        0.0706 kcal/(mol*A)
xmin   370    -1202.2675 kcal/mol        0.1195 kcal/(mol*A)
xmin   380    -1202.4424 kcal/mol        0.1142 kcal/(mol*A)
xmin   390    -1202.5673 kcal/mol        0.0662 kcal/(mol*A)
xmin   400    -1202.6235 kcal/mol        0.0358 kcal/(mol*A)
xmin   410    -1202.6404 kcal/mol        0.0213 kcal/(mol*A)
xmin   420    -1202.6537 kcal/mol        0.0192 kcal/(mol*A)
xmin   430    -1202.6668 kcal/mol        0.0114 kcal/(mol*A)
xmin   440    -1202.6727 kcal/mol        0.0189 kcal/(mol*A)
xmin   450    -1202.6796 kcal/mol        0.0109 kcal/(mol*A)
xmin   460    -1202.6837 kcal/mol        0.0069 kcal/(mol*A)
xmin   470    -1202.6851 kcal/mol        0.0077 kcal/(mol*A)
xmin   480    -1202.6871 kcal/mol        0.0080 kcal/(mol*A)
xmin   490    -1202.6884 kcal/mol        0.0027 kcal/(mol*A)
xmin   500    -1202.6917 kcal/mol        0.0115 kcal/(mol*A)
xmin   510    -1202.6979 kcal/mol        0.0052 kcal/(mol*A)
xmin   520    -1202.6984 kcal/mol        0.0123 kcal/(mol*A)
xmin   530    -1202.6998 kcal/mol        0.0085 kcal/(mol*A)
xmin   540    -1202.7033 kcal/mol        0.0117 kcal/(mol*A)
xmin   550    -1202.7059 kcal/mol        0.0069 kcal/(mol*A)
xmin   560    -1202.7092 kcal/mol        0.0073 kcal/(mol*A)
xmin   570    -1202.7114 kcal/mol        0.0026 kcal/(mol*A)
xmin   580    -1202.7127 kcal/mol        0.0047 kcal/(mol*A)
xmin   590    -1202.7149 kcal/mol        0.0070 kcal/(mol*A)
xmin   600    -1202.7172 kcal/mol        0.0038 kcal/(mol*A)
xmin   610    -1202.7185 kcal/mol        0.0047 kcal/(mol*A)
xmin   620    -1202.7244 kcal/mol        0.0084 kcal/(mol*A)
xmin   630    -1202.7263 kcal/mol        0.0127 kcal/(mol*A)
xmin   640    -1202.7276 kcal/mol        0.0032 kcal/(mol*A)
xmin   650    -1202.7316 kcal/mol        0.0120 kcal/(mol*A)
xmin   660    -1202.7327 kcal/mol        0.0072 kcal/(mol*A)
xmin   670    -1202.7344 kcal/mol        0.0040 kcal/(mol*A)
xmin   680    -1202.7355 kcal/mol        0.0050 kcal/(mol*A)
xmin   690    -1202.7363 kcal/mol        0.0046 kcal/(mol*A)
xmin   700    -1202.7366 kcal/mol        0.0042 kcal/(mol*A)
xmin   710    -1202.7373 kcal/mol        0.0052 kcal/(mol*A)
xmin   720    -1202.7383 kcal/mol        0.0023 kcal/(mol*A)
xmin   730    -1202.7389 kcal/mol        0.0028 kcal/(mol*A)
xmin   740    -1202.7393 kcal/mol        0.0021 kcal/(mol*A)
xmin   750    -1202.7400 kcal/mol        0.0037 kcal/(mol*A)
xmin   760    -1202.7408 kcal/mol        0.0045 kcal/(mol*A)
xmin   770    -1202.7421 kcal/mol        0.0096 kcal/(mol*A)
xmin   780    -1202.7454 kcal/mol        0.0102 kcal/(mol*A)
xmin   790    -1202.7470 kcal/mol        0.0049 kcal/(mol*A)
xmin   800    -1202.7489 kcal/mol        0.0040 kcal/(mol*A)
xmin   810    -1202.7493 kcal/mol        0.0053 kcal/(mol*A)
xmin   820    -1202.7496 kcal/mol        0.0020 kcal/(mol*A)
xmin   830    -1202.7497 kcal/mol        0.0060 kcal/(mol*A)
xmin   840    -1202.7509 kcal/mol        0.0075 kcal/(mol*A)
xmin   850    -1202.7527 kcal/mol        0.0068 kcal/(mol*A)
xmin   860    -1202.7545 kcal/mol        0.0058 kcal/(mol*A)
xmin   870    -1202.7558 kcal/mol        0.0050 kcal/(mol*A)
xmin   880    -1202.7562 kcal/mol        0.0025 kcal/(mol*A)
xmin   890    -1202.7564 kcal/mol        0.0018 kcal/(mol*A)
xmin   900    -1202.7573 kcal/mol        0.0125 kcal/(mol*A)
xmin   910    -1202.7583 kcal/mol        0.0078 kcal/(mol*A)
xmin   920    -1202.7607 kcal/mol        0.0159 kcal/(mol*A)
xmin   930    -1202.7624 kcal/mol        0.0056 kcal/(mol*A)
xmin   940    -1202.7633 kcal/mol        0.0061 kcal/(mol*A)
xmin   950    -1202.7639 kcal/mol        0.0045 kcal/(mol*A)
xmin   960    -1202.7645 kcal/mol        0.0047 kcal/(mol*A)
xmin   970    -1202.7649 kcal/mol        0.0021 kcal/(mol*A)
xmin   980    -1202.7652 kcal/mol        0.0025 kcal/(mol*A)
xmin   990    -1202.7657 kcal/mol        0.0023 kcal/(mol*A)
xmin  1000    -1202.7662 kcal/mol        0.0031 kcal/(mol*A)
xmin  1010    -1202.7664 kcal/mol        0.0014 kcal/(mol*A)
xmin  1020    -1202.7665 kcal/mol        0.0016 kcal/(mol*A)
xmin  1030    -1202.7669 kcal/mol        0.0032 kcal/(mol*A)
xmin  1040    -1202.7673 kcal/mol        0.0038 kcal/(mol*A)
xmin  1050    -1202.7678 kcal/mol        0.0141 kcal/(mol*A)
xmin  1060    -1202.7682 kcal/mol        0.0025 kcal/(mol*A)
xmin  1070    -1202.7684 kcal/mol        0.0022 kcal/(mol*A)
xmin  1080    -1202.7684 kcal/mol        0.0018 kcal/(mol*A)
xmin  1090    -1202.7685 kcal/mol        0.0030 kcal/(mol*A)
xmin  1100    -1202.7686 kcal/mol        0.0025 kcal/(mol*A)
xmin  1110    -1202.7686 kcal/mol        0.0015 kcal/(mol*A)
xmin  1120    -1202.7687 kcal/mol        0.0007 kcal/(mol*A)
xmin  1130    -1202.7688 kcal/mol        0.0023 kcal/(mol*A)
xmin  1140    -1202.7690 kcal/mol        0.0024 kcal/(mol*A)
xmin  1150    -1202.7702 kcal/mol        0.0070 kcal/(mol*A)
xmin  1160    -1202.7723 kcal/mol        0.0092 kcal/(mol*A)
xmin  1170    -1202.7742 kcal/mol        0.0158 kcal/(mol*A)
xmin  1180    -1202.7760 kcal/mol        0.0107 kcal/(mol*A)
xmin  1190    -1202.7776 kcal/mol        0.0039 kcal/(mol*A)
xmin  1200    -1202.7782 kcal/mol        0.0087 kcal/(mol*A)
xmin  1210    -1202.7812 kcal/mol        0.0072 kcal/(mol*A)
xmin  1220    -1202.7830 kcal/mol        0.0068 kcal/(mol*A)
xmin  1230    -1202.7837 kcal/mol        0.0032 kcal/(mol*A)
xmin  1240    -1202.7838 kcal/mol        0.0010 kcal/(mol*A)
xmin  1250    -1202.7839 kcal/mol        0.0007 kcal/(mol*A)
xmin  1260    -1202.7839 kcal/mol        0.0007 kcal/(mol*A)
  ... geometry converged !
 
 Final MO eigenvalues (eV):
 -39.6967  -39.6451  -39.6099  -39.4458  -39.4241  -39.1570  -37.8415  -37.6391
 -36.7504  -36.6862  -36.6079  -36.4899  -36.4061  -36.3294  -36.2965  -36.1575
 -35.8924  -35.8440  -35.8345  -35.8037  -35.7311  -35.5599  -35.3854  -35.3618
 -34.9447  -34.7887  -34.6493  -34.5760  -34.4014  -34.3560  -34.2837  -34.0768
 -33.6931  -33.3851  -33.3577  -33.1882  -33.1352  -32.7173  -32.6126  -32.5237
 -32.4095  -32.2528  -32.2451  -31.9209  -31.4955  -30.6514  -30.2048  -30.1040
 -30.1008  -29.9745  -29.9457  -29.7045  -29.1874  -29.0188  -27.7827  -27.7713
 -27.6750  -27.5650  -27.4730  -27.2952  -26.3398  -26.2985  -26.2491  -26.2006
 -25.2942  -25.0984  -25.0721  -24.9232  -24.8303  -24.7213  -24.0407  -23.8381
 -23.7985  -23.6567  -23.5980  -23.1712  -22.3303  -22.2530  -22.1320  -22.0913
 -22.0894  -21.8141  -20.9657  -20.8313  -20.7888  -20.6718  -20.6412  -20.6024
 -20.4337  -20.4023  -20.3966  -20.2554  -20.2057  -20.1692  -20.0421  -20.0337
 -20.0288  -19.9662  -19.8646  -19.8353  -19.7919  -19.7073  -19.6199  -19.5937
 -19.5829  -19.5587  -19.4828  -19.4523  -19.4015  -19.2959  -19.2340  -19.1572
 -19.1314  -19.0964  -19.0171  -18.5076  -17.1615  -17.0133  -16.9075  -16.7442
 -16.7409  -16.6913  -16.6688  -16.6398  -16.3908  -16.2853  -16.2616  -16.2278
 -16.1702  -16.1141  -16.0226  -15.9903  -15.8704  -15.8572  -15.7459  -15.5354
 -15.4777  -15.3875  -15.3620  -15.2516  -15.1920  -15.1381  -15.0994  -14.9988
 -14.9168  -14.7807  -14.7223  -14.6567  -14.6225  -14.5383  -14.4645  -14.4258
 -14.3601  -14.3142  -14.2579  -14.1982  -14.1913  -14.1710  -14.1122  -13.9871
 -13.9236  -13.8531  -13.8296  -13.7041  -13.6665  -13.6103  -13.5794  -13.5513
 -13.5416  -13.5238  -13.4995  -13.4688  -13.4622  -13.4456  -13.3849  -13.3405
 -13.2798  -13.2711  -13.2350  -13.1981  -13.1693  -13.0757  -13.0231  -12.9870
 -12.9428  -12.8930  -12.8512  -12.7777  -12.7115  -12.7043  -12.6660  -12.6464
 -12.6427  -12.6203  -12.5707  -12.5165  -12.4799  -12.4099  -12.3514  -12.3086
 -12.2603  -12.2366  -12.1645  -12.0879  -12.0743  -12.0361  -11.9870  -11.9761
 -11.9494  -11.9027  -11.8835  -11.8143  -11.8020  -11.7516  -11.7219  -11.6946
 -11.6773  -11.6556  -11.6371  -11.6209  -11.5988  -11.5890  -11.5064  -11.4803
 -11.4400  -11.4192  -11.3997  -11.3043  -11.2841  -11.1944  -11.0947  -11.0926
 -11.0651  -11.0212  -10.9930  -10.9790  -10.9583  -10.9303  -10.9225  -10.8829
 -10.8591  -10.8458  -10.7937  -10.7541  -10.7457  -10.7182  -10.6717  -10.6203
 -10.6080  -10.5517  -10.5364  -10.4942  -10.4848  -10.4677  -10.4332  -10.4062
 -10.3703  -10.3549  -10.3309  -10.3103  -10.3036  -10.2762  -10.2431  -10.2085
 -10.2027  -10.1740  -10.1306  -10.1102  -10.1066  -10.0792  -10.0716  -10.0483
 -10.0248  -10.0176  -10.0057   -9.9908   -9.9684   -9.9588   -9.9499   -9.9460
  -9.9261   -9.8995   -9.8861   -9.8810   -9.8567   -9.8395   -9.8359   -9.8312
  -9.7891   -9.7700   -9.7508   -9.7259   -9.7198   -9.6963   -9.6833   -9.6634
  -9.6541   -9.6330   -9.6197   -9.5832   -9.5662   -9.5434   -9.5366   -9.5189
  -9.4636   -9.4131   -9.4008   -9.3943   -9.3877   -9.3599   -9.3519   -9.3209
  -9.2620   -9.2132   -9.1871   -9.1222   -9.1062   -9.0884   -9.0859   -9.0010
  -8.9455   -8.8522   -8.8226   -8.7166   -8.6579   -8.4793   -8.4577   -8.1459
  -7.9157   -7.4218   -7.3831   -7.2665   -7.0326   -5.9139   -5.7292   -5.0468
  -5.0052   -4.9105   -4.7261   -4.6879   -4.5968   -4.5154    1.0315    1.0747
   1.3288    1.4028    2.6970    2.7434    3.0349    3.0622    3.0976    3.1194
   3.3130    3.3192    3.3265    3.3704    3.4555    3.5807    3.6036    3.7826
   3.8886    4.3316    4.3689    4.6136    4.6533    4.7941    4.8191    4.8398
   4.8418    4.8553    4.9003    4.9416    4.9572    4.9903    5.0103    5.0212
   5.0466    5.0543    5.0682    5.1267    5.1328    5.1730    5.1821    5.1871
   5.2166    5.2370    5.2595    5.2614    5.2823    5.3007    5.3169    5.3315
   5.3440    5.3565    5.3761    5.3977    5.4052    5.4202    5.4272    5.4531
   5.4566    5.4612    5.4616    5.4738    5.4984    5.5137    5.5156    5.5213
   5.5555    5.5721    5.5934    5.6019    5.6403    5.6530    5.6577    5.6630
   5.6649    5.6700    5.6793    5.6939    5.7016    5.7109    5.7191    5.7220
   5.7247    5.7382    5.7474    5.7625    5.7716    5.7793    5.7846    5.8085
   5.8132    5.8256    5.8269    5.8373    5.8699    5.8808    5.8886    5.8948
   5.9208    5.9236    5.9260    5.9401    5.9420    5.9616    5.9637    5.9717
   5.9858    6.0103    6.0157    6.0169    6.0311    6.0353    6.0383    6.0413
   6.0507    6.0661    6.0725    6.0845    6.0851    6.0974    6.1267    6.1288
   6.1369    6.1495    6.1575    6.1632    6.1670    6.1727    6.1890    6.2003
   6.2071    6.2196    6.2208    6.2242    6.2343    6.2384    6.2536    6.2636
   6.2668    6.2684    6.2726    6.2887    6.3148    6.3181    6.3263    6.3305
   6.3407    6.3565    6.3670    6.3703    6.3712    6.3818    6.3891    6.3904
   6.3951    6.3994    6.4050    6.4177    6.4329    6.4413    6.4439    6.4452
   6.4496    6.4642    6.4794    6.4966    6.4996    6.5125    6.5190    6.5407
   6.5441    6.5446    6.5469    6.5580    6.5832    6.5872    6.5894    6.5916
   6.6166    6.6201    6.6299    6.6467    6.6494    6.6693    6.6738    6.6880
   6.6910    6.6919    6.7030    6.7068    6.7083    6.7213    6.7279    6.7465
   6.7531    6.7808    6.7862    6.7868    6.7923    6.7949    6.7968    6.8204
   6.8265    6.8407    6.8511    6.8909    6.8967    6.9078    6.9167    6.9256
   6.9278    6.9302    6.9379    6.9389    6.9455    6.9757    6.9825    6.9844
   7.0040    7.0156    7.0210    7.0330    7.0508    7.0605    7.0727    7.0729
   7.1039    7.1125    7.1451    7.1520    7.1523    7.1551    7.1651    7.1932
   7.1962    7.1985    7.2062    7.2217    7.2341    7.2346    7.2396    7.2905
   7.2954    7.3052    7.3144    7.3336    7.3376    7.3381    7.4124    7.4382
   7.4543    7.4951    7.5136    7.5267    7.5288    7.5917    7.6017    7.6408
   7.6615    7.6798    7.6921    7.7120    7.7690    7.8009    7.8801    7.9031
   7.9478    8.0709    8.1243    8.1514    8.1841    8.2651    8.2945    8.3071
   8.3671    8.3898    8.4372    8.4841    8.6788    8.7932    8.8226    9.1158
   9.1601    9.1905    9.3032    9.3481    9.4271    9.5160    9.5363    9.8623
   9.9323   10.0249   12.4722   12.6252   13.4552   13.5842

 Heat of formation   =      -1202.78391082 kcal/mol  (      -52.15662421 eV)

 Total SCF energy    =    -502428.47156062 kcal/mol  (   -21786.93341835 eV)
 Electronic energy   =   -7050421.48773106 kcal/mol  (  -305729.21762851 eV)
 Core-core repulsion =    6547993.01617045 kcal/mol  (   283942.28421016 eV)
 
    Atomic Charges for Step       1 :
  Atom    Element       Mulliken Charge
     1      C                 -0.108
     2      C                  0.006
     3      C                 -0.027
     4      C                  0.018
     5      C                 -0.107
     6      C                 -0.094
     7      C                 -0.002
     8      C                  0.090
     9      C                  0.050
    10      C                 -0.245
    11      C                 -0.062
    12      C                 -0.172
    13      O                 -0.235
    14      O                 -0.239
    15      O                 -0.230
    16      O                 -0.214
    17      O                 -0.240
    18      O                 -0.276
    19      C                 -0.023
    20      C                 -0.158
    21      C                 -0.158
    22      C                 -0.157
    23      C                 -0.158
    24      C                 -0.157
    25      C                 -0.158
    26      C                 -0.157
    27      C                 -0.157
    28      C                 -0.164
    29      C                 -0.009
    30      C                 -0.022
    31      C                 -0.158
    32      C                 -0.162
    33      C                 -0.156
    34      C                 -0.161
    35      C                 -0.157
    36      C                 -0.162
    37      C                 -0.156
    38      C                 -0.160
    39      C                 -0.165
    40      C                 -0.011
    41      C                 -0.021
    42      C                 -0.165
    43      C                 -0.158
    44      C                 -0.158
    45      C                 -0.160
    46      C                 -0.159
    47      C                 -0.160
    48      C                 -0.158
    49      C                 -0.159
    50      C                 -0.168
    51      C                 -0.012
    52      C                 -0.023
    53      C                 -0.163
    54      C                 -0.157
    55      C                 -0.156
    56      C                 -0.158
    57      C                 -0.157
    58      C                 -0.158
    59      C                 -0.157
    60      C                 -0.154
    61      C                 -0.189
    62      C                 -0.013
    63      C                 -0.017
    64      C                 -0.163
    65      C                 -0.157
    66      C                 -0.158
    67      C                 -0.158
    68      C                 -0.159
    69      C                 -0.158
    70      C                 -0.157
    71      C                 -0.157
    72      C                 -0.165
    73      C                 -0.009
    74      C                 -0.021
    75      C                 -0.157
    76      C                 -0.160
    77      C                 -0.156
    78      C                 -0.159
    79      C                 -0.158
    80      C                 -0.159
    81      C                 -0.157
    82      C                 -0.158
    83      C                 -0.166
    84      C                 -0.010
    85      O                 -0.283
    86      O                 -0.281
    87      O                 -0.281
    88      O                 -0.280
    89      O                 -0.276
    90      O                 -0.280
    91      C                  0.331
    92      C                  0.340
    93      C                  0.309
    94      C                  0.302
    95      C                  0.335
    96      C                  0.337
    97      O                 -0.353
    98      O                 -0.368
    99      O                 -0.364
   100      C                 -0.191
   101      C                 -0.133
   102      C                 -0.190
   103      C                 -0.127
   104      C                 -0.107
   105      C                 -0.205
   106      O                 -0.364
   107      C                 -0.162
   108      C                 -0.150
   109      O                 -0.364
   110      C                 -0.207
   111      O                 -0.366
   112      C                 -0.195
   113      C                 -0.127
   114      C                 -0.124
   115      O                 -0.560
   116      C                  0.359
   117      O                 -0.557
   118      O                 -0.563
   119      C                  0.357
   120      O                 -0.566
   121      H                  0.169
   122      H                  0.170
   123      H                  0.079
   124      H                  0.055
   125      H                  0.146
   126      H                  0.169
   127      H                  0.075
   128      H                  0.085
   129      H                  0.072
   130      H                  0.095
   131      H                  0.099
   132      H                  0.075
   133      H                  0.080
   134      H                  0.071
   135      H                  0.083
   136      H                  0.077
   137      H                  0.075
   138      H                  0.079
   139      H                  0.081
   140      H                  0.079
   141      H                  0.080
   142      H                  0.078
   143      H                  0.082
   144      H                  0.084
   145      H                  0.093
   146      H                  0.091
   147      H                  0.093
   148      H                  0.093
   149      H                  0.083
   150      H                  0.085
   151      H                  0.073
   152      H                  0.088
   153      H                  0.078
   154      H                  0.103
   155      H                  0.077
   156      H                  0.070
   157      H                  0.078
   158      H                  0.087
   159      H                  0.075
   160      H                  0.077
   161      H                  0.079
   162      H                  0.085
   163      H                  0.079
   164      H                  0.078
   165      H                  0.086
   166      H                  0.082
   167      H                  0.093
   168      H                  0.092
   169      H                  0.090
   170      H                  0.096
   171      H                  0.071
   172      H                  0.089
   173      H                  0.088
   174      H                  0.092
   175      H                  0.080
   176      H                  0.079
   177      H                  0.079
   178      H                  0.080
   179      H                  0.078
   180      H                  0.079
   181      H                  0.079
   182      H                  0.081
   183      H                  0.080
   184      H                  0.078
   185      H                  0.083
   186      H                  0.079
   187      H                  0.079
   188      H                  0.083
   189      H                  0.095
   190      H                  0.093
   191      H                  0.095
   192      H                  0.087
   193      H                  0.077
   194      H                  0.087
   195      H                  0.092
   196      H                  0.086
   197      H                  0.081
   198      H                  0.082
   199      H                  0.076
   200      H                  0.077
   201      H                  0.080
   202      H                  0.080
   203      H                  0.077
   204      H                  0.077
   205      H                  0.080
   206      H                  0.079
   207      H                  0.081
   208      H                  0.078
   209      H                  0.078
   210      H                  0.083
   211      H                  0.098
   212      H                  0.089
   213      H                  0.104
   214      H                  0.101
   215      H                  0.074
   216      H                  0.050
   217      H                  0.096
   218      H                  0.093
   219      H                  0.076
   220      H                  0.075
   221      H                  0.080
   222      H                  0.080
   223      H                  0.078
   224      H                  0.078
   225      H                  0.078
   226      H                  0.079
   227      H                  0.079
   228      H                  0.079
   229      H                  0.080
   230      H                  0.077
   231      H                  0.082
   232      H                  0.082
   233      H                  0.090
   234      H                  0.097
   235      H                  0.091
   236      H                  0.089
   237      H                  0.097
   238      H                  0.052
   239      H                  0.096
   240      H                  0.072
   241      H                  0.067
   242      H                  0.103
   243      H                  0.070
   244      H                  0.082
   245      H                  0.074
   246      H                  0.084
   247      H                  0.081
   248      H                  0.075
   249      H                  0.077
   250      H                  0.082
   251      H                  0.079
   252      H                  0.082
   253      H                  0.084
   254      H                  0.081
   255      H                  0.090
   256      H                  0.096
   257      H                  0.090
   258      H                  0.097
   259      H                  0.153
   260      H                  0.137
   261      H                  0.120
   262      H                  0.153
   263      H                  0.136
   264      H                  0.121
   265      H                  0.147
   266      H                  0.084
   267      H                  0.083
   268      H                  0.090
   269      H                  0.123
   270      H                  0.139
   271      H                  0.095
   272      H                  0.127
   273      H                  0.147
   274      H                  0.151
   275      H                  0.139
   276      H                  0.122
   277      H                  0.163
   278      H                  0.115
 Total Mulliken Charge =      -2.000
 
                  X        Y        Z     TOTAL  
  QM DIPOLE   144.753  224.967  -16.721  268.036
 
 Final Structure

  QMMM: QM Region Cartesian Coordinates (*=link atom) 
  QMMM: QM_NO.   MM_NO.  ATOM         X         Y         Z
  QMMM:     1        1      C      -18.7115  -20.6967   21.4856
  QMMM:     2        2      C      -18.6376  -19.6132   20.6043
  QMMM:     3        3      C      -18.3798  -19.8206   19.2361
  QMMM:     4        4      C      -18.2239  -21.1379   18.7648
  QMMM:     5        5      C      -18.2930  -22.2195   19.6506
  QMMM:     6        6      C      -18.5394  -21.9988   21.0080
  QMMM:     7        7      C      -11.5810  -21.2526  -15.4062
  QMMM:     8        8      C      -11.2923  -20.2372  -16.4789
  QMMM:     9        9      C      -11.8771  -20.6239  -17.8593
  QMMM:    10       10      C      -12.0327  -22.0912  -18.0600
  QMMM:    11       11      C      -12.0350  -22.9810  -17.0521
  QMMM:    12       12      C      -11.8837  -22.5378  -15.6804
  QMMM:    13       13      O      -18.9177  -18.3360   21.0840
  QMMM:    14       14      O      -18.1772  -18.7457   18.3782
  QMMM:    15       15      O      -18.0969  -21.3994   17.4043
  QMMM:    16       16      O      -11.3881  -20.7156  -14.1448
  QMMM:    17       17      O      -11.7855  -18.9770  -16.0222
  QMMM:    18       18      O      -13.1106  -19.9042  -17.9870
  QMMM:    19       19      C      -17.7395  -17.5243   21.2088
  QMMM:    20       20      C      -18.1805  -16.1957   21.7964
  QMMM:    21       21      C      -18.9402  -15.3623   20.7878
  QMMM:    22       22      C      -19.4152  -14.0607   21.3959
  QMMM:    23       23      C      -20.1619  -13.2192   20.3833
  QMMM:    24       24      C      -20.6476  -11.9239   20.9978
  QMMM:    25       25      C      -21.3863  -11.0755   19.9849
  QMMM:    26       26      C      -21.8778   -9.7857   20.6061
  QMMM:    27       27      C      -22.6077   -8.9299   19.5930
  QMMM:    28       28      C      -23.1020   -7.6468   20.2247
  QMMM:    29       29      C      -23.8193   -6.7967   19.1935
  QMMM:    30       30      C      -19.4110  -18.1665   17.9193
  QMMM:    31       31      C      -19.0363  -17.0514   16.9594
  QMMM:    32       32      C      -18.5484  -17.5933   15.6335
  QMMM:    33       33      C      -18.0110  -16.4877   14.7514
  QMMM:    34       34      C      -17.5795  -17.0172   13.4003
  QMMM:    35       35      C      -16.9547  -15.9237   12.5608
  QMMM:    36       36      C      -16.5718  -16.4269   11.1854
  QMMM:    37       37      C      -15.9057  -15.3351   10.3757
  QMMM:    38       38      C      -15.5711  -15.8043    8.9758
  QMMM:    39       39      C      -14.8971  -14.7009    8.1896
  QMMM:    40       40      C      -14.6259  -15.1496    6.7661
  QMMM:    41       41      C      -16.8250  -21.0039   16.8700
  QMMM:    42       42      C      -16.9458  -21.1222   15.3602
  QMMM:    43       43      C      -15.7536  -20.4837   14.6827
  QMMM:    44       44      C      -15.8483  -20.6062   13.1768
  QMMM:    45       45      C      -14.7100  -19.8778   12.4948
  QMMM:    46       46      C      -14.7827  -20.0251   10.9900
  QMMM:    47       47      C      -13.6761  -19.2481   10.3097
  QMMM:    48       48      C      -13.7209  -19.4231    8.8067
  QMMM:    49       49      C      -12.6317  -18.6176    8.1314
  QMMM:    50       50      C      -12.6558  -18.8112    6.6309
  QMMM:    51       51      C      -11.5686  -17.9747    5.9826
  QMMM:    52       52      C      -11.8661  -21.5297  -13.0682
  QMMM:    53       53      C      -11.7928  -20.6601  -11.8247
  QMMM:    54       54      C      -12.2808  -21.4228  -10.6130
  QMMM:    55       55      C      -12.2196  -20.5609   -9.3699
  QMMM:    56       56      C      -12.7207  -21.3069   -8.1517
  QMMM:    57       57      C      -12.6690  -20.4324   -6.9172
  QMMM:    58       58      C      -13.1845  -21.1637   -5.6961
  QMMM:    59       59      C      -13.1477  -20.2736   -4.4722
  QMMM:    60       60      C      -13.6795  -20.9898   -3.2490
  QMMM:    61       61      C      -13.6637  -20.0803   -2.0405
  QMMM:    62       62      C      -14.2148  -20.7934   -0.8206
  QMMM:    63       63      C      -11.2978  -17.8826  -16.7935
  QMMM:    64       64      C      -12.0183  -16.6438  -16.2883
  QMMM:    65       65      C      -11.4544  -15.4007  -16.9400
  QMMM:    66       66      C      -12.2600  -14.1737  -16.5701
  QMMM:    67       67      C      -11.6554  -12.9196  -17.1645
  QMMM:    68       68      C      -12.5156  -11.7067  -16.8824
  QMMM:    69       69      C      -11.9147  -10.4542  -17.4834
  QMMM:    70       70      C      -12.8260   -9.2615  -17.2896
  QMMM:    71       71      C      -12.2440   -8.0154  -17.9220
  QMMM:    72       72      C      -13.2220   -6.8637  -17.8463
  QMMM:    73       73      C      -12.6262   -5.6200  -18.4791
  QMMM:    74       74      C      -13.8673  -20.2662  -19.1381
  QMMM:    75       75      C      -15.0699  -19.3363  -19.1788
  QMMM:    76       76      C      -14.6552  -17.8934  -19.3663
  QMMM:    77       77      C      -15.8254  -16.9507  -19.1871
  QMMM:    78       78      C      -15.3831  -15.5060  -19.2815
  QMMM:    79       79      C      -16.5158  -14.5593  -18.9478
  QMMM:    80       80      C      -16.0683  -13.1152  -19.0282
  QMMM:    81       81      C      -17.1528  -12.1785  -18.5414
  QMMM:    82       82      C      -16.7361  -10.7293  -18.6797
  QMMM:    83       83      C      -17.7582   -9.8142  -18.0416
  QMMM:    84       84      C      -17.4091   -8.3605  -18.3001
  QMMM:    85       85      O      -24.2564   -5.6154   19.8903
  QMMM:    86       86      O      -13.9932  -14.0310    6.1187
  QMMM:    87       87      O      -11.6957  -18.1738    4.5645
  QMMM:    88       88      O      -14.3702  -19.8736    0.2680
  QMMM:    89       89      O      -13.7231   -4.7070  -18.6534
  QMMM:    90       90      O      -18.2958   -7.5933  -17.4648
  QMMM:    91       91      C      -24.9245   -4.6818   19.1458
  QMMM:    92       92      C      -13.7933  -14.1323    4.7697
  QMMM:    93       93      C      -11.0525  -17.2751    3.7580
  QMMM:    94       94      C      -13.2734  -19.5879    1.0331
  QMMM:    95       95      C      -13.4266   -3.4903  -19.2047
  QMMM:    96       96      C      -18.3455   -6.2459  -17.6855
  QMMM:    97       97      O      -25.1012   -4.9100   17.9454
  QMMM:    98       98      O      -14.1807  -15.1569    4.1976
  QMMM:    99       99      O      -10.3704  -16.3988    4.2948
  QMMM:   100      100      C      -25.3553   -3.4956   19.8962
  QMMM:   101      101      C      -25.1375   -3.3164   21.1981
  QMMM:   102      102      C      -13.1290  -12.9737    4.1609
  QMMM:   103      103      C      -12.6530  -11.9390    4.8519
  QMMM:   104      104      C      -11.2782  -17.5205    2.2885
  QMMM:   105      105      C      -10.3926  -16.5954    1.4788
  QMMM:   106      106      O      -12.2127  -20.1653    0.7819
  QMMM:   107      107      C      -13.5651  -18.5859    2.1088
  QMMM:   108      108      C      -12.7471  -17.3225    1.9300
  QMMM:   109      109      O      -12.2437   -3.2396  -19.4586
  QMMM:   110      110      C      -14.5885   -2.6213  -19.4203
  QMMM:   111      111      O      -17.6515   -5.7723  -18.5915
  QMMM:   112      112      C      -19.2499   -5.5145  -16.7893
  QMMM:   113      113      C      -19.9504   -6.0841  -15.8097
  QMMM:   114      114      C      -15.8531   -3.0302  -19.3223
  QMMM:   115      115      O      -18.8133  -22.9244   23.1942
  QMMM:   116      116      C      -18.6014  -23.1775   21.9757
  QMMM:   117      117      O      -18.4312  -24.3350   21.5026
  QMMM:   118      118      O      -12.2551  -24.8779  -18.4933
  QMMM:   119      119      C      -12.2056  -24.4765  -17.2967
  QMMM:   120      120      O      -12.2911  -25.2332  -16.2884
  QMMM:   121      121      H      -18.9116  -20.5422   22.5582
  QMMM:   122      122      H      -18.1664  -23.2534   19.2906
  QMMM:   123      123      H      -10.1693  -20.1756  -16.5953
  QMMM:   124      124      H      -11.1774  -20.2204  -18.6526
  QMMM:   125      125      H      -12.1594  -22.4342  -19.0985
  QMMM:   126      126      H      -12.0289  -23.3132  -14.9104
  QMMM:   127      127      H      -17.0113  -18.0345   21.8925
  QMMM:   128      128      H      -17.2769  -17.3942   20.1947
  QMMM:   129      129      H      -17.2684  -15.6429   22.1414
  QMMM:   130      130      H      -18.8288  -16.3861   22.6915
  QMMM:   131      131      H      -19.8178  -15.9554   20.4147
  QMMM:   132      132      H      -18.2850  -15.1503   19.9018
  QMMM:   133      133      H      -20.0842  -14.2778   22.2702
  QMMM:   134      134      H      -18.5358  -13.4844   21.7878
  QMMM:   135      135      H      -21.0365  -13.7989   19.9859
  QMMM:   136      136      H      -19.4912  -12.9948   19.5125
  QMMM:   137      137      H      -19.7735  -11.3492   21.4033
  QMMM:   138      138      H      -21.3243  -12.1502   21.8636
  QMMM:   139      139      H      -22.2571  -11.6521   19.5750
  QMMM:   140      140      H      -20.7079  -10.8437   19.1220
  QMMM:   141      141      H      -22.5623  -10.0189   21.4641
  QMMM:   142      142      H      -21.0075   -9.2138   21.0237
  QMMM:   143      143      H      -21.9217   -8.6908   18.7379
  QMMM:   144      144      H      -23.4756   -9.5027   19.1716
  QMMM:   145      145      H      -23.8004   -7.8766   21.0712
  QMMM:   146      146      H      -22.2413   -7.0692   20.6519
  QMMM:   147      147      H      -23.1405   -6.4923   18.3552
  QMMM:   148      148      H      -24.7165   -7.3183   18.7702
  QMMM:   149      149      H      -20.0253  -18.9551   17.4129
  QMMM:   150      150      H      -19.9663  -17.7618   18.8075
  QMMM:   151      151      H      -19.9372  -16.4038   16.8004
  QMMM:   152      152      H      -18.2365  -16.4193   17.4280
  QMMM:   153      153      H      -19.3878  -18.1226   15.1103
  QMMM:   154      154      H      -17.7454  -18.3576   15.8227
  QMMM:   155      155      H      -17.1385  -15.9963   15.2579
  QMMM:   156      156      H      -18.7976  -15.6999   14.6114
  QMMM:   157      157      H      -18.4664  -17.4458   12.8637
  QMMM:   158      158      H      -16.8431  -17.8548   13.5396
  QMMM:   159      159      H      -17.6756  -15.0697   12.4598
  QMMM:   160      160      H      -16.0438  -15.5263   13.0820
  QMMM:   161      161      H      -17.4879  -16.7897   10.6491
  QMMM:   162      162      H      -15.8768  -17.3046   11.2824
  QMMM:   163      163      H      -14.9675  -15.0034   10.8943
  QMMM:   164      164      H      -16.5845  -14.4433   10.3191
  QMMM:   165      165      H      -14.8970  -16.7019    9.0273
  QMMM:   166      166      H      -16.5099  -16.1246    8.4515
  QMMM:   167      167      H      -13.9313  -14.4120    8.6804
  QMMM:   168      168      H      -15.5467  -13.7869    8.1728
  QMMM:   169      169      H      -13.9254  -16.0258    6.7269
  QMMM:   170      170      H      -15.5709  -15.4069    6.2210
  QMMM:   171      171      H      -16.0330  -21.6895   17.2697
  QMMM:   172      172      H      -16.5958  -19.9484   17.1744
  QMMM:   173      173      H      -17.0256  -22.2022   15.0735
  QMMM:   174      174      H      -17.8917  -20.6181   15.0277
  QMMM:   175      175      H      -15.6996  -19.3985   14.9674
  QMMM:   176      176      H      -14.8083  -20.9688   15.0423
  QMMM:   177      177      H      -16.8267  -20.1810   12.8273
  QMMM:   178      178      H      -15.8343  -21.6891   12.8852
  QMMM:   179      179      H      -14.7480  -18.7890   12.7669
  QMMM:   180      180      H      -13.7300  -20.2782   12.8657
  QMMM:   181      181      H      -15.7781  -19.6573   10.6245
  QMMM:   182      182      H      -14.7083  -21.1097   10.7136
  QMMM:   183      183      H      -12.6812  -19.5905   10.6989
  QMMM:   184      184      H      -13.7744  -18.1586   10.5633
  QMMM:   185      185      H      -13.6027  -20.5086    8.5494
  QMMM:   186      186      H      -14.7230  -19.0978    8.4200
  QMMM:   187      187      H      -12.7686  -17.5290    8.3717
  QMMM:   188      188      H      -11.6309  -18.9236    8.5355
  QMMM:   189      189      H      -12.5029  -19.8916    6.3752
  QMMM:   190      190      H      -13.6536  -18.5087    6.2175
  QMMM:   191      191      H      -11.6917  -16.8856    6.2227
  QMMM:   192      192      H      -10.5437  -18.3075    6.2901
  QMMM:   193      193      H      -11.2087  -22.4338  -12.9697
  QMMM:   194      194      H      -12.9188  -21.8585  -13.2723
  QMMM:   195      195      H      -12.4144  -19.7403  -11.9807
  QMMM:   196      196      H      -10.7352  -20.3225  -11.6696
  QMMM:   197      197      H      -11.6541  -22.3418  -10.4665
  QMMM:   198      198      H      -13.3356  -21.7657  -10.7827
  QMMM:   199      199      H      -11.1627  -20.2262   -9.1971
  QMMM:   200      200      H      -12.8372  -19.6369   -9.5244
  QMMM:   201      201      H      -12.0978  -22.2257   -7.9897
  QMMM:   202      202      H      -13.7745  -21.6492   -8.3274
  QMMM:   203      203      H      -13.2822  -19.5081   -7.0872
  QMMM:   204      204      H      -11.6129  -20.0992   -6.7371
  QMMM:   205      205      H      -12.5632  -22.0800   -5.5151
  QMMM:   206      206      H      -14.2361  -21.5084   -5.8801
  QMMM:   207      207      H      -12.0937  -19.9393   -4.2821
  QMMM:   208      208      H      -13.7580  -19.3511   -4.6613
  QMMM:   209      209      H      -14.7271  -21.3408   -3.4447
  QMMM:   210      210      H      -13.0566  -21.9003   -3.0448
  QMMM:   211      211      H      -12.6151  -19.7449   -1.8237
  QMMM:   212      212      H      -14.2755  -19.1626   -2.2434
  QMMM:   213      213      H      -15.2626  -21.1580   -0.9954
  QMMM:   214      214      H      -13.5515  -21.6441   -0.5163
  QMMM:   215      215      H      -11.5178  -18.0471  -17.8821
  QMMM:   216      216      H      -10.1873  -17.7896  -16.6508
  QMMM:   217      217      H      -13.1120  -16.7416  -16.5181
  QMMM:   218      218      H      -11.9161  -16.5807  -15.1741
  QMMM:   219      219      H      -11.4570  -15.5260  -18.0554
  QMMM:   220      220      H      -10.3868  -15.2605  -16.6252
  QMMM:   221      221      H      -12.3087  -14.0766  -15.4538
  QMMM:   222      222      H      -13.3141  -14.2936  -16.9384
  QMMM:   223      223      H      -11.5402  -13.0479  -18.2733
  QMMM:   224      224      H      -10.6284  -12.7598  -16.7424
  QMMM:   225      225      H      -13.5436  -11.8694  -17.3048
  QMMM:   226      226      H      -12.6314  -11.5755  -15.7744
  QMMM:   227      227      H      -11.7335  -10.6138  -18.5794
  QMMM:   228      228      H      -10.9185  -10.2490  -17.0106
  QMMM:   229      229      H      -12.9915   -9.0865  -16.1940
  QMMM:   230      230      H      -13.8298   -9.4787  -17.7441
  QMMM:   231      231      H      -11.2894   -7.7385  -17.4020
  QMMM:   232      232      H      -11.9886   -8.2224  -18.9951
  QMMM:   233      233      H      -13.4875   -6.6498  -16.7787
  QMMM:   234      234      H      -14.1748   -7.1311  -18.3763
  QMMM:   235      235      H      -11.8528   -5.1428  -17.8236
  QMMM:   236      236      H      -12.1751   -5.8346  -19.4829
  QMMM:   237      237      H      -14.2023  -21.3342  -19.0529
  QMMM:   238      238      H      -13.2360  -20.1488  -20.0592
  QMMM:   239      239      H      -15.6384  -19.4412  -18.2176
  QMMM:   240      240      H      -15.7408  -19.6598  -20.0155
  QMMM:   241      241      H      -14.2098  -17.7552  -20.3860
  QMMM:   242      242      H      -13.8543  -17.6490  -18.6152
  QMMM:   243      243      H      -16.6055  -17.1597  -19.9650
  QMMM:   244      244      H      -16.2993  -17.1319  -18.1859
  QMMM:   245      245      H      -15.0041  -15.2936  -20.3154
  QMMM:   246      246      H      -14.5287  -15.3308  -18.5733
  QMMM:   247      247      H      -16.8925  -14.7784  -17.9136
  QMMM:   248      248      H      -17.3710  -14.7290  -19.6533
  QMMM:   249      249      H      -15.7963  -12.8632  -20.0867
  QMMM:   250      250      H      -15.1437  -12.9740  -18.4064
  QMMM:   251      251      H      -18.0943  -12.3556  -19.1252
  QMMM:   252      252      H      -17.3839  -12.4021  -17.4662
  QMMM:   253      253      H      -15.7356  -10.5761  -18.1933
  QMMM:   254      254      H      -16.6196  -10.4728  -19.7655
  QMMM:   255      255      H      -18.7793  -10.0295  -18.4514
  QMMM:   256      256      H      -17.7998   -9.9975  -16.9358
  QMMM:   257      257      H      -16.3542   -8.1205  -18.0042
  QMMM:   258      258      H      -17.5659   -8.0763  -19.3728
  QMMM:   259      259      H      -25.8846   -2.7572   19.2704
  QMMM:   260      260      H      -24.6094   -4.0565   21.8173
  QMMM:   261      261      H      -25.4774   -2.4130   21.7233
  QMMM:   262      262      H      -13.0487  -13.0480    3.0633
  QMMM:   263      263      H      -12.7294  -11.8728    5.9471
  QMMM:   264      264      H      -12.1530  -11.0942    4.3579
  QMMM:   265      265      H      -10.9884  -18.5922    2.0737
  QMMM:   266      266      H      -10.4720  -16.8488    0.3947
  QMMM:   267      267      H      -10.6975  -15.5319    1.6281
  QMMM:   268      268      H       -9.3282  -16.7024    1.7994
  QMMM:   269      269      H      -14.6578  -18.3299    2.0945
  QMMM:   270      270      H      -13.3247  -19.0606    3.0998
  QMMM:   271      271      H      -12.8199  -16.9765    0.8652
  QMMM:   272      272      H      -13.1932  -16.5181    2.5778
  QMMM:   273      273      H      -14.3110   -1.5886  -19.6896
  QMMM:   274      274      H      -19.2926   -4.4336  -17.0046
  QMMM:   275      275      H      -19.9033   -7.1627  -15.5979
  QMMM:   276      276      H      -20.6155   -5.5004  -15.1580
  QMMM:   277      277      H      -16.1334   -4.0645  -19.0597
  QMMM:   278      278      H      -16.6938   -2.3463  -19.5058

           --------- Calculation Completed ----------

