This is pdfTeX, Version 3.14159265-2.6-1.40.16 (TeX Live 2015) (preloaded format=pdflatex 2015.5.24)  29 NOV 2017 15:07
entering extended mode
 restricted \write18 enabled.
 %&-line parsing enabled.
**Outline.tex
(./Outline.tex
LaTeX2e <2015/01/01>
Babel <3.9l> and hyphenation patterns for 79 languages loaded.
(/usr/local/texlive/2015/texmf-dist/tex/latex/base/article.cls
Document Class: article 2014/09/29 v1.4h Standard LaTeX document class
(/usr/local/texlive/2015/texmf-dist/tex/latex/base/size10.clo
File: size10.clo 2014/09/29 v1.4h Standard LaTeX file (size option)
)
\c@part=\count79
\c@section=\count80
\c@subsection=\count81
\c@subsubsection=\count82
\c@paragraph=\count83
\c@subparagraph=\count84
\c@figure=\count85
\c@table=\count86
\abovecaptionskip=\skip41
\belowcaptionskip=\skip42
\bibindent=\dimen102
)
(/usr/local/texlive/2015/texmf-dist/tex/latex/graphics/graphicx.sty
Package: graphicx 2014/10/28 v1.0g Enhanced LaTeX Graphics (DPC,SPQR)

(/usr/local/texlive/2015/texmf-dist/tex/latex/graphics/keyval.sty
Package: keyval 2014/10/28 v1.15 key=value parser (DPC)
\KV@toks@=\toks14
)
(/usr/local/texlive/2015/texmf-dist/tex/latex/graphics/graphics.sty
Package: graphics 2014/10/28 v1.0p Standard LaTeX Graphics (DPC,SPQR)

(/usr/local/texlive/2015/texmf-dist/tex/latex/graphics/trig.sty
Package: trig 1999/03/16 v1.09 sin cos tan (DPC)
)
(/usr/local/texlive/2015/texmf-dist/tex/latex/latexconfig/graphics.cfg
File: graphics.cfg 2010/04/23 v1.9 graphics configuration of TeX Live
)
Package graphics Info: Driver file: pdftex.def on input line 94.

(/usr/local/texlive/2015/texmf-dist/tex/latex/pdftex-def/pdftex.def
File: pdftex.def 2011/05/27 v0.06d Graphics/color for pdfTeX

(/usr/local/texlive/2015/texmf-dist/tex/generic/oberdiek/infwarerr.sty
Package: infwarerr 2010/04/08 v1.3 Providing info/warning/error messages (HO)
)
(/usr/local/texlive/2015/texmf-dist/tex/generic/oberdiek/ltxcmds.sty
Package: ltxcmds 2011/11/09 v1.22 LaTeX kernel commands for general use (HO)
)
\Gread@gobject=\count87
))
\Gin@req@height=\dimen103
\Gin@req@width=\dimen104
)
(/usr/local/texlive/2015/texmf-dist/tex/latex/wrapfig/wrapfig.sty
\wrapoverhang=\dimen105
\WF@size=\dimen106
\c@WF@wrappedlines=\count88
\WF@box=\box26
\WF@everypar=\toks15
Package: wrapfig 2003/01/31  v 3.6
)
(/usr/local/texlive/2015/texmf-dist/tex/latex/caption/subcaption.sty
Package: subcaption 2013/02/03 v1.1-62 Sub-captions (AR)

(/usr/local/texlive/2015/texmf-dist/tex/latex/caption/caption.sty
Package: caption 2013/05/02 v3.3-89 Customizing captions (AR)

(/usr/local/texlive/2015/texmf-dist/tex/latex/caption/caption3.sty
Package: caption3 2013/05/02 v1.6-88 caption3 kernel (AR)
Package caption3 Info: TeX engine: e-TeX on input line 57.
\captionmargin=\dimen107
\captionmargin@=\dimen108
\captionwidth=\dimen109
\caption@tempdima=\dimen110
\caption@indent=\dimen111
\caption@parindent=\dimen112
\caption@hangindent=\dimen113
)
\c@ContinuedFloat=\count89
Package caption Info: wrapfig package is loaded.
)
\c@subfigure=\count90
\c@subtable=\count91
)
(/usr/local/texlive/2015/texmf-dist/tex/latex/geometry/geometry.sty
Package: geometry 2010/09/12 v5.6 Page Geometry

(/usr/local/texlive/2015/texmf-dist/tex/generic/oberdiek/ifpdf.sty
Package: ifpdf 2011/01/30 v2.3 Provides the ifpdf switch (HO)
Package ifpdf Info: pdfTeX in PDF mode is detected.
)
(/usr/local/texlive/2015/texmf-dist/tex/generic/oberdiek/ifvtex.sty
Package: ifvtex 2010/03/01 v1.5 Detect VTeX and its facilities (HO)
Package ifvtex Info: VTeX not detected.
)
(/usr/local/texlive/2015/texmf-dist/tex/generic/ifxetex/ifxetex.sty
Package: ifxetex 2010/09/12 v0.6 Provides ifxetex conditional
)
\Gm@cnth=\count92
\Gm@cntv=\count93
\c@Gm@tempcnt=\count94
\Gm@bindingoffset=\dimen114
\Gm@wd@mp=\dimen115
\Gm@odd@mp=\dimen116
\Gm@even@mp=\dimen117
\Gm@layoutwidth=\dimen118
\Gm@layoutheight=\dimen119
\Gm@layouthoffset=\dimen120
\Gm@layoutvoffset=\dimen121
\Gm@dimlist=\toks16
)
(/usr/local/texlive/2015/texmf-dist/tex/latex/amsmath/amsmath.sty
Package: amsmath 2013/01/14 v2.14 AMS math features
\@mathmargin=\skip43

For additional information on amsmath, use the `?' option.
(/usr/local/texlive/2015/texmf-dist/tex/latex/amsmath/amstext.sty
Package: amstext 2000/06/29 v2.01

(/usr/local/texlive/2015/texmf-dist/tex/latex/amsmath/amsgen.sty
File: amsgen.sty 1999/11/30 v2.0
\@emptytoks=\toks17
\ex@=\dimen122
))
(/usr/local/texlive/2015/texmf-dist/tex/latex/amsmath/amsbsy.sty
Package: amsbsy 1999/11/29 v1.2d
\pmbraise@=\dimen123
)
(/usr/local/texlive/2015/texmf-dist/tex/latex/amsmath/amsopn.sty
Package: amsopn 1999/12/14 v2.01 operator names
)
\inf@bad=\count95
LaTeX Info: Redefining \frac on input line 210.
\uproot@=\count96
\leftroot@=\count97
LaTeX Info: Redefining \overline on input line 306.
\classnum@=\count98
\DOTSCASE@=\count99
LaTeX Info: Redefining \ldots on input line 378.
LaTeX Info: Redefining \dots on input line 381.
LaTeX Info: Redefining \cdots on input line 466.
\Mathstrutbox@=\box27
\strutbox@=\box28
\big@size=\dimen124
LaTeX Font Info:    Redeclaring font encoding OML on input line 566.
LaTeX Font Info:    Redeclaring font encoding OMS on input line 567.
\macc@depth=\count100
\c@MaxMatrixCols=\count101
\dotsspace@=\muskip10
\c@parentequation=\count102
\dspbrk@lvl=\count103
\tag@help=\toks18
\row@=\count104
\column@=\count105
\maxfields@=\count106
\andhelp@=\toks19
\eqnshift@=\dimen125
\alignsep@=\dimen126
\tagshift@=\dimen127
\tagwidth@=\dimen128
\totwidth@=\dimen129
\lineht@=\dimen130
\@envbody=\toks20
\multlinegap=\skip44
\multlinetaggap=\skip45
\mathdisplay@stack=\toks21
LaTeX Info: Redefining \[ on input line 2665.
LaTeX Info: Redefining \] on input line 2666.
)
(/usr/local/texlive/2015/texmf-dist/tex/latex/siunitx/siunitx.sty
(/usr/local/texlive/2015/texmf-dist/tex/latex/l3kernel/expl3.sty
Package: expl3 2015/03/01 v5547 L3 programming layer (loader) 

(/usr/local/texlive/2015/texmf-dist/tex/latex/l3kernel/expl3-code.tex
Package: expl3 2015/03/01 v5547 L3 programming layer (code) 
L3 Module: l3bootstrap 2015/02/28 v5542 L3 Bootstrap code
L3 Module: l3names 2015/02/24 v5535 L3 Namespace for primitives
L3 Module: l3basics 2015/01/27 v5500 L3 Basic definitions
L3 Module: l3expan 2014/11/27 v5472 L3 Argument expansion
L3 Module: l3tl 2015/01/27 v5500 L3 Token lists
L3 Module: l3str 2015/03/01 v5545 L3 Strings
L3 Module: l3seq 2014/08/23 v5354 L3 Sequences and stacks
L3 Module: l3int 2015/02/21 v5529 L3 Integers
\c_max_int=\count107
\l_tmpa_int=\count108
\l_tmpb_int=\count109
\g_tmpa_int=\count110
\g_tmpb_int=\count111
L3 Module: l3quark 2014/08/23 v5354 L3 Quarks
L3 Module: l3prg 2014/08/23 v5354 L3 Control structures
\g__prg_map_int=\count112
L3 Module: l3clist 2014/08/23 v5354 L3 Comma separated lists
L3 Module: l3token 2014/09/15 v5422 L3 Experimental token manipulation
L3 Module: l3prop 2014/08/23 v5354 L3 Property lists
L3 Module: l3msg 2015/02/26 v5537 L3 Messages
L3 Module: l3file 2014/08/24 v5369 L3 File and I/O operations
\l_iow_line_count_int=\count113
\l__iow_target_count_int=\count114
\l__iow_current_line_int=\count115
\l__iow_current_word_int=\count116
\l__iow_current_indentation_int=\count117
L3 Module: l3skip 2014/08/23 v5354 L3 Dimensions and skips
\c_zero_dim=\dimen131
\c_max_dim=\dimen132
\l_tmpa_dim=\dimen133
\l_tmpb_dim=\dimen134
\g_tmpa_dim=\dimen135
\g_tmpb_dim=\dimen136
\c_zero_skip=\skip46
\c_max_skip=\skip47
\l_tmpa_skip=\skip48
\l_tmpb_skip=\skip49
\g_tmpa_skip=\skip50
\g_tmpb_skip=\skip51
\c_zero_muskip=\muskip11
\c_max_muskip=\muskip12
\l_tmpa_muskip=\muskip13
\l_tmpb_muskip=\muskip14
\g_tmpa_muskip=\muskip15
\g_tmpb_muskip=\muskip16
L3 Module: l3keys 2015/01/27 v5500 L3 Key-value interfaces
\g__keyval_level_int=\count118
\l_keys_choice_int=\count119
L3 Module: l3fp 2014/08/22 v5336 L3 Floating points
\c__fp_leading_shift_int=\count120
\c__fp_middle_shift_int=\count121
\c__fp_trailing_shift_int=\count122
\c__fp_big_leading_shift_int=\count123
\c__fp_big_middle_shift_int=\count124
\c__fp_big_trailing_shift_int=\count125
\c__fp_Bigg_leading_shift_int=\count126
\c__fp_Bigg_middle_shift_int=\count127
\c__fp_Bigg_trailing_shift_int=\count128
L3 Module: l3box 2014/08/23 v5354 L3 Experimental boxes
\c_empty_box=\box29
\l_tmpa_box=\box30
\l_tmpb_box=\box31
\g_tmpa_box=\box32
\g_tmpb_box=\box33
L3 Module: l3coffins 2014/08/23 v5354 L3 Coffin code layer
\l__coffin_internal_box=\box34
\l__coffin_internal_dim=\dimen137
\l__coffin_offset_x_dim=\dimen138
\l__coffin_offset_y_dim=\dimen139
\l__coffin_x_dim=\dimen140
\l__coffin_y_dim=\dimen141
\l__coffin_x_prime_dim=\dimen142
\l__coffin_y_prime_dim=\dimen143
\c_empty_coffin=\box35
\l__coffin_aligned_coffin=\box36
\l__coffin_aligned_internal_coffin=\box37
\l_tmpa_coffin=\box38
\l_tmpb_coffin=\box39
\l__coffin_display_coffin=\box40
\l__coffin_display_coord_coffin=\box41
\l__coffin_display_pole_coffin=\box42
\l__coffin_display_offset_dim=\dimen144
\l__coffin_display_x_dim=\dimen145
\l__coffin_display_y_dim=\dimen146
L3 Module: l3color 2014/08/23 v5354 L3 Experimental color support
L3 Module: l3candidates 2015/03/01 v5544 L3 Experimental additions to l3kernel
\l__box_top_dim=\dimen147
\l__box_bottom_dim=\dimen148
\l__box_left_dim=\dimen149
\l__box_right_dim=\dimen150
\l__box_top_new_dim=\dimen151
\l__box_bottom_new_dim=\dimen152
\l__box_left_new_dim=\dimen153
\l__box_right_new_dim=\dimen154
\l__box_internal_box=\box43
\l__coffin_bounding_shift_dim=\dimen155
\l__coffin_left_corner_dim=\dimen156
\l__coffin_right_corner_dim=\dimen157
\l__coffin_bottom_corner_dim=\dimen158
\l__coffin_top_corner_dim=\dimen159
\l__coffin_scaled_total_height_dim=\dimen160
\l__coffin_scaled_width_dim=\dimen161
)
(/usr/local/texlive/2015/texmf-dist/tex/latex/l3kernel/l3unicode-data.def
File: l3unicode-data.def 2015/03/01 v5544 L3 Unicode data
)
(/usr/local/texlive/2015/texmf-dist/tex/latex/l3kernel/l3pdfmode.def
File: l3pdfmode.def 2015/03/01 v5544 L3 Experimental driver: PDF mode
\l__driver_color_stack_int=\count129
))
(/usr/local/texlive/2015/texmf-dist/tex/latex/l3packages/xparse/xparse.sty
Package: xparse 2014/11/25 v5471 L3 Experimental document command parser
\l__xparse_current_arg_int=\count130
\l__xparse_m_args_int=\count131
\l__xparse_mandatory_args_int=\count132
\l__xparse_processor_int=\count133
\l__xparse_v_nesting_int=\count134
)
Package: siunitx 2015/01/21 v2.6e A comprehensive (SI) units package

(/usr/local/texlive/2015/texmf-dist/tex/latex/tools/array.sty
Package: array 2014/10/28 v2.4c Tabular extension package (FMi)
\col@sep=\dimen162
\extrarowheight=\dimen163
\NC@list=\toks22
\extratabsurround=\skip52
\backup@length=\skip53
)
(/usr/local/texlive/2015/texmf-dist/tex/latex/l3packages/l3keys2e/l3keys2e.sty
Package: l3keys2e 2014/11/25 v5471 LaTeX2e option processing using LaTeX3 keys
)
Variant \tl_if_blank:VTF already defined; not changing it on line 50
\l__siunitx_tmp_box=\box44
\l__siunitx_tmp_dim=\dimen164
\l__siunitx_tmp_int=\count135
Variant \prop_get:NVNT already defined; not changing it on line 380
Variant \prop_get:NVNF already defined; not changing it on line 381
Variant \prop_get:NVNTF already defined; not changing it on line 382
\l__siunitx_number_mantissa_length_int=\count136
\l__siunitx_number_uncert_length_int=\count137
\l__siunitx_round_int=\count138
\l__siunitx_process_decimal_int=\count139
\l__siunitx_process_uncertainty_int=\count140
\l__siunitx_process_fixed_int=\count141
\l__siunitx_process_integer_min_int=\count142
\l__siunitx_process_precision_int=\count143
\l__siunitx_group_min_int=\count144
\l__siunitx_angle_marker_box=\box45
\l__siunitx_angle_unit_box=\box46
\l__siunitx_angle_marker_dim=\dimen165
\l__siunitx_angle_unit_dim=\dimen166
\l__siunitx_unit_int=\count145
\l__siunitx_unit_denominator_int=\count146
\l__siunitx_unit_numerator_int=\count147
\l__siunitx_unit_prefix_int=\count148
\l__siunitx_unit_prefix_base_int=\count149
\l__siunitx_unit_prefix_gram_int=\count150
\l__siunitx_number_product_int=\count151
\c__siunitx_one_fill_skip=\skip54
\l__siunitx_table_unit_align_skip=\skip55
\l__siunitx_table_exponent_dim=\dimen167
\l__siunitx_table_integer_dim=\dimen168
\l__siunitx_table_mantissa_dim=\dimen169
\l__siunitx_table_marker_dim=\dimen170
\l__siunitx_table_result_dim=\dimen171
\l__siunitx_table_uncert_dim=\dimen172
\l__siunitx_table_fill_pre_dim=\dimen173
\l__siunitx_table_fill_post_dim=\dimen174
\l__siunitx_table_fill_mid_dim=\dimen175
\l__siunitx_table_pre_box=\box47
\l__siunitx_table_post_box=\box48
\l__siunitx_table_mantissa_box=\box49
\l__siunitx_table_result_box=\box50
\l__siunitx_table_number_align_skip=\skip56
\l__siunitx_table_text_align_skip=\skip57
.................................................
. LaTeX info: "xparse/define-command"
. 
. Defining command \DeclareBinaryPrefix with sig. 'mmm' on line 7176.
.................................................
.................................................
. LaTeX info: "xparse/define-command"
. 
. Defining command \DeclareSIPostPower with sig. 'mm' on line 7179.
.................................................
.................................................
. LaTeX info: "xparse/define-command"
. 
. Defining command \DeclareSIPrefix with sig. 'mmm' on line 7182.
.................................................
.................................................
. LaTeX info: "xparse/define-command"
. 
. Defining command \DeclareSIPrePower with sig. 'mm' on line 7185.
.................................................
.................................................
. LaTeX info: "xparse/define-command"
. 
. Defining command \DeclareSIQualifier with sig. 'mm' on line 7188.
.................................................
.................................................
. LaTeX info: "xparse/define-command"
. 
. Defining command \DeclareSIUnit with sig. 'O{}mm' on line 7191.
.................................................
.................................................
. LaTeX info: "xparse/define-command"
. 
. Defining command \DeclareSIUnitWithOptions with sig. 'mmm' on line 7194.
.................................................
.................................................
. LaTeX info: "xparse/define-command"
. 
. Defining command \ang with sig. 'o>{\SplitArgument {2}{;}}m' on line 7209.
.................................................
.................................................
. LaTeX info: "xparse/define-command"
. 
. Defining command \num with sig. 'om' on line 7217.
.................................................
.................................................
. LaTeX info: "xparse/define-command"
. 
. Defining command \numlist with sig. 'o>{\SplitList {;}}m' on line 7225.
.................................................
.................................................
. LaTeX info: "xparse/define-command"
. 
. Defining command \numrange with sig. 'omm' on line 7233.
.................................................
.................................................
. LaTeX info: "xparse/define-command"
. 
. Defining command \SIlist with sig. 'o>{\SplitList {;}}mm' on line 7244.
.................................................
.................................................
. LaTeX info: "xparse/define-command"
. 
. Defining command \SIrange with sig. 'ommm' on line 7255.
.................................................
.................................................
. LaTeX info: "xparse/define-command"
. 
. Defining command \SI with sig. 'omom' on line 7266.
.................................................
.................................................
. LaTeX info: "xparse/define-command"
. 
. Defining command \sisetup with sig. 'm' on line 7269.
.................................................
.................................................
. LaTeX info: "xparse/define-command"
. 
. Defining command \tablenum with sig. 'om' on line 7281.
.................................................
.................................................
. LaTeX info: "xparse/define-command"
. 
. Defining command \si with sig. 'om' on line 7292.
.................................................
.................................................
. LaTeX info: "xparse/define-command"
. 
. Defining command \__siunitx_bookmark_num:w with sig. 'om' on line 7339.
.................................................
.................................................
. LaTeX info: "xparse/define-command"
. 
. Defining command \__siunitx_bookmark_numrange:w with sig. 'omm' on line
. 7341.
.................................................
.................................................
. LaTeX info: "xparse/define-command"
. 
. Defining command \__siunitx_bookmark_SI:w with sig. 'omom' on line 7343.
.................................................
.................................................
. LaTeX info: "xparse/define-command"
. 
. Defining command \__siunitx_bookmark_SIlist:w with sig. 'omm' on line 7345.
.................................................
.................................................
. LaTeX info: "xparse/define-command"
. 
. Defining command \__siunitx_bookmark_SIrange:w with sig. 'ommm' on line
. 7347.
.................................................
.................................................
. LaTeX info: "xparse/define-command"
. 
. Defining command \__siunitx_bookmark_si:w with sig. 'om' on line 7348.
.................................................
\g__file_internal_ior=\read1
(/usr/local/texlive/2015/texmf-dist/tex/latex/beamer/translator/translator.sty
Package: translator 2010/06/12 ver 1.10

(/usr/local/texlive/2015/texmf-dist/tex/latex/beamer/translator/translator-lang
uage-mappings.tex)))
(/usr/local/texlive/2015/texmf-dist/tex/latex/booktabs/booktabs.sty
Package: booktabs 2005/04/14 v1.61803 publication quality tables
\heavyrulewidth=\dimen176
\lightrulewidth=\dimen177
\cmidrulewidth=\dimen178
\belowrulesep=\dimen179
\belowbottomsep=\dimen180
\aboverulesep=\dimen181
\abovetopsep=\dimen182
\cmidrulesep=\dimen183
\cmidrulekern=\dimen184
\defaultaddspace=\dimen185
\@cmidla=\count152
\@cmidlb=\count153
\@aboverulesep=\dimen186
\@belowrulesep=\dimen187
\@thisruleclass=\count154
\@lastruleclass=\count155
\@thisrulewidth=\dimen188
)
(/usr/local/texlive/2015/texmf-dist/tex/latex/adjustbox/adjustbox.sty
Package: adjustbox 2012/05/21 v1.0 Adjusting TeX boxes (trim, clip, ...)

(/usr/local/texlive/2015/texmf-dist/tex/latex/xkeyval/xkeyval.sty
Package: xkeyval 2014/12/03 v2.7a package option processing (HA)

(/usr/local/texlive/2015/texmf-dist/tex/generic/xkeyval/xkeyval.tex
(/usr/local/texlive/2015/texmf-dist/tex/generic/xkeyval/xkvutils.tex
\XKV@toks=\toks23
\XKV@tempa@toks=\toks24
)
\XKV@depth=\count156
File: xkeyval.tex 2014/12/03 v2.7a key=value parser (HA)
))
(/usr/local/texlive/2015/texmf-dist/tex/latex/adjustbox/adjcalc.sty
Package: adjcalc 2012/05/16 v1.1 Provides advanced setlength with multiple back
-ends (calc, etex, pgfmath)
)
(/usr/local/texlive/2015/texmf-dist/tex/latex/adjustbox/trimclip.sty
Package: trimclip 2012/05/16 v1.0 Trim and clip general TeX material

(/usr/local/texlive/2015/texmf-dist/tex/latex/collectbox/collectbox.sty
Package: collectbox 2012/05/17 v0.4b Collect macro arguments as boxes
\collectedbox=\box51
)
\tc@llx=\dimen189
\tc@lly=\dimen190
\tc@urx=\dimen191
\tc@ury=\dimen192
Package trimclip Info: Using driver 'tc-pdftex.def'.

(/usr/local/texlive/2015/texmf-dist/tex/latex/adjustbox/tc-pdftex.def
File: tc-pdftex.def 2012/05/13 v1.0 Clipping driver for pdftex
))
\adjbox@Width=\dimen193
\adjbox@Height=\dimen194
\adjbox@Depth=\dimen195
\adjbox@Totalheight=\dimen196

(/usr/local/texlive/2015/texmf-dist/tex/latex/ifoddpage/ifoddpage.sty
Package: ifoddpage 2011/09/13 v1.0 Conditionals for odd/even page detection
\c@checkoddpage=\count157
)
(/usr/local/texlive/2015/texmf-dist/tex/latex/varwidth/varwidth.sty
Package: varwidth 2009/03/30 ver 0.92;  Variable-width minipages
\@vwid@box=\box52
\sift@deathcycles=\count158
\@vwid@loff=\dimen197
\@vwid@roff=\dimen198
))
(/usr/local/texlive/2015/texmf-dist/tex/latex/cleveref/cleveref.sty
Package: cleveref 2013/12/28 v0.19 Intelligent cross-referencing
)
(/usr/local/texlive/2015/texmf-dist/tex/latex/was/gensymb.sty
Package: gensymb 2003/07/02 v1.0 (WaS)
)
(/usr/local/texlive/2015/texmf-dist/tex/latex/float/float.sty
Package: float 2001/11/08 v1.3d Float enhancements (AL)
\c@float@type=\count159
\float@exts=\toks25
\float@box=\box53
\@float@everytoks=\toks26
\@floatcapt=\box54
) (./Outline.aux

LaTeX Warning: Label `fig:rz_layered' multiply defined.


LaTeX Warning: Label `fig:rz_layered@cref' multiply defined.


LaTeX Warning: Label `sub@fig:rz_layered' multiply defined.


LaTeX Warning: Label `sub@fig:rz_layered@cref' multiply defined.

)
\openout1 = `Outline.aux'.

LaTeX Font Info:    Checking defaults for OML/cmm/m/it on input line 17.
LaTeX Font Info:    ... okay on input line 17.
LaTeX Font Info:    Checking defaults for T1/cmr/m/n on input line 17.
LaTeX Font Info:    ... okay on input line 17.
LaTeX Font Info:    Checking defaults for OT1/cmr/m/n on input line 17.
LaTeX Font Info:    ... okay on input line 17.
LaTeX Font Info:    Checking defaults for OMS/cmsy/m/n on input line 17.
LaTeX Font Info:    ... okay on input line 17.
LaTeX Font Info:    Checking defaults for OMX/cmex/m/n on input line 17.
LaTeX Font Info:    ... okay on input line 17.
LaTeX Font Info:    Checking defaults for U/cmr/m/n on input line 17.
LaTeX Font Info:    ... okay on input line 17.
 (/usr/local/texlive/2015/texmf-dist/tex/context/base/supp-pdf.mkii
[Loading MPS to PDF converter (version 2006.09.02).]
\scratchcounter=\count160
\scratchdimen=\dimen199
\scratchbox=\box55
\nofMPsegments=\count161
\nofMParguments=\count162
\everyMPshowfont=\toks27
\MPscratchCnt=\count163
\MPscratchDim=\dimen200
\MPnumerator=\count164
\makeMPintoPDFobject=\count165
\everyMPtoPDFconversion=\toks28
) (/usr/local/texlive/2015/texmf-dist/tex/generic/oberdiek/pdftexcmds.sty
Package: pdftexcmds 2011/11/29 v0.20 Utility functions of pdfTeX for LuaTeX (HO
)

(/usr/local/texlive/2015/texmf-dist/tex/generic/oberdiek/ifluatex.sty
Package: ifluatex 2010/03/01 v1.3 Provides the ifluatex switch (HO)
Package ifluatex Info: LuaTeX not detected.
)
Package pdftexcmds Info: LuaTeX not detected.
Package pdftexcmds Info: \pdf@primitive is available.
Package pdftexcmds Info: \pdf@ifprimitive is available.
Package pdftexcmds Info: \pdfdraftmode found.
)
(/usr/local/texlive/2015/texmf-dist/tex/latex/oberdiek/epstopdf-base.sty
Package: epstopdf-base 2010/02/09 v2.5 Base part for package epstopdf

(/usr/local/texlive/2015/texmf-dist/tex/latex/oberdiek/grfext.sty
Package: grfext 2010/08/19 v1.1 Manage graphics extensions (HO)

(/usr/local/texlive/2015/texmf-dist/tex/generic/oberdiek/kvdefinekeys.sty
Package: kvdefinekeys 2011/04/07 v1.3 Define keys (HO)
))
(/usr/local/texlive/2015/texmf-dist/tex/latex/oberdiek/kvoptions.sty
Package: kvoptions 2011/06/30 v3.11 Key value format for package options (HO)

(/usr/local/texlive/2015/texmf-dist/tex/generic/oberdiek/kvsetkeys.sty
Package: kvsetkeys 2012/04/25 v1.16 Key value parser (HO)

(/usr/local/texlive/2015/texmf-dist/tex/generic/oberdiek/etexcmds.sty
Package: etexcmds 2011/02/16 v1.5 Avoid name clashes with e-TeX commands (HO)
Package etexcmds Info: Could not find \expanded.
(etexcmds)             That can mean that you are not using pdfTeX 1.50 or
(etexcmds)             that some package has redefined \expanded.
(etexcmds)             In the latter case, load this package earlier.
)))
Package grfext Info: Graphics extension search list:
(grfext)             [.png,.pdf,.jpg,.mps,.jpeg,.jbig2,.jb2,.PNG,.PDF,.JPG,.JPE
G,.JBIG2,.JB2,.eps]
(grfext)             \AppendGraphicsExtensions on input line 452.

(/usr/local/texlive/2015/texmf-dist/tex/latex/latexconfig/epstopdf-sys.cfg
File: epstopdf-sys.cfg 2010/07/13 v1.3 Configuration of (r)epstopdf for TeX Liv
e
))
Package caption Info: Begin \AtBeginDocument code.
Package caption Info: float package is loaded.
Package caption Info: End \AtBeginDocument code.

*geometry* driver: auto-detecting
*geometry* detected driver: pdftex
*geometry* verbose mode - [ preamble ] result:
* driver: pdftex
* paper: <default>
* layout: <same size as paper>
* layoutoffset:(h,v)=(0.0pt,0.0pt)
* modes: 
* h-part:(L,W,R)=(72.26999pt, 469.75502pt, 72.26999pt)
* v-part:(T,H,B)=(72.26999pt, 650.43001pt, 72.26999pt)
* \paperwidth=614.295pt
* \paperheight=794.96999pt
* \textwidth=469.75502pt
* \textheight=650.43001pt
* \oddsidemargin=0.0pt
* \evensidemargin=0.0pt
* \topmargin=-37.0pt
* \headheight=12.0pt
* \headsep=25.0pt
* \topskip=10.0pt
* \footskip=30.0pt
* \marginparwidth=65.0pt
* \marginparsep=11.0pt
* \columnsep=10.0pt
* \skip\footins=9.0pt plus 4.0pt minus 2.0pt
* \hoffset=0.0pt
* \voffset=0.0pt
* \mag=1000
* \@twocolumnfalse
* \@twosidefalse
* \@mparswitchfalse
* \@reversemarginfalse
* (1in=72.27pt=25.4mm, 1cm=28.453pt)


(/usr/local/texlive/2015/texmf-dist/tex/latex/beamer/translator/dicts/translato
r-basic-dictionary/translator-basic-dictionary-English.dict
Dictionary: translator-basic-dictionary, Language: English 
)
(/usr/local/texlive/2015/texmf-dist/tex/latex/siunitx/siunitx-abbreviations.cfg
File: siunitx-abbreviations.cfg 2015/01/21 v2.6e siunitx: Abbreviated units
)
LaTeX Info: Redefining \celsius on input line 17.
Package gensymb Info: Faking symbols for \degree and \celsius on input line 17.



Package gensymb Warning: Not defining \perthousand.

LaTeX Info: Redefining \ohm on input line 17.
Package gensymb Info: Using \Omega for \ohm on input line 17.

Package gensymb Warning: Not defining \micro.

\c__siunitx_mathsf_int=\count166
\c__siunitx_mathtt_int=\count167
LaTeX Font Info:    Try loading font information for OMS+cmr on input line 28.
(/usr/local/texlive/2015/texmf-dist/tex/latex/base/omscmr.fd
File: omscmr.fd 2014/09/29 v2.5h Standard LaTeX font definitions
)
LaTeX Font Info:    Font shape `OMS/cmr/m/n' in size <10> not available
(Font)              Font shape `OMS/cmsy/m/n' tried instead on input line 28.
 [1

{/usr/local/texlive/2015/texmf-var/fonts/map/pdftex/updmap/pdftex.map}]
<./figures/soft_confinement.png, id=13, 415.7934pt x 196.5744pt>
File: ./figures/soft_confinement.png Graphic file (type png)

<use ./figures/soft_confinement.png>
Package pdftex.def Info: ./figures/soft_confinement.png used on input line 125.

(pdftex.def)             Requested size: 469.75502pt x 222.09048pt.
 [2]
<./figures/nanopore_undetailed.jpg, id=17, 163.61125pt x 136.51pt>
File: ./figures/nanopore_undetailed.jpg Graphic file (type jpg)

<use ./figures/nanopore_undetailed.jpg>
Package pdftex.def Info: ./figures/nanopore_undetailed.jpg used on input line 1
76.
(pdftex.def)             Requested size: 211.38832pt x 176.37357pt.

<./figures/detailed_pore.png, id=18, 671.50874pt x 837.1275pt>
File: ./figures/detailed_pore.png Graphic file (type png)

<use ./figures/detailed_pore.png>
Package pdftex.def Info: ./figures/detailed_pore.png used on input line 181.
(pdftex.def)             Requested size: 211.38832pt x 263.51773pt.
 [3 <./figures/soft_confinement.png>] [4 <./figures/nanopore_undetailed.jpg> <.
/figures/detailed_pore.png>] [5]
<./figures/build.PNG, id=31, 528.17325pt x 486.91913pt>
File: ./figures/build.PNG Graphic file (type png)

<use ./figures/build.PNG>
Package pdftex.def Info: ./figures/build.PNG used on input line 396.
(pdftex.def)             Requested size: 352.31625pt x 324.80016pt.
 [6] [7 <./figures/build.PNG>]
<./figures/SAXS.png, id=41, 341.275pt x 457.71pt>
File: ./figures/SAXS.png Graphic file (type png)
 <use ./figures/SAXS.png>
Package pdftex.def Info: ./figures/SAXS.png used on input line 463.
(pdftex.def)             Requested size: 201.99121pt x 270.91258pt.

<./figures/WAXS_annotated.png, id=42, 1248.665pt x 1074.0125pt>
File: ./figures/WAXS_annotated.png Graphic file (type png)

<use ./figures/WAXS_annotated.png>
Package pdftex.def Info: ./figures/WAXS_annotated.png used on input line 470.
(pdftex.def)             Requested size: 220.78543pt x 189.8888pt.

Overfull \hbox (3.33333pt too wide) in paragraph at lines 468--471
 [][] 
 []

[8 <./figures/SAXS.png> <./figures/WAXS_annotated.png>]
<./figures/pore_radius_illustration.png, id=50, 307.1475pt x 397.485pt>
File: ./figures/pore_radius_illustration.png Graphic file (type png)

<use ./figures/pore_radius_illustration.png>
Package pdftex.def Info: ./figures/pore_radius_illustration.png used on input l
ine 576.
(pdftex.def)             Requested size: 469.75502pt x 607.95598pt.
 [9] [10 <./figures/pore_radius_illustration.png>] <./figures/sandwiched.png, i
d=58, 2371.86125pt x 2371.86125pt>
File: ./figures/sandwiched.png Graphic file (type png)

<use ./figures/sandwiched.png>
Package pdftex.def Info: ./figures/sandwiched.png used on input line 716.
(pdftex.def)             Requested size: 150.32504pt x 150.30388pt.

<./figures/PD.png, id=59, 2300.595pt x 2301.59875pt>
File: ./figures/PD.png Graphic file (type png)
 <use ./figures/PD.png>
Package pdftex.def Info: ./figures/PD.png used on input line 721.
(pdftex.def)             Requested size: 150.32504pt x 150.38179pt.

<./figures/Tshaped.png, id=60, 2338.7375pt x 2338.7375pt>
File: ./figures/Tshaped.png Graphic file (type png)

<use ./figures/Tshaped.png>
Package pdftex.def Info: ./figures/Tshaped.png used on input line 726.
(pdftex.def)             Requested size: 150.32504pt x 150.31033pt.

<./figures/sandwichedlayers.png, id=61, 3151.775pt x 3151.775pt>
File: ./figures/sandwichedlayers.png Graphic file (type png)

<use ./figures/sandwichedlayers.png>
Package pdftex.def Info: ./figures/sandwichedlayers.png used on input line 732.

(pdftex.def)             Requested size: 223.13649pt x 223.09949pt.

<./figures/offsetlayers.png, id=62, 3113.6325pt x 3112.62875pt>
File: ./figures/offsetlayers.png Graphic file (type png)

<use ./figures/offsetlayers.png>
Package pdftex.def Info: ./figures/offsetlayers.png used on input line 737.
(pdftex.def)             Requested size: 223.13649pt x 223.03572pt.
 [11] [12 <./figures/sandwiched.png> <./figures/PD.png> <./figures/Tshaped.png>
 <./figures/sandwichedlayers.png> <./figures/offsetlayers.png>] [13]
<./figures/zdf5layered.png, id=73, 462.528pt x 346.896pt>
File: ./figures/zdf5layered.png Graphic file (type png)

<use ./figures/zdf5layered.png>
Package pdftex.def Info: ./figures/zdf5layered.png used on input line 925.
(pdftex.def)             Requested size: 211.38832pt x 158.54192pt.

<./figures/zdf5offset.png, id=74, 590.205pt x 430.60875pt>
File: ./figures/zdf5offset.png Graphic file (type png)

<use ./figures/zdf5offset.png>
Package pdftex.def Info: ./figures/zdf5offset.png used on input line 930.
(pdftex.def)             Requested size: 211.38832pt x 154.22398pt.
 <./figures/p2p.png, id=75, 722.7pt x 361.35pt>
File: ./figures/p2p.png Graphic file (type png)

<use ./figures/p2p.png>
Package pdftex.def Info: ./figures/p2p.png used on input line 947.
(pdftex.def)             Requested size: 234.8775pt x 117.43735pt.


LaTeX Warning: Reference `fig:XRDsim' on page 14 undefined on input line 1193.

[14] [15 <./figures/zdf5layered.png> <./figures/zdf5offset.png> <./figures/p2p.
png>] <./figures/layered_rzplot.png, id=85, 1368.11125pt x 1367.1075pt>
File: ./figures/layered_rzplot.png Graphic file (type png)

<use ./figures/layered_rzplot.png>
Package pdftex.def Info: ./figures/layered_rzplot.png used on input line 1312.
(pdftex.def)             Requested size: 143.46538pt x 143.35234pt.

Overfull \hbox (2.53745pt too wide) in paragraph at lines 1312--1313
 [][] 
 []

<./figures/WAXS_raw.png, id=86, 1439.3775pt x 1406.25375pt>
File: ./figures/WAXS_raw.png Graphic file (type png)

<use ./figures/WAXS_raw.png>
Package pdftex.def Info: ./figures/WAXS_raw.png used on input line 1318.
(pdftex.def)             Requested size: 142.05734pt x 138.78825pt.

Overfull \hbox (1.12941pt too wide) in paragraph at lines 1318--1319
 [][] 
 []

<./figures/offset_rzplot.png, id=87, 1347.0325pt x 1347.0325pt>
File: ./figures/offset_rzplot.png Graphic file (type png)

<use ./figures/offset_rzplot.png>
Package pdftex.def Info: ./figures/offset_rzplot.png used on input line 1323.
(pdftex.def)             Requested size: 140.92793pt x 140.91846pt.

<./figures/colorbar_jet.png, id=88, 243.91125pt x 1188.44pt>
File: ./figures/colorbar_jet.png Graphic file (type png)

<use ./figures/colorbar_jet.png>
Package pdftex.def Info: ./figures/colorbar_jet.png used on input line 1329.
(pdftex.def)             Requested size: 25.55353pt x 124.49066pt.


LaTeX Warning: Reference `fig:centroids' on page 16 undefined on input line 135
1.

<./figures/tilt_dist.png, id=89, 462.528pt x 346.896pt>
File: ./figures/tilt_dist.png Graphic file (type png)

<use ./figures/tilt_dist.png>
Package pdftex.def Info: ./figures/tilt_dist.png used on input line 1357.
(pdftex.def)             Requested size: 234.8775pt x 176.15768pt.


LaTeX Warning: Reference `fig:layered_tails' on page 16 undefined on input line
 1365.

[16 <./figures/layered_rzplot.png> <./figures/WAXS_raw.png> <./figures/offset_r
zplot.png> <./figures/colorbar_jet.png>]
<./figures/tails_topview.png, id=97, 3852.3925pt x 2813.51125pt>
File: ./figures/tails_topview.png Graphic file (type png)

<use ./figures/tails_topview.png>
Package pdftex.def Info: ./figures/tails_topview.png used on input line 1382.
(pdftex.def)             Requested size: 211.38832pt x 154.37868pt.

<./figures/tails_rzplot.png, id=98, 462.528pt x 346.896pt>
File: ./figures/tails_rzplot.png Graphic file (type png)

<use ./figures/tails_rzplot.png>
Package pdftex.def Info: ./figures/tails_rzplot.png used on input line 1387.
(pdftex.def)             Requested size: 211.38832pt x 158.54192pt.

<./figures/offset_tail_packing.png, id=99, 462.528pt x 346.896pt>
File: ./figures/offset_tail_packing.png Graphic file (type png)

<use ./figures/offset_tail_packing.png>
Package pdftex.def Info: ./figures/offset_tail_packing.png used on input line 1
403.
(pdftex.def)             Requested size: 211.38832pt x 158.54192pt.

<./figures/offset_angle_v_I.png, id=100, 462.528pt x 346.896pt>
File: ./figures/offset_angle_v_I.png Graphic file (type png)

<use ./figures/offset_angle_v_I.png>
Package pdftex.def Info: ./figures/offset_angle_v_I.png used on input line 1408
.
(pdftex.def)             Requested size: 211.38832pt x 158.54192pt.

<./figures/angles_traj_layered.png, id=101, 462.528pt x 346.896pt>
File: ./figures/angles_traj_layered.png Graphic file (type png)

<use ./figures/angles_traj_layered.png>
Package pdftex.def Info: ./figures/angles_traj_layered.png used on input line 1
416.
(pdftex.def)             Requested size: 211.38832pt x 158.54192pt.

<./figures/layered_angle_v_I.png, id=102, 462.528pt x 346.896pt>
File: ./figures/layered_angle_v_I.png Graphic file (type png)

<use ./figures/layered_angle_v_I.png>
Package pdftex.def Info: ./figures/layered_angle_v_I.png used on input line 142
1.
(pdftex.def)             Requested size: 211.38832pt x 158.54192pt.


Package caption Warning: \label without proper \caption on input line 1452.
See the caption package documentation for explanation.


LaTeX Warning: Reference `fig:solvation' on page 17 undefined on input line 143
9.

<./figures/solvation.png, id=103, 794.97pt x 614.295pt>
File: ./figures/solvation.png Graphic file (type png)

<use ./figures/solvation.png>
Package pdftex.def Info: ./figures/solvation.png used on input line 1450.
(pdftex.def)             Requested size: 469.75502pt x 363.00267pt.
 [17 <./figures/tilt_dist.png> <./figures/tails_topview.png> <./figures/tails_r
zplot.png>] [18 <./figures/offset_tail_packing.png> <./figures/offset_angle_v_I
.png> <./figures/angles_traj_layered.png> <./figures/layered_angle_v_I.png>] [1
9 <./figures/solvation.png>]

Package caption Warning: \label without proper \caption on input line 1452.
See the caption package documentation for explanation.


LaTeX Warning: Reference `fig:solvation' on page 20 undefined on input line 145
7.

LaTeX Font Info:    Try loading font information for TS1+cmr on input line 1686
.
(/usr/local/texlive/2015/texmf-dist/tex/latex/base/ts1cmr.fd
File: ts1cmr.fd 2014/09/29 v2.5h Standard LaTeX font definitions
)
<./figures/2D-SAXS_cropped.png, id=122, 735.74875pt x 734.745pt>
File: ./figures/2D-SAXS_cropped.png Graphic file (type png)

<use ./figures/2D-SAXS_cropped.png>
Package pdftex.def Info: ./figures/2D-SAXS_cropped.png used on input line 1702.

(pdftex.def)             Requested size: 234.8775pt x 234.55142pt.

<./figures/IC_offset.png, id=123, 462.528pt x 346.896pt>
File: ./figures/IC_offset.png Graphic file (type png)

<use ./figures/IC_offset.png>
Package pdftex.def Info: ./figures/IC_offset.png used on input line 1715.
(pdftex.def)             Requested size: 234.8775pt x 176.15768pt.
 [20] [21 <./figures/2D-SAXS_cropped.png> <./figures/IC_offset.png>] <./figures
/rzplot_xlink.png, id=132, 462.528pt x 346.896pt>
File: ./figures/rzplot_xlink.png Graphic file (type png)

<use ./figures/rzplot_xlink.png>
Package pdftex.def Info: ./figures/rzplot_xlink.png used on input line 1787.
(pdftex.def)             Requested size: 211.38832pt x 158.54192pt.

<./figures/ic_xlink.png, id=133, 462.528pt x 346.896pt>
File: ./figures/ic_xlink.png Graphic file (type png)

<use ./figures/ic_xlink.png>
Package pdftex.def Info: ./figures/ic_xlink.png used on input line 1792.
(pdftex.def)             Requested size: 211.38832pt x 158.54192pt.
 [22 <./figures/rzplot_xlink.png> <./figures/ic_xlink.png>] [23] (./Outline.bbl
Missing character: There is no â in font cmr10!
Missing character: There is no € in font cmr10!
Missing character: There is no ™ in font cmr10!
Missing character: There is no â in font cmr10!
Missing character: There is no € in font cmr10!
Missing character: There is no ” in font cmr10!

Underfull \hbox (badness 2495) in paragraph at lines 81--85
[]\OT1/cmr/m/n/10 R. Re-sel, U. Theissl, C. Ga-der-maier, E. Zo-jer, M. Kriech-
baum, H. Amenitsch, D. Gin,
 []

Missing character: There is no Ã in font cmr10!
Missing character: There is no ¸ in font cmr10!
[24

]
Missing character: There is no Ï in font cmr10!
Missing character: There is no € in font cmr10!
Missing character: There is no Ï in font cmr10!
Missing character: There is no € in font cmr10!
Missing character: There is no â in font cmr10!
Missing character: There is no ˆ in font cmr10!
Missing character: There is no ’ in font cmr10!
Missing character: There is no Ï in font cmr10!
Missing character: There is no € in font cmr10!
Missing character: There is no â in font cmr10!
Missing character: There is no € in font cmr10!
Missing character: There is no ‰ in font cmr10!
Missing character: There is no Ï in font cmr10!
Missing character: There is no € in font cmr10!
Missing character: There is no Ï in font cmr10!
Missing character: There is no € in font cmr10!
Missing character: There is no â in font cmr10!
Missing character: There is no € in font cmr10!
Missing character: There is no “ in font cmr10!
Missing character: There is no Ï in font cmr10!
Missing character: There is no € in font cmr10!
Missing character: There is no â in font cmti10!
Missing character: There is no € in font cmti10!
Missing character: There is no “ in font cmti10!
Missing character: There is no â in font cmr10!
Missing character: There is no € in font cmr10!
Missing character: There is no ‰ in font cmr10!
Missing character: There is no Ã in font cmr10!
Missing character: There is no ­ in font cmr10!
Missing character: There is no Ã in font cmr10!
Missing character: There is no ­ in font cmr10!
) [25] (./Outline.aux)

LaTeX Warning: There were undefined references.


LaTeX Warning: There were multiply-defined labels.

 ) 
Here is how much of TeX's memory you used:
 14980 strings out of 493089
 311319 string characters out of 6134842
 333621 words of memory out of 5000000
 18286 multiletter control sequences out of 15000+600000
 13502 words of font info for 50 fonts, out of 8000000 for 9000
 1141 hyphenation exceptions out of 8191
 42i,9n,75p,10395b,818s stack positions out of 5000i,500n,10000p,200000b,80000s
{/usr/local/texlive/2015/texmf-dist/fonts/enc/dvips/cm-super/cm-super-ts1.enc
}</usr/local/texlive/2015/texmf-dist/fonts/type1/public/amsfonts/cm/cmbx10.pfb>
</usr/local/texlive/2015/texmf-dist/fonts/type1/public/amsfonts/cm/cmbx12.pfb><
/usr/local/texlive/2015/texmf-dist/fonts/type1/public/amsfonts/cm/cmmi10.pfb></
usr/local/texlive/2015/texmf-dist/fonts/type1/public/amsfonts/cm/cmmi7.pfb></us
r/local/texlive/2015/texmf-dist/fonts/type1/public/amsfonts/cm/cmr10.pfb></usr/
local/texlive/2015/texmf-dist/fonts/type1/public/amsfonts/cm/cmr12.pfb></usr/lo
cal/texlive/2015/texmf-dist/fonts/type1/public/amsfonts/cm/cmr17.pfb></usr/loca
l/texlive/2015/texmf-dist/fonts/type1/public/amsfonts/cm/cmr7.pfb></usr/local/t
exlive/2015/texmf-dist/fonts/type1/public/amsfonts/cm/cmr9.pfb></usr/local/texl
ive/2015/texmf-dist/fonts/type1/public/amsfonts/cm/cmsy10.pfb></usr/local/texli
ve/2015/texmf-dist/fonts/type1/public/amsfonts/cm/cmsy7.pfb></usr/local/texlive
/2015/texmf-dist/fonts/type1/public/amsfonts/cm/cmti10.pfb></usr/local/texlive/
2015/texmf-dist/fonts/type1/public/cm-super/sfrm1000.pfb>
Output written on Outline.pdf (25 pages, 15301930 bytes).
PDF statistics:
 192 PDF objects out of 1000 (max. 8388607)
 98 compressed objects within 1 object stream
 0 named destinations out of 1000 (max. 500000)
 156 words of extra memory for PDF output out of 10000 (max. 10000000)

