            --------------------------------------------------------
                             AMBER SQM VERSION 14
 
                                     By
              Ross C. Walker, Michael F. Crowley, Scott Brozell,
                         Tim Giese, Andreas W. Goetz,
                        Tai-Sung Lee and David A. Case
 
            --------------------------------------------------------
 

--------------------------------------------------------------------------------
  QM CALCULATION INFO
--------------------------------------------------------------------------------

| QMMM: Citation for AMBER QMMM Run:
| QMMM: R.C. Walker, M.F. Crowley and D.A. Case, J. COMP. CHEM. 29:1019, 2008

QMMM: SINGLET STATE CALCULATION
QMMM: RHF CALCULATION, NO. OF DOUBLY OCCUPIED LEVELS = 19

| QMMM: *** Selected Hamiltonian *** 
| QMMM: AM1         

| QMMM: *** Parameter sets in use ***
| QMMM: C : M.J.S.DEWAR et al. JACS, 107, 3902, (1985)
| QMMM: O : M.J.S.DEWAR et al. JACS, 107, 3902, (1985)
| QMMM: H : M.J.S.DEWAR et al. JACS, 107, 3902, (1985)

| QMMM: *** SCF convergence criteria ***
| QMMM: Energy change                :  0.1D-09 kcal/mol
| QMMM: Error matrix |FP-PF|         :  0.1D+00 au
| QMMM: Density matrix change        :  0.5D-06
| QMMM: Maximum number of SCF cycles :     1000

| QMMM: *** Diagonalization Routine Information ***
| QMMM: Pseudo diagonalizations are allowed.
| QMMM: Auto diagonalization routine selection is in use.
| QMMM:
| QMMM: Timing diagonalization routines:
| QMMM:                              norbs =       32
| QMMM:    diag iterations used for timing =       20
| QMMM:
| QMMM:              Internal diag routine = 0.003125 seconds
| QMMM:                 Dspev diag routine = 0.006693 seconds
| QMMM:                Dspevd diag routine = 0.004217 seconds
| QMMM:                Dspevx diag routine = 0.043129 seconds
| QMMM:                 Dsyev diag routine = 0.005597 seconds
| QMMM:                Dsyevd diag routine = 0.004227 seconds
| QMMM:                Dsyevr diag routine = 0.022739 seconds
| QMMM:
| QMMM:                Pseudo diag routine = 0.000910 seconds
| QMMM:
| QMMM: Using internal diagonalization routine (diag_routine=1).

  QMMM: QM Region Cartesian Coordinates (*=link atom) 
  QMMM: QM_NO.   MM_NO.  ATOM         X         Y         Z
  QMMM:     1        1      C        1.4460   -3.7000    0.0530
  QMMM:     2        2      C        2.0860   -2.3680    0.5110
  QMMM:     3        3      C        1.0590   -1.2120    0.5980
  QMMM:     4        4      O        3.1250   -2.0150   -0.4000
  QMMM:     5        5      O        0.4340   -4.1270    0.9600
  QMMM:     6        6      O        1.6700   -0.0090    1.0510
  QMMM:     7        7      H        0.9210   -3.5130   -0.8840
  QMMM:     8        8      H        2.2120   -4.4730    0.1040
  QMMM:     9        9      H        2.5620   -2.5020    1.4830
  QMMM:    10       10      H        0.7210   -0.9890   -0.4140
  QMMM:    11       11      H        0.3350   -1.4660    1.3720
  QMMM:    12       12      H        3.9060   -1.7500    0.0910
  QMMM:    13       13      H        0.7380   -3.9990    1.8610
  QMMM:    14       14      H        1.6770    0.0050    2.0110

--------------------------------------------------------------------------------
  RESULTS
--------------------------------------------------------------------------------

      iter         sqm energy              rms gradient
      ----    -------------------    -----------------------
xmin    10     -161.0533 kcal/mol        0.9956 kcal/(mol*A)
xmin    20     -161.6680 kcal/mol        0.6465 kcal/(mol*A)
xmin    30     -161.7531 kcal/mol        0.2094 kcal/(mol*A)
xmin    40     -161.7931 kcal/mol        0.3434 kcal/(mol*A)
xmin    50     -161.8096 kcal/mol        0.0873 kcal/(mol*A)
xmin    60     -161.8152 kcal/mol        0.0981 kcal/(mol*A)
xmin    70     -161.8218 kcal/mol        0.1801 kcal/(mol*A)
xmin    80     -161.8255 kcal/mol        0.0816 kcal/(mol*A)
xmin    90     -161.8287 kcal/mol        0.0719 kcal/(mol*A)
xmin   100     -161.8313 kcal/mol        0.0652 kcal/(mol*A)
xmin   110     -161.8336 kcal/mol        0.0936 kcal/(mol*A)
xmin   120     -161.8359 kcal/mol        0.0984 kcal/(mol*A)
xmin   130     -161.8372 kcal/mol        0.0348 kcal/(mol*A)
xmin   140     -161.8385 kcal/mol        0.0159 kcal/(mol*A)
xmin   150     -161.8401 kcal/mol        0.0561 kcal/(mol*A)
xmin   160     -161.8426 kcal/mol        0.0724 kcal/(mol*A)
xmin   170     -161.8447 kcal/mol        0.1229 kcal/(mol*A)
xmin   180     -161.8467 kcal/mol        0.0582 kcal/(mol*A)
xmin   190     -161.8508 kcal/mol        0.1779 kcal/(mol*A)
xmin   200     -161.8552 kcal/mol        0.1029 kcal/(mol*A)
xmin   210     -161.8605 kcal/mol        0.2560 kcal/(mol*A)
xmin   220     -161.8660 kcal/mol        0.1978 kcal/(mol*A)
xmin   230     -161.8750 kcal/mol        0.2482 kcal/(mol*A)
xmin   240     -161.8970 kcal/mol        0.2257 kcal/(mol*A)
xmin   250     -161.9437 kcal/mol        0.2176 kcal/(mol*A)
xmin   260     -161.9931 kcal/mol        0.1190 kcal/(mol*A)
xmin   270     -162.0641 kcal/mol        0.1652 kcal/(mol*A)
xmin   280     -162.1906 kcal/mol        0.2031 kcal/(mol*A)
xmin   290     -162.6263 kcal/mol        1.4672 kcal/(mol*A)
xmin   300     -163.0333 kcal/mol        0.7096 kcal/(mol*A)
xmin   310     -163.1618 kcal/mol        0.5266 kcal/(mol*A)
xmin   320     -163.2150 kcal/mol        0.0889 kcal/(mol*A)
xmin   330     -163.2392 kcal/mol        0.1167 kcal/(mol*A)
xmin   340     -163.2470 kcal/mol        0.0214 kcal/(mol*A)
xmin   350     -163.2487 kcal/mol        0.0142 kcal/(mol*A)
xmin   360     -163.2489 kcal/mol        0.0101 kcal/(mol*A)
xmin   370     -163.2490 kcal/mol        0.0402 kcal/(mol*A)
xmin   380     -163.2490 kcal/mol        0.0008 kcal/(mol*A)
xmin   390     -163.2490 kcal/mol        0.0007 kcal/(mol*A)
xmin   390     -163.2490 kcal/mol        0.0004 kcal/(mol*A)
  ... geometry converged !
 
 Final MO eigenvalues (eV):
 -40.1682  -38.0074  -36.6342  -31.2822  -26.2677  -22.7617  -19.3466  -18.4676
 -17.6074  -16.7698  -16.1788  -15.2233  -14.8292  -13.9286  -13.3251  -12.5000
 -11.9904  -11.1493  -10.9788    2.9769    3.1101    3.2465    3.4899    3.6957
   3.7589    3.9723    4.1879    4.4824    4.5571    5.7156    6.0535    6.3568


 Heat of formation   =       -163.24900869 kcal/mol  (       -7.07900823 eV)

 Total SCF energy    =     -33601.02820152 kcal/mol  (    -1457.04991984 eV)
 Electronic energy   =    -117050.82517391 kcal/mol  (    -5075.70466042 eV)
 Core-core repulsion =      83449.79697238 kcal/mol  (     3618.65474057 eV)
 
    Atomic Charges for Step       1 :
  Atom    Element       Mulliken Charge
     1      C                 -0.012
     2      C                 -0.050
     3      C                 -0.060
     4      O                 -0.337
     5      O                 -0.324
     6      O                 -0.326
     7      H                  0.105
     8      H                  0.077
     9      H                  0.087
    10      H                  0.121
    11      H                  0.080
    12      H                  0.221
    13      H                  0.217
    14      H                  0.201
 Total Mulliken Charge =      -0.000
 
                  X        Y        Z     TOTAL  
  QM DIPOLE    -0.881    1.594    0.116    1.825
 
 Final Structure

  QMMM: QM Region Cartesian Coordinates (*=link atom) 
  QMMM: QM_NO.   MM_NO.  ATOM         X         Y         Z
  QMMM:     1        1      C        1.0285   -3.5724    0.3296
  QMMM:     2        2      C        1.7380   -2.3460    0.9094
  QMMM:     3        3      C        1.3446   -1.0780    0.1506
  QMMM:     4        4      O        3.1316   -2.6000    0.8032
  QMMM:     5        5      O        1.2897   -4.7239    1.1009
  QMMM:     6        6      O        2.0991    0.0245    0.6150
  QMMM:     7        7      H       -0.0835   -3.4322    0.3762
  QMMM:     8        8      H        1.3544   -3.7329   -0.7323
  QMMM:     9        9      H        1.4810   -2.2366    2.0014
  QMMM:    10       10      H        1.6155   -1.1669   -0.9359
  QMMM:    11       11      H        0.2455   -0.8878    0.2562
  QMMM:    12       12      H        3.5818   -1.7463    0.8658
  QMMM:    13       13      H        2.2501   -4.8272    1.1381
  QMMM:    14       14      H        1.8157    0.2077    1.5190

           --------- Calculation Completed ----------

